【登录信息】
*dd8a2566a5b65de4395b4ad601c24b63*
`登陆天数: 39天 / 1671天
等级: 129
石头: 1589
呼符: 0
体力: 22291.373333333333 / 138
友情点: 0 / 1360435`
*連続ログイン4日目
※ログインが途切れるか、7日到達すると
1日目から再開されます*
`聖晶石 X 1
8月交換券(2024) X 1
`*ＢＢプレゼンツ☆セレブサマー・エクスペリエンス！ 開幕記念 ログインボーナス*
*開催期間中、1日1回 最大78回 ログインボーナスをプレゼント！*
`白銀の果実 X 1
`_2024-08-17 19:33:42_
--------
*4b5176d7fc3bc906431fdca39588da94*
`登陆天数: 39天 / 1688天
等级: 129
石头: 2999
呼符: 0
体力: 21823.306666666667 / 138
友情点: 0 / 1376690`
*連続ログイン4日目
※ログインが途切れるか、7日到達すると
1日目から再開されます*
`聖晶石 X 1
8月交換券(2024) X 1
`*ＢＢプレゼンツ☆セレブサマー・エクスペリエンス！ 開幕記念 ログインボーナス*
*開催期間中、1日1回 最大78回 ログインボーナスをプレゼント！*
`白銀の果実 X 1
`_2024-08-17 19:33:50_
--------
*6d5ca542919ff7bd8aa39f1c722c144e*
`登陆天数: 2天 / 1623天
等级: 129
石头: 3018
呼符: 0
体力: 19219.046666666665 / 138
友情点: 0 / 1267595`
*連続ログイン2日目
※ログインが途切れるか、7日到達すると
1日目から再開されます*
`聖晶石 X 1
8月交換券(2024) X 1
`*ＢＢプレゼンツ☆セレブサマー・エクスペリエンス！ 開幕記念 ログインボーナス*
*開催期間中、1日1回 最大78回 ログインボーナスをプレゼント！*
`白銀の果実 X 1
`_2024-08-17 19:33:59_
--------
