【登录信息】
*dd8a2566a5b65de4395b4ad601c24b63*
`登陆天数: 40天 / 1672天
等级: 129
石头: 1241
呼符: 1
体力: 48.89333333333333 / 138
友情点: 0 / 1362125`
*連続ログイン5日目
※ログインが途切れるか、7日到達すると
1日目から再開されます*
`叡智の業火 X 2
8月交換券(2024) X 1
`*ＢＢプレゼンツ☆セレブサマー・エクスペリエンス！ 開幕記念 ログインボーナス*
*開催期間中、1日1回 最大78回 ログインボーナスをプレゼント！*
`白銀の果実 X 1
`_2024-08-18 19:32:59_
--------
*4b5176d7fc3bc906431fdca39588da94*
`登陆天数: 40天 / 1689天
等级: 129
石头: 2999
呼符: 0
体力: 22111.163333333334 / 138
友情点: 0 / 1376690`
*連続ログイン5日目
※ログインが途切れるか、7日到達すると
1日目から再開されます*
`叡智の業火 X 2
8月交換券(2024) X 1
`*ＢＢプレゼンツ☆セレブサマー・エクスペリエンス！ 開幕記念 ログインボーナス*
*開催期間中、1日1回 最大78回 ログインボーナスをプレゼント！*
`白銀の果実 X 1
`_2024-08-18 19:33:07_
--------
*6d5ca542919ff7bd8aa39f1c722c144e*
`登陆天数: 3天 / 1624天
等级: 129
石头: 3018
呼符: 0
体力: 19506.9 / 138
友情点: 0 / 1267595`
*連続ログイン3日目
※ログインが途切れるか、7日到達すると
1日目から再開されます*
`叡智の業火 X 1
8月交換券(2024) X 1
`*ＢＢプレゼンツ☆セレブサマー・エクスペリエンス！ 開幕記念 ログインボーナス*
*開催期間中、1日1回 最大78回 ログインボーナスをプレゼント！*
`白銀の果実 X 1
`_2024-08-18 19:33:15_
--------
*1abe952f3d6bd604edb9f7f4a463035b*
`登陆天数: 40天 / 1671天
等级: 129
石头: 2586
呼符: 0
体力: 23938.963333333333 / 138
友情点: 0 / 1377645`
*連続ログイン5日目
※ログインが途切れるか、7日到達すると
1日目から再開されます*
`叡智の業火 X 2
8月交換券(2024) X 1
`*ＢＢプレゼンツ☆セレブサマー・エクスペリエンス！ 開幕記念 ログインボーナス*
*開催期間中、1日1回 最大78回 ログインボーナスをプレゼント！*
`白銀の果実 X 1
`_2024-08-18 19:33:24_
--------
*1a902f4ba35e832fe58830625e6b0b6b*
`登陆天数: 40天 / 1650天
等级: 129
石头: 1650
呼符: 0
体力: 22223.36 / 138
友情点: 0 / 1372235`
*連続ログイン5日目
※ログインが途切れるか、7日到達すると
1日目から再開されます*
`叡智の業火 X 2
8月交換券(2024) X 1
`*ＢＢプレゼンツ☆セレブサマー・エクスペリエンス！ 開幕記念 ログインボーナス*
*開催期間中、1日1回 最大78回 ログインボーナスをプレゼント！*
`白銀の果実 X 1
`_2024-08-18 19:33:32_
--------
*db5310d98f17767619701f01b70a1e40*
`登陆天数: 40天 / 1601天
等级: 129
石头: 2490
呼符: 0
体力: 22485.2 / 138
友情点: 0 / 1246995`
*連続ログイン5日目
※ログインが途切れるか、7日到達すると
1日目から再開されます*
`叡智の業火 X 2
8月交換券(2024) X 1
`*ＢＢプレゼンツ☆セレブサマー・エクスペリエンス！ 開幕記念 ログインボーナス*
*開催期間中、1日1回 最大78回 ログインボーナスをプレゼント！*
`白銀の果実 X 1
`_2024-08-18 19:33:40_
--------
*85858777c7c06124b856aad27f70eca9*
`登陆天数: 40天 / 1647天
等级: 129
石头: 1800
呼符: 0
体力: 23872.456666666665 / 138
友情点: 0 / 1367715`
*連続ログイン5日目
※ログインが途切れるか、7日到達すると
1日目から再開されます*
`叡智の業火 X 2
8月交換券(2024) X 1
`*ＢＢプレゼンツ☆セレブサマー・エクスペリエンス！ 開幕記念 ログインボーナス*
*開催期間中、1日1回 最大78回 ログインボーナスをプレゼント！*
`白銀の果実 X 1
`_2024-08-18 19:33:49_
--------
*1da1212b135b434f5e326def19d5e428*
`登陆天数: 40天 / 1644天
等级: 129
石头: 1530
呼符: 0
体力: 23889.65 / 138
友情点: 0 / 1380420`
*連続ログイン5日目
※ログインが途切れるか、7日到達すると
1日目から再開されます*
`叡智の業火 X 2
8月交換券(2024) X 1
`*ＢＢプレゼンツ☆セレブサマー・エクスペリエンス！ 開幕記念 ログインボーナス*
*開催期間中、1日1回 最大78回 ログインボーナスをプレゼント！*
`白銀の果実 X 1
`_2024-08-18 19:33:58_
--------
*1a902bbc5519643f0e050c677ea7fe62*
`登陆天数: 40天 / 1672天
等级: 129
石头: 1082
呼符: 0
体力: 22539.806666666667 / 138
友情点: 0 / 1390190`
*連続ログイン5日目
※ログインが途切れるか、7日到達すると
1日目から再開されます*
`叡智の業火 X 2
8月交換券(2024) X 1
`*ＢＢプレゼンツ☆セレブサマー・エクスペリエンス！ 開幕記念 ログインボーナス*
*開催期間中、1日1回 最大78回 ログインボーナスをプレゼント！*
`白銀の果実 X 1
`_2024-08-18 19:34:07_
--------
*9b7822cdfd2b8e6edd1188d60e373805*
`登陆天数: 40天 / 1664天
等级: 129
石头: 2024
呼符: 0
体力: 22246.396666666667 / 138
友情点: 0 / 1376445`
*連続ログイン5日目
※ログインが途切れるか、7日到達すると
1日目から再開されます*
`叡智の業火 X 2
8月交換券(2024) X 1
`*ＢＢプレゼンツ☆セレブサマー・エクスペリエンス！ 開幕記念 ログインボーナス*
*開催期間中、1日1回 最大78回 ログインボーナスをプレゼント！*
`白銀の果実 X 1
`_2024-08-18 19:34:15_
--------
*5de9e66b5ba9da9f403829f3cc4619cf*
`登陆天数: 40天 / 1640天
等级: 129
石头: 3002
呼符: 0
体力: 22207.306666666667 / 138
友情点: 0 / 1363310`
*連続ログイン5日目
※ログインが途切れるか、7日到達すると
1日目から再開されます*
`叡智の業火 X 2
8月交換券(2024) X 1
`*ＢＢプレゼンツ☆セレブサマー・エクスペリエンス！ 開幕記念 ログインボーナス*
*開催期間中、1日1回 最大78回 ログインボーナスをプレゼント！*
`白銀の果実 X 1
`_2024-08-18 19:34:23_
--------
