【登录信息】
*dd8a2566a5b65de4395b4ad601c24b63*
`登陆天数: 41天 / 1673天
等级: 129
石头: 1243
呼符: 1
体力: 168.34333333333333 / 138
友情点: 0 / 1362545`
*連続ログイン6日目
※ログインが途切れるか、7日到達すると
1日目から再開されます*
`聖晶石 X 2
8月交換券(2024) X 1
`*ＢＢプレゼンツ☆セレブサマー・エクスペリエンス！ 開幕記念 ログインボーナス*
*開催期間中、1日1回 最大78回 ログインボーナスをプレゼント！*
`白銀の果実 X 1
`_2024-08-19 19:37:24_
--------
*4b5176d7fc3bc906431fdca39588da94*
`登陆天数: 41天 / 1690天
等级: 129
石头: 2999
呼符: 0
体力: 22400.046666666665 / 138
友情点: 0 / 1376690`
*連続ログイン6日目
※ログインが途切れるか、7日到達すると
1日目から再開されます*
`聖晶石 X 2
8月交換券(2024) X 1
`*ＢＢプレゼンツ☆セレブサマー・エクスペリエンス！ 開幕記念 ログインボーナス*
*開催期間中、1日1回 最大78回 ログインボーナスをプレゼント！*
`白銀の果実 X 1
`_2024-08-19 19:37:32_
--------
*6d5ca542919ff7bd8aa39f1c722c144e*
`登陆天数: 4天 / 1625天
等级: 129
石头: 3018
呼符: 0
体力: 19795.786666666667 / 138
友情点: 0 / 1267595`
*連続ログイン4日目
※ログインが途切れるか、7日到達すると
1日目から再開されます*
`聖晶石 X 1
8月交換券(2024) X 1
`*ＢＢプレゼンツ☆セレブサマー・エクスペリエンス！ 開幕記念 ログインボーナス*
*開催期間中、1日1回 最大78回 ログインボーナスをプレゼント！*
`白銀の果実 X 1
`_2024-08-19 19:37:41_
--------
*1abe952f3d6bd604edb9f7f4a463035b*
`登陆天数: 41天 / 1672天
等级: 129
石头: 2586
呼符: 0
体力: 24227.853333333333 / 138
友情点: 0 / 1377645`
*連続ログイン6日目
※ログインが途切れるか、7日到達すると
1日目から再開されます*
`聖晶石 X 2
8月交換券(2024) X 1
`*ＢＢプレゼンツ☆セレブサマー・エクスペリエンス！ 開幕記念 ログインボーナス*
*開催期間中、1日1回 最大78回 ログインボーナスをプレゼント！*
`白銀の果実 X 1
`_2024-08-19 19:37:50_
--------
*1a902f4ba35e832fe58830625e6b0b6b*
`登陆天数: 41天 / 1651天
等级: 129
石头: 1650
呼符: 0
体力: 22512.25 / 138
友情点: 0 / 1372235`
*連続ログイン6日目
※ログインが途切れるか、7日到達すると
1日目から再開されます*
`聖晶石 X 2
8月交換券(2024) X 1
`*ＢＢプレゼンツ☆セレブサマー・エクスペリエンス！ 開幕記念 ログインボーナス*
*開催期間中、1日1回 最大78回 ログインボーナスをプレゼント！*
`白銀の果実 X 1
`_2024-08-19 19:37:59_
--------
*db5310d98f17767619701f01b70a1e40*
`登陆天数: 41天 / 1602天
等级: 129
石头: 2490
呼符: 0
体力: 22774.093333333334 / 138
友情点: 0 / 1246995`
*連続ログイン6日目
※ログインが途切れるか、7日到達すると
1日目から再開されます*
`聖晶石 X 2
8月交換券(2024) X 1
`*ＢＢプレゼンツ☆セレブサマー・エクスペリエンス！ 開幕記念 ログインボーナス*
*開催期間中、1日1回 最大78回 ログインボーナスをプレゼント！*
`白銀の果実 X 1
`_2024-08-19 19:38:07_
--------
*85858777c7c06124b856aad27f70eca9*
`登陆天数: 41天 / 1648天
等级: 129
石头: 1800
呼符: 0
体力: 24161.35 / 138
友情点: 0 / 1367715`
*連続ログイン6日目
※ログインが途切れるか、7日到達すると
1日目から再開されます*
`聖晶石 X 2
8月交換券(2024) X 1
`*ＢＢプレゼンツ☆セレブサマー・エクスペリエンス！ 開幕記念 ログインボーナス*
*開催期間中、1日1回 最大78回 ログインボーナスをプレゼント！*
`白銀の果実 X 1
`_2024-08-19 19:38:16_
--------
*1da1212b135b434f5e326def19d5e428*
`登陆天数: 41天 / 1645天
等级: 129
石头: 1530
呼符: 0
体力: 24178.543333333335 / 138
友情点: 0 / 1380420`
*連続ログイン6日目
※ログインが途切れるか、7日到達すると
1日目から再開されます*
`聖晶石 X 2
8月交換券(2024) X 1
`*ＢＢプレゼンツ☆セレブサマー・エクスペリエンス！ 開幕記念 ログインボーナス*
*開催期間中、1日1回 最大78回 ログインボーナスをプレゼント！*
`白銀の果実 X 1
`_2024-08-19 19:38:26_
--------
*1a902bbc5519643f0e050c677ea7fe62*
`登陆天数: 41天 / 1673天
等级: 129
石头: 1082
呼符: 0
体力: 22828.7 / 138
友情点: 0 / 1390190`
*連続ログイン6日目
※ログインが途切れるか、7日到達すると
1日目から再開されます*
`聖晶石 X 2
8月交換券(2024) X 1
`*ＢＢプレゼンツ☆セレブサマー・エクスペリエンス！ 開幕記念 ログインボーナス*
*開催期間中、1日1回 最大78回 ログインボーナスをプレゼント！*
`白銀の果実 X 1
`_2024-08-19 19:38:35_
--------
*9b7822cdfd2b8e6edd1188d60e373805*
`登陆天数: 41天 / 1665天
等级: 129
石头: 2024
呼符: 0
体力: 22535.293333333335 / 138
友情点: 0 / 1376445`
*連続ログイン6日目
※ログインが途切れるか、7日到達すると
1日目から再開されます*
`聖晶石 X 2
8月交換券(2024) X 1
`*ＢＢプレゼンツ☆セレブサマー・エクスペリエンス！ 開幕記念 ログインボーナス*
*開催期間中、1日1回 最大78回 ログインボーナスをプレゼント！*
`白銀の果実 X 1
`_2024-08-19 19:38:43_
--------
*5de9e66b5ba9da9f403829f3cc4619cf*
`登陆天数: 41天 / 1641天
等级: 129
石头: 3002
呼符: 0
体力: 22496.206666666665 / 138
友情点: 0 / 1363310`
*連続ログイン6日目
※ログインが途切れるか、7日到達すると
1日目から再開されます*
`聖晶石 X 2
8月交換券(2024) X 1
`*ＢＢプレゼンツ☆セレブサマー・エクスペリエンス！ 開幕記念 ログインボーナス*
*開催期間中、1日1回 最大78回 ログインボーナスをプレゼント！*
`白銀の果実 X 1
`_2024-08-19 19:38:52_
--------
