【登录信息】
*dd8a2566a5b65de4395b4ad601c24b63*
`登陆天数: 42天 / 1674天
等级: 129
石头: 1247
呼符: 1
体力: 209.04000000000002 / 138
友情点: 0 / 1362765`
*連続ログイン7日間到達おめでとうございます！
明日は1日目からリスタートされます。*
`獣の足跡 X 1
呼符 X 1
8月交換券(2024) X 1
`*ＢＢプレゼンツ☆セレブサマー・エクスペリエンス！ 開幕記念 ログインボーナス*
*開催期間中、1日1回 最大78回 ログインボーナスをプレゼント！*
`白銀の果実 X 1
`_2024-08-20 19:33:39_
--------
*4b5176d7fc3bc906431fdca39588da94*
`登陆天数: 42天 / 1691天
等级: 129
石头: 2999
呼符: 0
体力: 22687.296666666665 / 138
友情点: 0 / 1376690`
*連続ログイン7日間到達おめでとうございます！
明日は1日目からリスタートされます。*
`獣の足跡 X 1
呼符 X 1
8月交換券(2024) X 1
`*ＢＢプレゼンツ☆セレブサマー・エクスペリエンス！ 開幕記念 ログインボーナス*
*開催期間中、1日1回 最大78回 ログインボーナスをプレゼント！*
`白銀の果実 X 1
`_2024-08-20 19:33:47_
--------
*6d5ca542919ff7bd8aa39f1c722c144e*
`登陆天数: 5天 / 1626天
等级: 129
石头: 3018
呼符: 0
体力: 20083.033333333333 / 138
友情点: 0 / 1267595`
*連続ログイン5日目
※ログインが途切れるか、7日到達すると
1日目から再開されます*
`叡智の業火 X 2
8月交換券(2024) X 1
`*ＢＢプレゼンツ☆セレブサマー・エクスペリエンス！ 開幕記念 ログインボーナス*
*開催期間中、1日1回 最大78回 ログインボーナスをプレゼント！*
`白銀の果実 X 1
`_2024-08-20 19:33:55_
--------
*1abe952f3d6bd604edb9f7f4a463035b*
`登陆天数: 42天 / 1673天
等级: 129
石头: 2586
呼符: 0
体力: 24515.1 / 138
友情点: 0 / 1377645`
*連続ログイン7日間到達おめでとうございます！
明日は1日目からリスタートされます。*
`獣の足跡 X 1
呼符 X 1
8月交換券(2024) X 1
`*ＢＢプレゼンツ☆セレブサマー・エクスペリエンス！ 開幕記念 ログインボーナス*
*開催期間中、1日1回 最大78回 ログインボーナスをプレゼント！*
`白銀の果実 X 1
`_2024-08-20 19:34:04_
--------
*1a902f4ba35e832fe58830625e6b0b6b*
`登陆天数: 42天 / 1652天
等级: 129
石头: 1650
呼符: 0
体力: 22799.496666666666 / 138
友情点: 0 / 1372235`
*連続ログイン7日間到達おめでとうございます！
明日は1日目からリスタートされます。*
`獣の足跡 X 1
呼符 X 1
8月交換券(2024) X 1
`*ＢＢプレゼンツ☆セレブサマー・エクスペリエンス！ 開幕記念 ログインボーナス*
*開催期間中、1日1回 最大78回 ログインボーナスをプレゼント！*
`白銀の果実 X 1
`_2024-08-20 19:34:12_
--------
*db5310d98f17767619701f01b70a1e40*
`登陆天数: 42天 / 1603天
等级: 129
石头: 2490
呼符: 0
体力: 23061.336666666666 / 138
友情点: 0 / 1246995`
*連続ログイン7日間到達おめでとうございます！
明日は1日目からリスタートされます。*
`獣の足跡 X 1
呼符 X 1
8月交換券(2024) X 1
`*ＢＢプレゼンツ☆セレブサマー・エクスペリエンス！ 開幕記念 ログインボーナス*
*開催期間中、1日1回 最大78回 ログインボーナスをプレゼント！*
`白銀の果実 X 1
`_2024-08-20 19:34:21_
--------
*85858777c7c06124b856aad27f70eca9*
`登陆天数: 42天 / 1649天
等级: 129
石头: 1800
呼符: 0
体力: 24448.593333333334 / 138
友情点: 0 / 1367715`
*連続ログイン7日間到達おめでとうございます！
明日は1日目からリスタートされます。*
`獣の足跡 X 1
呼符 X 1
8月交換券(2024) X 1
`*ＢＢプレゼンツ☆セレブサマー・エクスペリエンス！ 開幕記念 ログインボーナス*
*開催期間中、1日1回 最大78回 ログインボーナスをプレゼント！*
`白銀の果実 X 1
`_2024-08-20 19:34:30_
--------
*1da1212b135b434f5e326def19d5e428*
`登陆天数: 42天 / 1646天
等级: 129
石头: 1530
呼符: 0
体力: 24465.786666666667 / 138
友情点: 0 / 1380420`
*連続ログイン7日間到達おめでとうございます！
明日は1日目からリスタートされます。*
`獣の足跡 X 1
呼符 X 1
8月交換券(2024) X 1
`*ＢＢプレゼンツ☆セレブサマー・エクスペリエンス！ 開幕記念 ログインボーナス*
*開催期間中、1日1回 最大78回 ログインボーナスをプレゼント！*
`白銀の果実 X 1
`_2024-08-20 19:34:39_
--------
*1a902bbc5519643f0e050c677ea7fe62*
`登陆天数: 42天 / 1674天
等级: 129
石头: 1082
呼符: 0
体力: 23115.94 / 138
友情点: 0 / 1390190`
*連続ログイン7日間到達おめでとうございます！
明日は1日目からリスタートされます。*
`獣の足跡 X 1
呼符 X 1
8月交換券(2024) X 1
`*ＢＢプレゼンツ☆セレブサマー・エクスペリエンス！ 開幕記念 ログインボーナス*
*開催期間中、1日1回 最大78回 ログインボーナスをプレゼント！*
`白銀の果実 X 1
`_2024-08-20 19:34:48_
--------
*9b7822cdfd2b8e6edd1188d60e373805*
`登陆天数: 42天 / 1666天
等级: 129
石头: 2024
呼符: 0
体力: 22822.533333333333 / 138
友情点: 0 / 1376445`
*連続ログイン7日間到達おめでとうございます！
明日は1日目からリスタートされます。*
`獣の足跡 X 1
呼符 X 1
8月交換券(2024) X 1
`*ＢＢプレゼンツ☆セレブサマー・エクスペリエンス！ 開幕記念 ログインボーナス*
*開催期間中、1日1回 最大78回 ログインボーナスをプレゼント！*
`白銀の果実 X 1
`_2024-08-20 19:34:56_
--------
*5de9e66b5ba9da9f403829f3cc4619cf*
`登陆天数: 42天 / 1642天
等级: 129
石头: 3002
呼符: 0
体力: 22783.443333333333 / 138
友情点: 0 / 1363310`
*連続ログイン7日間到達おめでとうございます！
明日は1日目からリスタートされます。*
`獣の足跡 X 1
呼符 X 1
8月交換券(2024) X 1
`*ＢＢプレゼンツ☆セレブサマー・エクスペリエンス！ 開幕記念 ログインボーナス*
*開催期間中、1日1回 最大78回 ログインボーナスをプレゼント！*
`白銀の果実 X 1
`_2024-08-20 19:35:04_
--------
