【登录信息】
*dd8a2566a5b65de4395b4ad601c24b63*
`登陆天数: 43天 / 1675天
等级: 129
石头: 1251
呼符: 2
体力: 497.4066666666667 / 138
友情点: 0 / 1362765`
*連続ログイン1日目
※ログインが途切れるか、7日到達すると
1日目から再開されます*
`フレンドポイント X 2000
8月交換券(2024) X 1
`*ＢＢプレゼンツ☆セレブサマー・エクスペリエンス！ 開幕記念 ログインボーナス*
*開催期間中、1日1回 最大78回 ログインボーナスをプレゼント！*
`黄金の果実 X 1
`_2024-08-21 19:35:29_
--------
*4b5176d7fc3bc906431fdca39588da94*
`登陆天数: 43天 / 1692天
等级: 129
石头: 2999
呼符: 0
体力: 22975.666666666668 / 138
友情点: 0 / 1376690`
*連続ログイン1日目
※ログインが途切れるか、7日到達すると
1日目から再開されます*
`フレンドポイント X 2000
8月交換券(2024) X 1
`*ＢＢプレゼンツ☆セレブサマー・エクスペリエンス！ 開幕記念 ログインボーナス*
*開催期間中、1日1回 最大78回 ログインボーナスをプレゼント！*
`黄金の果実 X 1
`_2024-08-21 19:35:37_
--------
*6d5ca542919ff7bd8aa39f1c722c144e*
`登陆天数: 6天 / 1627天
等级: 129
石头: 3018
呼符: 0
体力: 20371.403333333332 / 138
友情点: 0 / 1267595`
*連続ログイン6日目
※ログインが途切れるか、7日到達すると
1日目から再開されます*
`聖晶石 X 2
8月交換券(2024) X 1
`*ＢＢプレゼンツ☆セレブサマー・エクスペリエンス！ 開幕記念 ログインボーナス*
*開催期間中、1日1回 最大78回 ログインボーナスをプレゼント！*
`白銀の果実 X 1
`_2024-08-21 19:35:46_
--------
*1abe952f3d6bd604edb9f7f4a463035b*
`登陆天数: 43天 / 1674天
等级: 129
石头: 2586
呼符: 0
体力: 24803.47 / 138
友情点: 0 / 1377645`
*連続ログイン1日目
※ログインが途切れるか、7日到達すると
1日目から再開されます*
`フレンドポイント X 2000
8月交換券(2024) X 1
`*ＢＢプレゼンツ☆セレブサマー・エクスペリエンス！ 開幕記念 ログインボーナス*
*開催期間中、1日1回 最大78回 ログインボーナスをプレゼント！*
`黄金の果実 X 1
`_2024-08-21 19:35:55_
--------
*1a902f4ba35e832fe58830625e6b0b6b*
`登陆天数: 43天 / 1653天
等级: 129
石头: 1650
呼符: 0
体力: 23087.866666666665 / 138
友情点: 0 / 1372235`
*連続ログイン1日目
※ログインが途切れるか、7日到達すると
1日目から再開されます*
`フレンドポイント X 2000
8月交換券(2024) X 1
`*ＢＢプレゼンツ☆セレブサマー・エクスペリエンス！ 開幕記念 ログインボーナス*
*開催期間中、1日1回 最大78回 ログインボーナスをプレゼント！*
`黄金の果実 X 1
`_2024-08-21 19:36:04_
--------
*db5310d98f17767619701f01b70a1e40*
`登陆天数: 43天 / 1604天
等级: 129
石头: 2490
呼符: 0
体力: 23349.71 / 138
友情点: 0 / 1246995`
*連続ログイン1日目
※ログインが途切れるか、7日到達すると
1日目から再開されます*
`フレンドポイント X 2000
8月交換券(2024) X 1
`*ＢＢプレゼンツ☆セレブサマー・エクスペリエンス！ 開幕記念 ログインボーナス*
*開催期間中、1日1回 最大78回 ログインボーナスをプレゼント！*
`黄金の果実 X 1
`_2024-08-21 19:36:13_
--------
*85858777c7c06124b856aad27f70eca9*
`登陆天数: 43天 / 1650天
等级: 129
石头: 1800
呼符: 0
体力: 24736.966666666667 / 138
友情点: 0 / 1367715`
*連続ログイン1日目
※ログインが途切れるか、7日到達すると
1日目から再開されます*
`フレンドポイント X 2000
8月交換券(2024) X 1
`*ＢＢプレゼンツ☆セレブサマー・エクスペリエンス！ 開幕記念 ログインボーナス*
*開催期間中、1日1回 最大78回 ログインボーナスをプレゼント！*
`黄金の果実 X 1
`_2024-08-21 19:36:22_
--------
*1da1212b135b434f5e326def19d5e428*
`登陆天数: 43天 / 1647天
等级: 129
石头: 1530
呼符: 0
体力: 24754.16 / 138
友情点: 0 / 1380420`
*連続ログイン1日目
※ログインが途切れるか、7日到達すると
1日目から再開されます*
`フレンドポイント X 2000
8月交換券(2024) X 1
`*ＢＢプレゼンツ☆セレブサマー・エクスペリエンス！ 開幕記念 ログインボーナス*
*開催期間中、1日1回 最大78回 ログインボーナスをプレゼント！*
`黄金の果実 X 1
`_2024-08-21 19:36:31_
--------
*1a902bbc5519643f0e050c677ea7fe62*
`登陆天数: 43天 / 1675天
等级: 129
石头: 1082
呼符: 0
体力: 23404.316666666666 / 138
友情点: 0 / 1390190`
*連続ログイン1日目
※ログインが途切れるか、7日到達すると
1日目から再開されます*
`フレンドポイント X 2000
8月交換券(2024) X 1
`*ＢＢプレゼンツ☆セレブサマー・エクスペリエンス！ 開幕記念 ログインボーナス*
*開催期間中、1日1回 最大78回 ログインボーナスをプレゼント！*
`黄金の果実 X 1
`_2024-08-21 19:36:40_
--------
*9b7822cdfd2b8e6edd1188d60e373805*
`登陆天数: 43天 / 1667天
等级: 129
石头: 2024
呼符: 0
体力: 23110.91 / 138
友情点: 0 / 1376445`
*連続ログイン1日目
※ログインが途切れるか、7日到達すると
1日目から再開されます*
`フレンドポイント X 2000
8月交換券(2024) X 1
`*ＢＢプレゼンツ☆セレブサマー・エクスペリエンス！ 開幕記念 ログインボーナス*
*開催期間中、1日1回 最大78回 ログインボーナスをプレゼント！*
`黄金の果実 X 1
`_2024-08-21 19:36:49_
--------
*5de9e66b5ba9da9f403829f3cc4619cf*
`登陆天数: 43天 / 1643天
等级: 129
石头: 3002
呼符: 0
体力: 23071.823333333334 / 138
友情点: 0 / 1363310`
*連続ログイン1日目
※ログインが途切れるか、7日到達すると
1日目から再開されます*
`フレンドポイント X 2000
8月交換券(2024) X 1
`*ＢＢプレゼンツ☆セレブサマー・エクスペリエンス！ 開幕記念 ログインボーナス*
*開催期間中、1日1回 最大78回 ログインボーナスをプレゼント！*
`黄金の果実 X 1
`_2024-08-21 19:36:57_
--------
