【登录信息】
*dd8a2566a5b65de4395b4ad601c24b63*
`登陆天数: 44天 / 1676天
等级: 129
石头: 1260
呼符: 0
体力: 221.83666666666667 / 138
友情点: 0 / 1365615`
*連続ログイン2日目
※ログインが途切れるか、7日到達すると
1日目から再開されます*
`聖晶石 X 1
8月交換券(2024) X 1
`*ＢＢプレゼンツ☆セレブサマー・エクスペリエンス！ 開幕記念 ログインボーナス*
*開催期間中、1日1回 最大78回 ログインボーナスをプレゼント！*
`白銀の果実 X 1
`_2024-08-22 19:37:50_
--------
*4b5176d7fc3bc906431fdca39588da94*
`登陆天数: 44天 / 1693天
等级: 129
石头: 2999
呼符: 0
体力: 23264.136666666665 / 138
友情点: 0 / 1376690`
*連続ログイン2日目
※ログインが途切れるか、7日到達すると
1日目から再開されます*
`聖晶石 X 1
8月交換券(2024) X 1
`*ＢＢプレゼンツ☆セレブサマー・エクスペリエンス！ 開幕記念 ログインボーナス*
*開催期間中、1日1回 最大78回 ログインボーナスをプレゼント！*
`白銀の果実 X 1
`_2024-08-22 19:37:59_
--------
*6d5ca542919ff7bd8aa39f1c722c144e*
`登陆天数: 7天 / 1628天
等级: 129
石头: 3018
呼符: 0
体力: 20659.873333333333 / 138
友情点: 0 / 1267595`
*連続ログイン7日間到達おめでとうございます！
明日は1日目からリスタートされます。*
`獣の足跡 X 1
呼符 X 1
8月交換券(2024) X 1
`*ＢＢプレゼンツ☆セレブサマー・エクスペリエンス！ 開幕記念 ログインボーナス*
*開催期間中、1日1回 最大78回 ログインボーナスをプレゼント！*
`白銀の果実 X 1
`_2024-08-22 19:38:07_
--------
*1abe952f3d6bd604edb9f7f4a463035b*
`登陆天数: 44天 / 1675天
等级: 129
石头: 2586
呼符: 0
体力: 25091.94 / 138
友情点: 0 / 1377645`
*連続ログイン2日目
※ログインが途切れるか、7日到達すると
1日目から再開されます*
`聖晶石 X 1
8月交換券(2024) X 1
`*ＢＢプレゼンツ☆セレブサマー・エクスペリエンス！ 開幕記念 ログインボーナス*
*開催期間中、1日1回 最大78回 ログインボーナスをプレゼント！*
`白銀の果実 X 1
`_2024-08-22 19:38:15_
--------
*1a902f4ba35e832fe58830625e6b0b6b*
`登陆天数: 44天 / 1654天
等级: 129
石头: 1650
呼符: 0
体力: 23376.336666666666 / 138
友情点: 0 / 1372235`
*連続ログイン2日目
※ログインが途切れるか、7日到達すると
1日目から再開されます*
`聖晶石 X 1
8月交換券(2024) X 1
`*ＢＢプレゼンツ☆セレブサマー・エクスペリエンス！ 開幕記念 ログインボーナス*
*開催期間中、1日1回 最大78回 ログインボーナスをプレゼント！*
`白銀の果実 X 1
`_2024-08-22 19:38:24_
--------
*db5310d98f17767619701f01b70a1e40*
`登陆天数: 44天 / 1605天
等级: 129
石头: 2490
呼符: 0
体力: 23638.18 / 138
友情点: 0 / 1246995`
*連続ログイン2日目
※ログインが途切れるか、7日到達すると
1日目から再開されます*
`聖晶石 X 1
8月交換券(2024) X 1
`*ＢＢプレゼンツ☆セレブサマー・エクスペリエンス！ 開幕記念 ログインボーナス*
*開催期間中、1日1回 最大78回 ログインボーナスをプレゼント！*
`白銀の果実 X 1
`_2024-08-22 19:38:34_
--------
*85858777c7c06124b856aad27f70eca9*
`登陆天数: 44天 / 1651天
等级: 129
石头: 1800
呼符: 0
体力: 25025.43666666667 / 138
友情点: 0 / 1367715`
*連続ログイン2日目
※ログインが途切れるか、7日到達すると
1日目から再開されます*
`聖晶石 X 1
8月交換券(2024) X 1
`*ＢＢプレゼンツ☆セレブサマー・エクスペリエンス！ 開幕記念 ログインボーナス*
*開催期間中、1日1回 最大78回 ログインボーナスをプレゼント！*
`白銀の果実 X 1
`_2024-08-22 19:38:43_
--------
*1da1212b135b434f5e326def19d5e428*
`登陆天数: 44天 / 1648天
等级: 129
石头: 1530
呼符: 0
体力: 25042.63 / 138
友情点: 0 / 1380420`
*連続ログイン2日目
※ログインが途切れるか、7日到達すると
1日目から再開されます*
`聖晶石 X 1
8月交換券(2024) X 1
`*ＢＢプレゼンツ☆セレブサマー・エクスペリエンス！ 開幕記念 ログインボーナス*
*開催期間中、1日1回 最大78回 ログインボーナスをプレゼント！*
`白銀の果実 X 1
`_2024-08-22 19:38:52_
--------
*1a902bbc5519643f0e050c677ea7fe62*
`登陆天数: 44天 / 1676天
等级: 129
石头: 1082
呼符: 0
体力: 23692.786666666667 / 138
友情点: 0 / 1390190`
*連続ログイン2日目
※ログインが途切れるか、7日到達すると
1日目から再開されます*
`聖晶石 X 1
8月交換券(2024) X 1
`*ＢＢプレゼンツ☆セレブサマー・エクスペリエンス！ 開幕記念 ログインボーナス*
*開催期間中、1日1回 最大78回 ログインボーナスをプレゼント！*
`白銀の果実 X 1
`_2024-08-22 19:39:00_
--------
*9b7822cdfd2b8e6edd1188d60e373805*
`登陆天数: 44天 / 1668天
等级: 129
石头: 2024
呼符: 0
体力: 23399.38 / 138
友情点: 0 / 1376445`
*連続ログイン2日目
※ログインが途切れるか、7日到達すると
1日目から再開されます*
`聖晶石 X 1
8月交換券(2024) X 1
`*ＢＢプレゼンツ☆セレブサマー・エクスペリエンス！ 開幕記念 ログインボーナス*
*開催期間中、1日1回 最大78回 ログインボーナスをプレゼント！*
`白銀の果実 X 1
`_2024-08-22 19:39:09_
--------
*5de9e66b5ba9da9f403829f3cc4619cf*
`登陆天数: 44天 / 1644天
等级: 129
石头: 3002
呼符: 0
体力: 23360.29 / 138
友情点: 0 / 1363310`
*連続ログイン2日目
※ログインが途切れるか、7日到達すると
1日目から再開されます*
`聖晶石 X 1
8月交換券(2024) X 1
`*ＢＢプレゼンツ☆セレブサマー・エクスペリエンス！ 開幕記念 ログインボーナス*
*開催期間中、1日1回 最大78回 ログインボーナスをプレゼント！*
`白銀の果実 X 1
`_2024-08-22 19:39:18_
--------
