【登录信息】
*dd8a2566a5b65de4395b4ad601c24b63*
`登陆天数: 45天 / 1677天
等级: 129
石头: 1262
呼符: 0
体力: 103.75333333333333 / 138
友情点: 0 / 1366465`
*連続ログイン3日目
※ログインが途切れるか、7日到達すると
1日目から再開されます*
`叡智の業火 X 1
8月交換券(2024) X 1
`*ＢＢプレゼンツ☆セレブサマー・エクスペリエンス！ 開幕記念 ログインボーナス*
*開催期間中、1日1回 最大78回 ログインボーナスをプレゼント！*
`白銀の果実 X 1
`_2024-08-23 19:33:58_
--------
*4b5176d7fc3bc906431fdca39588da94*
`登陆天数: 45天 / 1694天
等级: 129
石头: 2999
呼符: 0
体力: 23551.363333333335 / 138
友情点: 0 / 1376690`
*連続ログイン3日目
※ログインが途切れるか、7日到達すると
1日目から再開されます*
`叡智の業火 X 1
8月交換券(2024) X 1
`*ＢＢプレゼンツ☆セレブサマー・エクスペリエンス！ 開幕記念 ログインボーナス*
*開催期間中、1日1回 最大78回 ログインボーナスをプレゼント！*
`白銀の果実 X 1
`_2024-08-23 19:34:07_
--------
*6d5ca542919ff7bd8aa39f1c722c144e*
`登陆天数: 8天 / 1629天
等级: 129
石头: 3018
呼符: 0
体力: 20947.103333333333 / 138
友情点: 0 / 1267595`
*連続ログイン1日目
※ログインが途切れるか、7日到達すると
1日目から再開されます*
`フレンドポイント X 2000
8月交換券(2024) X 1
`*ＢＢプレゼンツ☆セレブサマー・エクスペリエンス！ 開幕記念 ログインボーナス*
*開催期間中、1日1回 最大78回 ログインボーナスをプレゼント！*
`黄金の果実 X 1
`_2024-08-23 19:34:16_
--------
*1abe952f3d6bd604edb9f7f4a463035b*
`登陆天数: 45天 / 1676天
等级: 129
石头: 2586
呼符: 0
体力: 25379.166666666668 / 138
友情点: 0 / 1377645`
*連続ログイン3日目
※ログインが途切れるか、7日到達すると
1日目から再開されます*
`叡智の業火 X 1
8月交換券(2024) X 1
`*ＢＢプレゼンツ☆セレブサマー・エクスペリエンス！ 開幕記念 ログインボーナス*
*開催期間中、1日1回 最大78回 ログインボーナスをプレゼント！*
`白銀の果実 X 1
`_2024-08-23 19:34:24_
--------
*1a902f4ba35e832fe58830625e6b0b6b*
`登陆天数: 45天 / 1655天
等级: 129
石头: 1650
呼符: 0
体力: 23663.56333333333 / 138
友情点: 0 / 1372235`
*連続ログイン3日目
※ログインが途切れるか、7日到達すると
1日目から再開されます*
`叡智の業火 X 1
8月交換券(2024) X 1
`*ＢＢプレゼンツ☆セレブサマー・エクスペリエンス！ 開幕記念 ログインボーナス*
*開催期間中、1日1回 最大78回 ログインボーナスをプレゼント！*
`白銀の果実 X 1
`_2024-08-23 19:34:33_
--------
*db5310d98f17767619701f01b70a1e40*
`登陆天数: 45天 / 1606天
等级: 129
石头: 2490
呼符: 0
体力: 23925.41 / 138
友情点: 0 / 1246995`
*連続ログイン3日目
※ログインが途切れるか、7日到達すると
1日目から再開されます*
`叡智の業火 X 1
8月交換券(2024) X 1
`*ＢＢプレゼンツ☆セレブサマー・エクスペリエンス！ 開幕記念 ログインボーナス*
*開催期間中、1日1回 最大78回 ログインボーナスをプレゼント！*
`白銀の果実 X 1
`_2024-08-23 19:34:42_
--------
*85858777c7c06124b856aad27f70eca9*
`登陆天数: 45天 / 1652天
等级: 129
石头: 1800
呼符: 0
体力: 25312.666666666668 / 138
友情点: 0 / 1367715`
*連続ログイン3日目
※ログインが途切れるか、7日到達すると
1日目から再開されます*
`叡智の業火 X 1
8月交換券(2024) X 1
`*ＢＢプレゼンツ☆セレブサマー・エクスペリエンス！ 開幕記念 ログインボーナス*
*開催期間中、1日1回 最大78回 ログインボーナスをプレゼント！*
`白銀の果実 X 1
`_2024-08-23 19:34:51_
--------
*1da1212b135b434f5e326def19d5e428*
`登陆天数: 45天 / 1649天
等级: 129
石头: 1530
呼符: 0
体力: 25329.86 / 138
友情点: 0 / 1380420`
*連続ログイン3日目
※ログインが途切れるか、7日到達すると
1日目から再開されます*
`叡智の業火 X 1
8月交換券(2024) X 1
`*ＢＢプレゼンツ☆セレブサマー・エクスペリエンス！ 開幕記念 ログインボーナス*
*開催期間中、1日1回 最大78回 ログインボーナスをプレゼント！*
`白銀の果実 X 1
`_2024-08-23 19:35:00_
--------
*1a902bbc5519643f0e050c677ea7fe62*
`登陆天数: 45天 / 1677天
等级: 129
石头: 1082
呼符: 0
体力: 23980.016666666666 / 138
友情点: 0 / 1390190`
*連続ログイン3日目
※ログインが途切れるか、7日到達すると
1日目から再開されます*
`叡智の業火 X 1
8月交換券(2024) X 1
`*ＢＢプレゼンツ☆セレブサマー・エクスペリエンス！ 開幕記念 ログインボーナス*
*開催期間中、1日1回 最大78回 ログインボーナスをプレゼント！*
`白銀の果実 X 1
`_2024-08-23 19:35:09_
--------
*9b7822cdfd2b8e6edd1188d60e373805*
`登陆天数: 45天 / 1669天
等级: 129
石头: 2024
呼符: 0
体力: 23686.606666666667 / 138
友情点: 0 / 1376445`
*連続ログイン3日目
※ログインが途切れるか、7日到達すると
1日目から再開されます*
`叡智の業火 X 1
8月交換券(2024) X 1
`*ＢＢプレゼンツ☆セレブサマー・エクスペリエンス！ 開幕記念 ログインボーナス*
*開催期間中、1日1回 最大78回 ログインボーナスをプレゼント！*
`白銀の果実 X 1
`_2024-08-23 19:35:18_
--------
*5de9e66b5ba9da9f403829f3cc4619cf*
`登陆天数: 45天 / 1645天
等级: 129
石头: 3002
呼符: 0
体力: 23647.52 / 138
友情点: 0 / 1363310`
*連続ログイン3日目
※ログインが途切れるか、7日到達すると
1日目から再開されます*
`叡智の業火 X 1
8月交換券(2024) X 1
`*ＢＢプレゼンツ☆セレブサマー・エクスペリエンス！ 開幕記念 ログインボーナス*
*開催期間中、1日1回 最大78回 ログインボーナスをプレゼント！*
`白銀の果実 X 1
`_2024-08-23 19:35:27_
--------
