【登录信息】
*dd8a2566a5b65de4395b4ad601c24b63*
`登陆天数: 50天 / 1682天
等级: 129
石头: 1178
呼符: 0
体力: 1240.8166666666666 / 138
友情点: 0 / 1366665`
*連続ログイン1日目
※ログインが途切れるか、7日到達すると
1日目から再開されます*
`フレンドポイント X 2000
8月交換券(2024) X 1
`*奏章Ⅲ 新霊長後継戦 アーキタイプ・インセプション 開幕記念 ログインボーナス*
*開催期間中、1日1回 最大78回 ログインボーナスをプレゼント！*
`黄金の果実 X 1
`_2024-08-28 19:37:46_
--------
*4b5176d7fc3bc906431fdca39588da94*
`登陆天数: 50天 / 1699天
等级: 129
石头: 2999
呼符: 0
体力: 24992.12 / 138
友情点: 0 / 1376690`
*連続ログイン1日目
※ログインが途切れるか、7日到達すると
1日目から再開されます*
`フレンドポイント X 2000
8月交換券(2024) X 1
`*奏章Ⅲ 新霊長後継戦 アーキタイプ・インセプション 開幕記念 ログインボーナス*
*開催期間中、1日1回 最大78回 ログインボーナスをプレゼント！*
`黄金の果実 X 1
`_2024-08-28 19:37:54_
--------
*6d5ca542919ff7bd8aa39f1c722c144e*
`登陆天数: 13天 / 1634天
等级: 129
石头: 3018
呼符: 0
体力: 22387.856666666667 / 138
友情点: 0 / 1267595`
*連続ログイン6日目
※ログインが途切れるか、7日到達すると
1日目から再開されます*
`聖晶石 X 2
8月交換券(2024) X 1
`*奏章Ⅲ 新霊長後継戦 アーキタイプ・インセプション 開幕記念 ログインボーナス*
*開催期間中、1日1回 最大78回 ログインボーナスをプレゼント！*
`白銀の果実 X 1
`_2024-08-28 19:38:02_
--------
*1abe952f3d6bd604edb9f7f4a463035b*
`登陆天数: 50天 / 1681天
等级: 129
石头: 2586
呼符: 0
体力: 26819.923333333332 / 138
友情点: 0 / 1377645`
*連続ログイン1日目
※ログインが途切れるか、7日到達すると
1日目から再開されます*
`フレンドポイント X 2000
8月交換券(2024) X 1
`*奏章Ⅲ 新霊長後継戦 アーキタイプ・インセプション 開幕記念 ログインボーナス*
*開催期間中、1日1回 最大78回 ログインボーナスをプレゼント！*
`黄金の果実 X 1
`_2024-08-28 19:38:11_
--------
*1a902f4ba35e832fe58830625e6b0b6b*
`登陆天数: 50天 / 1660天
等级: 129
石头: 1650
呼符: 0
体力: 25104.316666666666 / 138
友情点: 0 / 1372235`
*連続ログイン1日目
※ログインが途切れるか、7日到達すると
1日目から再開されます*
`フレンドポイント X 2000
8月交換券(2024) X 1
`*奏章Ⅲ 新霊長後継戦 アーキタイプ・インセプション 開幕記念 ログインボーナス*
*開催期間中、1日1回 最大78回 ログインボーナスをプレゼント！*
`黄金の果実 X 1
`_2024-08-28 19:38:19_
--------
*db5310d98f17767619701f01b70a1e40*
`登陆天数: 50天 / 1611天
等级: 129
石头: 2490
呼符: 0
体力: 25366.16 / 138
友情点: 0 / 1246995`
*連続ログイン1日目
※ログインが途切れるか、7日到達すると
1日目から再開されます*
`フレンドポイント X 2000
8月交換券(2024) X 1
`*奏章Ⅲ 新霊長後継戦 アーキタイプ・インセプション 開幕記念 ログインボーナス*
*開催期間中、1日1回 最大78回 ログインボーナスをプレゼント！*
`黄金の果実 X 1
`_2024-08-28 19:38:28_
--------
*85858777c7c06124b856aad27f70eca9*
`登陆天数: 50天 / 1657天
等级: 129
石头: 1800
呼符: 0
体力: 26753.416666666668 / 138
友情点: 0 / 1367715`
*連続ログイン1日目
※ログインが途切れるか、7日到達すると
1日目から再開されます*
`フレンドポイント X 2000
8月交換券(2024) X 1
`*奏章Ⅲ 新霊長後継戦 アーキタイプ・インセプション 開幕記念 ログインボーナス*
*開催期間中、1日1回 最大78回 ログインボーナスをプレゼント！*
`黄金の果実 X 1
`_2024-08-28 19:38:37_
--------
*1da1212b135b434f5e326def19d5e428*
`登陆天数: 50天 / 1654天
等级: 129
石头: 1530
呼符: 0
体力: 26770.61 / 138
友情点: 0 / 1380420`
*連続ログイン1日目
※ログインが途切れるか、7日到達すると
1日目から再開されます*
`フレンドポイント X 2000
8月交換券(2024) X 1
`*奏章Ⅲ 新霊長後継戦 アーキタイプ・インセプション 開幕記念 ログインボーナス*
*開催期間中、1日1回 最大78回 ログインボーナスをプレゼント！*
`黄金の果実 X 1
`_2024-08-28 19:38:45_
--------
*1a902bbc5519643f0e050c677ea7fe62*
`登陆天数: 50天 / 1682天
等级: 129
石头: 1082
呼符: 0
体力: 25420.766666666666 / 138
友情点: 0 / 1390190`
*連続ログイン1日目
※ログインが途切れるか、7日到達すると
1日目から再開されます*
`フレンドポイント X 2000
8月交換券(2024) X 1
`*奏章Ⅲ 新霊長後継戦 アーキタイプ・インセプション 開幕記念 ログインボーナス*
*開催期間中、1日1回 最大78回 ログインボーナスをプレゼント！*
`黄金の果実 X 1
`_2024-08-28 19:38:55_
--------
*9b7822cdfd2b8e6edd1188d60e373805*
`登陆天数: 50天 / 1674天
等级: 129
石头: 2024
呼符: 0
体力: 25127.36 / 138
友情点: 0 / 1376445`
*連続ログイン1日目
※ログインが途切れるか、7日到達すると
1日目から再開されます*
`フレンドポイント X 2000
8月交換券(2024) X 1
`*奏章Ⅲ 新霊長後継戦 アーキタイプ・インセプション 開幕記念 ログインボーナス*
*開催期間中、1日1回 最大78回 ログインボーナスをプレゼント！*
`黄金の果実 X 1
`_2024-08-28 19:39:03_
--------
*5de9e66b5ba9da9f403829f3cc4619cf*
`登陆天数: 50天 / 1650天
等级: 129
石头: 3002
呼符: 0
体力: 25088.273333333334 / 138
友情点: 0 / 1363310`
*連続ログイン1日目
※ログインが途切れるか、7日到達すると
1日目から再開されます*
`フレンドポイント X 2000
8月交換券(2024) X 1
`*奏章Ⅲ 新霊長後継戦 アーキタイプ・インセプション 開幕記念 ログインボーナス*
*開催期間中、1日1回 最大78回 ログインボーナスをプレゼント！*
`黄金の果実 X 1
`_2024-08-28 19:39:12_
--------
