【登录信息】
*dd8a2566a5b65de4395b4ad601c24b63*
`登陆天数: 51天 / 1683天
等级: 129
石头: 1185
呼符: 0
体力: 164.23333333333335 / 138
友情点: 0 / 1369465`
*連続ログイン2日目
※ログインが途切れるか、7日到達すると
1日目から再開されます*
`聖晶石 X 1
8月交換券(2024) X 1
`*奏章Ⅲ 新霊長後継戦 アーキタイプ・インセプション 開幕記念 ログインボーナス*
*開催期間中、1日1回 最大78回 ログインボーナスをプレゼント！*
`白銀の果実 X 1
`_2024-08-29 19:36:46_
--------
*4b5176d7fc3bc906431fdca39588da94*
`登陆天数: 51天 / 1700天
等级: 129
石头: 2999
呼符: 0
体力: 25279.923333333332 / 138
友情点: 0 / 1376690`
*連続ログイン2日目
※ログインが途切れるか、7日到達すると
1日目から再開されます*
`聖晶石 X 1
8月交換券(2024) X 1
`*奏章Ⅲ 新霊長後継戦 アーキタイプ・インセプション 開幕記念 ログインボーナス*
*開催期間中、1日1回 最大78回 ログインボーナスをプレゼント！*
`白銀の果実 X 1
`_2024-08-29 19:36:54_
--------
*6d5ca542919ff7bd8aa39f1c722c144e*
`登陆天数: 14天 / 1635天
等级: 129
石头: 3018
呼符: 0
体力: 22675.66 / 138
友情点: 0 / 1267595`
*連続ログイン7日間到達おめでとうございます！
明日は1日目からリスタートされます。*
`獣の足跡 X 1
呼符 X 1
8月交換券(2024) X 1
`*奏章Ⅲ 新霊長後継戦 アーキタイプ・インセプション 開幕記念 ログインボーナス*
*開催期間中、1日1回 最大78回 ログインボーナスをプレゼント！*
`白銀の果実 X 1
`_2024-08-29 19:37:03_
--------
*1abe952f3d6bd604edb9f7f4a463035b*
`登陆天数: 51天 / 1682天
等级: 129
石头: 2586
呼符: 0
体力: 27107.72333333333 / 138
友情点: 0 / 1377645`
*連続ログイン2日目
※ログインが途切れるか、7日到達すると
1日目から再開されます*
`聖晶石 X 1
8月交換券(2024) X 1
`*奏章Ⅲ 新霊長後継戦 アーキタイプ・インセプション 開幕記念 ログインボーナス*
*開催期間中、1日1回 最大78回 ログインボーナスをプレゼント！*
`白銀の果実 X 1
`_2024-08-29 19:37:11_
--------
*1a902f4ba35e832fe58830625e6b0b6b*
`登陆天数: 51天 / 1661天
等级: 129
石头: 1650
呼符: 0
体力: 25392.12 / 138
友情点: 0 / 1372235`
*連続ログイン2日目
※ログインが途切れるか、7日到達すると
1日目から再開されます*
`聖晶石 X 1
8月交換券(2024) X 1
`*奏章Ⅲ 新霊長後継戦 アーキタイプ・インセプション 開幕記念 ログインボーナス*
*開催期間中、1日1回 最大78回 ログインボーナスをプレゼント！*
`白銀の果実 X 1
`_2024-08-29 19:37:20_
--------
*db5310d98f17767619701f01b70a1e40*
`登陆天数: 51天 / 1612天
等级: 129
石头: 2490
呼符: 0
体力: 25653.963333333333 / 138
友情点: 0 / 1246995`
*連続ログイン2日目
※ログインが途切れるか、7日到達すると
1日目から再開されます*
`聖晶石 X 1
8月交換券(2024) X 1
`*奏章Ⅲ 新霊長後継戦 アーキタイプ・インセプション 開幕記念 ログインボーナス*
*開催期間中、1日1回 最大78回 ログインボーナスをプレゼント！*
`白銀の果実 X 1
`_2024-08-29 19:37:29_
--------
*85858777c7c06124b856aad27f70eca9*
`登陆天数: 51天 / 1658天
等级: 129
石头: 1800
呼符: 0
体力: 27041.22 / 138
友情点: 0 / 1367715`
*連続ログイン2日目
※ログインが途切れるか、7日到達すると
1日目から再開されます*
`聖晶石 X 1
8月交換券(2024) X 1
`*奏章Ⅲ 新霊長後継戦 アーキタイプ・インセプション 開幕記念 ログインボーナス*
*開催期間中、1日1回 最大78回 ログインボーナスをプレゼント！*
`白銀の果実 X 1
`_2024-08-29 19:37:37_
--------
*1da1212b135b434f5e326def19d5e428*
`登陆天数: 51天 / 1655天
等级: 129
石头: 1530
呼符: 0
体力: 27058.413333333334 / 138
友情点: 0 / 1380420`
*連続ログイン2日目
※ログインが途切れるか、7日到達すると
1日目から再開されます*
`聖晶石 X 1
8月交換券(2024) X 1
`*奏章Ⅲ 新霊長後継戦 アーキタイプ・インセプション 開幕記念 ログインボーナス*
*開催期間中、1日1回 最大78回 ログインボーナスをプレゼント！*
`白銀の果実 X 1
`_2024-08-29 19:37:47_
--------
*1a902bbc5519643f0e050c677ea7fe62*
`登陆天数: 51天 / 1683天
等级: 129
石头: 1082
呼符: 0
体力: 25708.57 / 138
友情点: 0 / 1390190`
*連続ログイン2日目
※ログインが途切れるか、7日到達すると
1日目から再開されます*
`聖晶石 X 1
8月交換券(2024) X 1
`*奏章Ⅲ 新霊長後継戦 アーキタイプ・インセプション 開幕記念 ログインボーナス*
*開催期間中、1日1回 最大78回 ログインボーナスをプレゼント！*
`白銀の果実 X 1
`_2024-08-29 19:37:56_
--------
*9b7822cdfd2b8e6edd1188d60e373805*
`登陆天数: 51天 / 1675天
等级: 129
石头: 2024
呼符: 0
体力: 25415.163333333334 / 138
友情点: 0 / 1376445`
*連続ログイン2日目
※ログインが途切れるか、7日到達すると
1日目から再開されます*
`聖晶石 X 1
8月交換券(2024) X 1
`*奏章Ⅲ 新霊長後継戦 アーキタイプ・インセプション 開幕記念 ログインボーナス*
*開催期間中、1日1回 最大78回 ログインボーナスをプレゼント！*
`白銀の果実 X 1
`_2024-08-29 19:38:04_
--------
*5de9e66b5ba9da9f403829f3cc4619cf*
`登陆天数: 51天 / 1651天
等级: 129
石头: 3002
呼符: 0
体力: 25376.073333333334 / 138
友情点: 0 / 1363310`
*連続ログイン2日目
※ログインが途切れるか、7日到達すると
1日目から再開されます*
`聖晶石 X 1
8月交換券(2024) X 1
`*奏章Ⅲ 新霊長後継戦 アーキタイプ・インセプション 開幕記念 ログインボーナス*
*開催期間中、1日1回 最大78回 ログインボーナスをプレゼント！*
`白銀の果実 X 1
`_2024-08-29 19:38:13_
--------
