【登录信息】
*dd8a2566a5b65de4395b4ad601c24b63*
`登陆天数: 60天 / 1745天
等级: 129
石头: 241
呼符: 2
体力: 18307.673333333332 / 138
友情点: 0 / 1385465`
*連続ログイン4日目
※ログインが途切れるか、7日到達すると
1日目から再開されます*
`聖晶石 X 1
11月交換券(2024) X 1
`*秋の戦力増強キャンペーン特別ログインボーナス！*
*開催期間中、1日1回 最大7回 ログインボーナスをプレゼント！*
`英霊結晶・星のフォウくん X 5
`_2024-10-31 19:33:58_
--------
*6d5ca542919ff7bd8aa39f1c722c144e*
`登陆天数: 60天 / 1697天
等级: 129
石头: 2540
呼符: 0
体力: 40819.083333333336 / 138
友情点: 0 / 1275595`
*連続ログイン4日目
※ログインが途切れるか、7日到達すると
1日目から再開されます*
`聖晶石 X 1
11月交換券(2024) X 1
`*秋の戦力増強キャンペーン特別ログインボーナス！*
*開催期間中、1日1回 最大7回 ログインボーナスをプレゼント！*
`英霊結晶・星のフォウくん X 5
`_2024-10-31 19:34:10_
--------
*1abe952f3d6bd604edb9f7f4a463035b*
`登陆天数: 60天 / 1744天
等级: 129
石头: 62
呼符: 0
体力: 45251.15 / 138
友情点: 0 / 1393645`
*連続ログイン4日目
※ログインが途切れるか、7日到達すると
1日目から再開されます*
`聖晶石 X 1
11月交換券(2024) X 1
`*秋の戦力増強キャンペーン特別ログインボーナス！*
*開催期間中、1日1回 最大7回 ログインボーナスをプレゼント！*
`英霊結晶・星のフォウくん X 5
`_2024-10-31 19:34:19_
--------
*1a902f4ba35e832fe58830625e6b0b6b*
`登陆天数: 60天 / 1723天
等级: 129
石头: 0
呼符: 0
体力: 43535.54666666667 / 138
友情点: 0 / 1388235`
*連続ログイン4日目
※ログインが途切れるか、7日到達すると
1日目から再開されます*
`聖晶石 X 1
11月交換券(2024) X 1
`*秋の戦力増強キャンペーン特別ログインボーナス！*
*開催期間中、1日1回 最大7回 ログインボーナスをプレゼント！*
`英霊結晶・星のフォウくん X 5
`_2024-10-31 19:34:28_
--------
*db5310d98f17767619701f01b70a1e40*
`登陆天数: 60天 / 1674天
等级: 129
石头: 12
呼符: 0
体力: 43797.39333333333 / 138
友情点: 0 / 1262995`
*連続ログイン4日目
※ログインが途切れるか、7日到達すると
1日目から再開されます*
`聖晶石 X 1
11月交換券(2024) X 1
`*秋の戦力増強キャンペーン特別ログインボーナス！*
*開催期間中、1日1回 最大7回 ログインボーナスをプレゼント！*
`英霊結晶・星のフォウくん X 5
`_2024-10-31 19:34:37_
--------
*85858777c7c06124b856aad27f70eca9*
`登陆天数: 60天 / 1720天
等级: 129
石头: 262
呼符: 0
体力: 45184.65 / 138
友情点: 0 / 1373715`
*連続ログイン4日目
※ログインが途切れるか、7日到達すると
1日目から再開されます*
`聖晶石 X 1
11月交換券(2024) X 1
`*秋の戦力増強キャンペーン特別ログインボーナス！*
*開催期間中、1日1回 最大7回 ログインボーナスをプレゼント！*
`英霊結晶・星のフォウくん X 5
`_2024-10-31 19:34:46_
--------
*1da1212b135b434f5e326def19d5e428*
`登陆天数: 60天 / 1717天
等级: 129
石头: 503
呼符: 0
体力: 45201.84333333333 / 138
友情点: 0 / 1386420`
*連続ログイン4日目
※ログインが途切れるか、7日到達すると
1日目から再開されます*
`聖晶石 X 1
11月交換券(2024) X 1
`*秋の戦力増強キャンペーン特別ログインボーナス！*
*開催期間中、1日1回 最大7回 ログインボーナスをプレゼント！*
`英霊結晶・星のフォウくん X 5
`_2024-10-31 19:34:56_
--------
*1a902bbc5519643f0e050c677ea7fe62*
`登陆天数: 60天 / 1745天
等级: 129
石头: 21
呼符: 0
体力: 43852.0 / 138
友情点: 0 / 1396190`
*連続ログイン4日目
※ログインが途切れるか、7日到達すると
1日目から再開されます*
`聖晶石 X 1
11月交換券(2024) X 1
`*秋の戦力増強キャンペーン特別ログインボーナス！*
*開催期間中、1日1回 最大7回 ログインボーナスをプレゼント！*
`英霊結晶・星のフォウくん X 5
`_2024-10-31 19:35:05_
--------
*5de9e66b5ba9da9f403829f3cc4619cf*
`登陆天数: 60天 / 1713天
等级: 129
石头: 2012
呼符: 0
体力: 43519.486666666664 / 138
友情点: 0 / 1381310`
*連続ログイン4日目
※ログインが途切れるか、7日到達すると
1日目から再開されます*
`聖晶石 X 1
11月交換券(2024) X 1
`*秋の戦力増強キャンペーン特別ログインボーナス！*
*開催期間中、1日1回 最大7回 ログインボーナスをプレゼント！*
`英霊結晶・星のフォウくん X 5
`_2024-10-31 19:35:17_
--------
