【登录信息】
*dd8a2566a5b65de4395b4ad601c24b63*
`登陆天数: 61天 / 1746天
等级: 129
石头: 241
呼符: 2
体力: 18595.523333333334 / 138
友情点: 0 / 1385465`
*連続ログイン5日目
※ログインが途切れるか、7日到達すると
1日目から再開されます*
`叡智の業火 X 2
11月交換券(2024) X 1
`*使用期限付コンティニューアイテムプレゼント！*
*開催期間中、初回ログインでコンティニューアイテム「霊脈石×3」をプレゼント！*
`霊脈石 X 3
`_2024-11-01 19:33:12_
--------
*6d5ca542919ff7bd8aa39f1c722c144e*
`登陆天数: 61天 / 1698天
等级: 129
石头: 2540
呼符: 0
体力: 41106.933333333334 / 138
友情点: 0 / 1275595`
*連続ログイン5日目
※ログインが途切れるか、7日到達すると
1日目から再開されます*
`叡智の業火 X 2
11月交換券(2024) X 1
`*使用期限付コンティニューアイテムプレゼント！*
*開催期間中、初回ログインでコンティニューアイテム「霊脈石×3」をプレゼント！*
`霊脈石 X 3
`_2024-11-01 19:33:24_
--------
*1abe952f3d6bd604edb9f7f4a463035b*
`登陆天数: 61天 / 1745天
等级: 129
石头: 62
呼符: 0
体力: 45538.996666666666 / 138
友情点: 0 / 1393645`
*連続ログイン5日目
※ログインが途切れるか、7日到達すると
1日目から再開されます*
`叡智の業火 X 2
11月交換券(2024) X 1
`*使用期限付コンティニューアイテムプレゼント！*
*開催期間中、初回ログインでコンティニューアイテム「霊脈石×3」をプレゼント！*
`霊脈石 X 3
`_2024-11-01 19:33:33_
--------
*1a902f4ba35e832fe58830625e6b0b6b*
`登陆天数: 61天 / 1724天
等级: 129
石头: 0
呼符: 0
体力: 43823.39333333333 / 138
友情点: 0 / 1388235`
*連続ログイン5日目
※ログインが途切れるか、7日到達すると
1日目から再開されます*
`叡智の業火 X 2
11月交換券(2024) X 1
`*使用期限付コンティニューアイテムプレゼント！*
*開催期間中、初回ログインでコンティニューアイテム「霊脈石×3」をプレゼント！*
`霊脈石 X 3
`_2024-11-01 19:33:42_
--------
*db5310d98f17767619701f01b70a1e40*
`登陆天数: 61天 / 1675天
等级: 129
石头: 12
呼符: 0
体力: 44085.236666666664 / 138
友情点: 0 / 1262995`
*連続ログイン5日目
※ログインが途切れるか、7日到達すると
1日目から再開されます*
`叡智の業火 X 2
11月交換券(2024) X 1
`*使用期限付コンティニューアイテムプレゼント！*
*開催期間中、初回ログインでコンティニューアイテム「霊脈石×3」をプレゼント！*
`霊脈石 X 3
`_2024-11-01 19:33:51_
--------
*85858777c7c06124b856aad27f70eca9*
`登陆天数: 61天 / 1721天
等级: 129
石头: 262
呼符: 0
体力: 45472.496666666666 / 138
友情点: 0 / 1373715`
*連続ログイン5日目
※ログインが途切れるか、7日到達すると
1日目から再開されます*
`叡智の業火 X 2
11月交換券(2024) X 1
`*使用期限付コンティニューアイテムプレゼント！*
*開催期間中、初回ログインでコンティニューアイテム「霊脈石×3」をプレゼント！*
`霊脈石 X 3
`_2024-11-01 19:34:00_
--------
*1da1212b135b434f5e326def19d5e428*
`登陆天数: 61天 / 1718天
等级: 129
石头: 503
呼符: 0
体力: 45489.693333333336 / 138
友情点: 0 / 1386420`
*連続ログイン5日目
※ログインが途切れるか、7日到達すると
1日目から再開されます*
`叡智の業火 X 2
11月交換券(2024) X 1
`*使用期限付コンティニューアイテムプレゼント！*
*開催期間中、初回ログインでコンティニューアイテム「霊脈石×3」をプレゼント！*
`霊脈石 X 3
`_2024-11-01 19:34:10_
--------
*1a902bbc5519643f0e050c677ea7fe62*
`登陆天数: 61天 / 1746天
等级: 129
石头: 21
呼符: 0
体力: 44139.846666666665 / 138
友情点: 0 / 1396190`
*連続ログイン5日目
※ログインが途切れるか、7日到達すると
1日目から再開されます*
`叡智の業火 X 2
11月交換券(2024) X 1
`*使用期限付コンティニューアイテムプレゼント！*
*開催期間中、初回ログインでコンティニューアイテム「霊脈石×3」をプレゼント！*
`霊脈石 X 3
`_2024-11-01 19:34:19_
--------
*5de9e66b5ba9da9f403829f3cc4619cf*
`登陆天数: 61天 / 1714天
等级: 129
石头: 2012
呼符: 0
体力: 43807.33666666667 / 138
友情点: 0 / 1381310`
*連続ログイン5日目
※ログインが途切れるか、7日到達すると
1日目から再開されます*
`叡智の業火 X 2
11月交換券(2024) X 1
`*使用期限付コンティニューアイテムプレゼント！*
*開催期間中、初回ログインでコンティニューアイテム「霊脈石×3」をプレゼント！*
`霊脈石 X 3
`_2024-11-01 19:34:31_
--------
