【登录信息】
*dd8a2566a5b65de4395b4ad601c24b63*
`登陆天数: 62天 / 1747天
等级: 129
石头: 1
呼符: 0
体力: 18883.353333333333 / 138
友情点: 0 / 1387465`
*連続ログイン6日目
※ログインが途切れるか、7日到達すると
1日目から再開されます*
`聖晶石 X 2
11月交換券(2024) X 1
`*秋の戦力増強キャンペーン特別ログインボーナス！*
*開催期間中、1日1回 最大7回 ログインボーナスをプレゼント！*
`叡智の業火 X 3
`_2024-11-02 19:32:22_
--------
*6d5ca542919ff7bd8aa39f1c722c144e*
`登陆天数: 62天 / 1699天
等级: 129
石头: 2540
呼符: 0
体力: 41394.763333333336 / 138
友情点: 0 / 1275595`
*連続ログイン6日目
※ログインが途切れるか、7日到達すると
1日目から再開されます*
`聖晶石 X 2
11月交換券(2024) X 1
`*秋の戦力増強キャンペーン特別ログインボーナス！*
*開催期間中、1日1回 最大7回 ログインボーナスをプレゼント！*
`叡智の業火 X 3
`_2024-11-02 19:32:34_
--------
*1abe952f3d6bd604edb9f7f4a463035b*
`登陆天数: 62天 / 1746天
等级: 129
石头: 62
呼符: 0
体力: 45826.83 / 138
友情点: 0 / 1393645`
*連続ログイン6日目
※ログインが途切れるか、7日到達すると
1日目から再開されます*
`聖晶石 X 2
11月交換券(2024) X 1
`*秋の戦力増強キャンペーン特別ログインボーナス！*
*開催期間中、1日1回 最大7回 ログインボーナスをプレゼント！*
`叡智の業火 X 3
`_2024-11-02 19:32:42_
--------
*1a902f4ba35e832fe58830625e6b0b6b*
`登陆天数: 62天 / 1725天
等级: 129
石头: 0
呼符: 0
体力: 44111.22666666667 / 138
友情点: 0 / 1388235`
*連続ログイン6日目
※ログインが途切れるか、7日到達すると
1日目から再開されます*
`聖晶石 X 2
11月交換券(2024) X 1
`*秋の戦力増強キャンペーン特別ログインボーナス！*
*開催期間中、1日1回 最大7回 ログインボーナスをプレゼント！*
`叡智の業火 X 3
`_2024-11-02 19:32:51_
--------
*db5310d98f17767619701f01b70a1e40*
`登陆天数: 62天 / 1676天
等级: 129
石头: 12
呼符: 0
体力: 44373.07 / 138
友情点: 0 / 1262995`
*連続ログイン6日目
※ログインが途切れるか、7日到達すると
1日目から再開されます*
`聖晶石 X 2
11月交換券(2024) X 1
`*秋の戦力増強キャンペーン特別ログインボーナス！*
*開催期間中、1日1回 最大7回 ログインボーナスをプレゼント！*
`叡智の業火 X 3
`_2024-11-02 19:33:00_
--------
*85858777c7c06124b856aad27f70eca9*
`登陆天数: 62天 / 1722天
等级: 129
石头: 262
呼符: 0
体力: 45760.32666666667 / 138
友情点: 0 / 1373715`
*連続ログイン6日目
※ログインが途切れるか、7日到達すると
1日目から再開されます*
`聖晶石 X 2
11月交換券(2024) X 1
`*秋の戦力増強キャンペーン特別ログインボーナス！*
*開催期間中、1日1回 最大7回 ログインボーナスをプレゼント！*
`叡智の業火 X 3
`_2024-11-02 19:33:09_
--------
*1da1212b135b434f5e326def19d5e428*
`登陆天数: 62天 / 1719天
等级: 129
石头: 503
呼符: 0
体力: 45777.52 / 138
友情点: 0 / 1386420`
*連続ログイン6日目
※ログインが途切れるか、7日到達すると
1日目から再開されます*
`聖晶石 X 2
11月交換券(2024) X 1
`*秋の戦力増強キャンペーン特別ログインボーナス！*
*開催期間中、1日1回 最大7回 ログインボーナスをプレゼント！*
`叡智の業火 X 3
`_2024-11-02 19:33:18_
--------
*1a902bbc5519643f0e050c677ea7fe62*
`登陆天数: 62天 / 1747天
等级: 129
石头: 21
呼符: 0
体力: 44427.68 / 138
友情点: 0 / 1396190`
*連続ログイン6日目
※ログインが途切れるか、7日到達すると
1日目から再開されます*
`聖晶石 X 2
11月交換券(2024) X 1
`*秋の戦力増強キャンペーン特別ログインボーナス！*
*開催期間中、1日1回 最大7回 ログインボーナスをプレゼント！*
`叡智の業火 X 3
`_2024-11-02 19:33:28_
--------
*5de9e66b5ba9da9f403829f3cc4619cf*
`登陆天数: 62天 / 1715天
等级: 129
石头: 2012
呼符: 0
体力: 44095.16333333333 / 138
友情点: 0 / 1381310`
*連続ログイン6日目
※ログインが途切れるか、7日到達すると
1日目から再開されます*
`聖晶石 X 2
11月交換券(2024) X 1
`*秋の戦力増強キャンペーン特別ログインボーナス！*
*開催期間中、1日1回 最大7回 ログインボーナスをプレゼント！*
`叡智の業火 X 3
`_2024-11-02 19:33:40_
--------
