【登录信息】
*dd8a2566a5b65de4395b4ad601c24b63*
`登陆天数: 63天 / 1748天
等级: 129
石头: 1
呼符: 0
体力: 19171.323333333334 / 138
友情点: 0 / 1387465`
*連続ログイン7日間到達おめでとうございます！
明日は1日目からリスタートされます。*
`獣の足跡 X 1
呼符 X 1
11月交換券(2024) X 1
`*秋の戦力増強キャンペーン特別ログインボーナス！*
*開催期間中、1日1回 最大7回 ログインボーナスをプレゼント！*
`英霊結晶・太陽のフォウくん X 5
`_2024-11-03 19:32:13_
--------
*6d5ca542919ff7bd8aa39f1c722c144e*
`登陆天数: 63天 / 1700天
等级: 129
石头: 2540
呼符: 0
体力: 41682.73333333333 / 138
友情点: 0 / 1275595`
*連続ログイン7日間到達おめでとうございます！
明日は1日目からリスタートされます。*
`獣の足跡 X 1
呼符 X 1
11月交換券(2024) X 1
`*秋の戦力増強キャンペーン特別ログインボーナス！*
*開催期間中、1日1回 最大7回 ログインボーナスをプレゼント！*
`英霊結晶・太陽のフォウくん X 5
`_2024-11-03 19:32:24_
--------
*1abe952f3d6bd604edb9f7f4a463035b*
`登陆天数: 63天 / 1747天
等级: 129
石头: 62
呼符: 0
体力: 46114.8 / 138
友情点: 0 / 1393645`
*連続ログイン7日間到達おめでとうございます！
明日は1日目からリスタートされます。*
`獣の足跡 X 1
呼符 X 1
11月交換券(2024) X 1
`*秋の戦力増強キャンペーン特別ログインボーナス！*
*開催期間中、1日1回 最大7回 ログインボーナスをプレゼント！*
`英霊結晶・太陽のフォウくん X 5
`_2024-11-03 19:32:33_
--------
*1a902f4ba35e832fe58830625e6b0b6b*
`登陆天数: 63天 / 1726天
等级: 129
石头: 0
呼符: 0
体力: 44399.19666666666 / 138
友情点: 0 / 1388235`
*連続ログイン7日間到達おめでとうございます！
明日は1日目からリスタートされます。*
`獣の足跡 X 1
呼符 X 1
11月交換券(2024) X 1
`*秋の戦力増強キャンペーン特別ログインボーナス！*
*開催期間中、1日1回 最大7回 ログインボーナスをプレゼント！*
`英霊結晶・太陽のフォウくん X 5
`_2024-11-03 19:32:42_
--------
*db5310d98f17767619701f01b70a1e40*
`登陆天数: 63天 / 1677天
等级: 129
石头: 12
呼符: 0
体力: 44661.04 / 138
友情点: 0 / 1262995`
*連続ログイン7日間到達おめでとうございます！
明日は1日目からリスタートされます。*
`獣の足跡 X 1
呼符 X 1
11月交換券(2024) X 1
`*秋の戦力増強キャンペーン特別ログインボーナス！*
*開催期間中、1日1回 最大7回 ログインボーナスをプレゼント！*
`英霊結晶・太陽のフォウくん X 5
`_2024-11-03 19:32:51_
--------
*85858777c7c06124b856aad27f70eca9*
`登陆天数: 63天 / 1723天
等级: 129
石头: 262
呼符: 0
体力: 46048.29666666667 / 138
友情点: 0 / 1373715`
*連続ログイン7日間到達おめでとうございます！
明日は1日目からリスタートされます。*
`獣の足跡 X 1
呼符 X 1
11月交換券(2024) X 1
`*秋の戦力増強キャンペーン特別ログインボーナス！*
*開催期間中、1日1回 最大7回 ログインボーナスをプレゼント！*
`英霊結晶・太陽のフォウくん X 5
`_2024-11-03 19:33:00_
--------
*1da1212b135b434f5e326def19d5e428*
`登陆天数: 63天 / 1720天
等级: 129
石头: 503
呼符: 0
体力: 46065.49 / 138
友情点: 0 / 1386420`
*連続ログイン7日間到達おめでとうございます！
明日は1日目からリスタートされます。*
`獣の足跡 X 1
呼符 X 1
11月交換券(2024) X 1
`*秋の戦力増強キャンペーン特別ログインボーナス！*
*開催期間中、1日1回 最大7回 ログインボーナスをプレゼント！*
`英霊結晶・太陽のフォウくん X 5
`_2024-11-03 19:33:09_
--------
*1a902bbc5519643f0e050c677ea7fe62*
`登陆天数: 63天 / 1748天
等级: 129
石头: 21
呼符: 0
体力: 44715.64666666667 / 138
友情点: 0 / 1396190`
*連続ログイン7日間到達おめでとうございます！
明日は1日目からリスタートされます。*
`獣の足跡 X 1
呼符 X 1
11月交換券(2024) X 1
`*秋の戦力増強キャンペーン特別ログインボーナス！*
*開催期間中、1日1回 最大7回 ログインボーナスをプレゼント！*
`英霊結晶・太陽のフォウくん X 5
`_2024-11-03 19:33:18_
--------
*5de9e66b5ba9da9f403829f3cc4619cf*
`登陆天数: 63天 / 1716天
等级: 129
石头: 2012
呼符: 0
体力: 44383.13333333333 / 138
友情点: 0 / 1381310`
*連続ログイン7日間到達おめでとうございます！
明日は1日目からリスタートされます。*
`獣の足跡 X 1
呼符 X 1
11月交換券(2024) X 1
`*秋の戦力増強キャンペーン特別ログインボーナス！*
*開催期間中、1日1回 最大7回 ログインボーナスをプレゼント！*
`英霊結晶・太陽のフォウくん X 5
`_2024-11-03 19:33:30_
--------
