【登录信息】
*dd8a2566a5b65de4395b4ad601c24b63*
`登陆天数: 64天 / 1749天
等级: 129
石头: 3
呼符: 1
体力: 19459.336666666666 / 138
友情点: 0 / 1387465`
*連続ログイン1日目
※ログインが途切れるか、7日到達すると
1日目から再開されます*
`フレンドポイント X 2000
11月交換券(2024) X 1
`*秋の戦力増強キャンペーン特別ログインボーナス！*
*開催期間中、1日1回 最大7回 ログインボーナスをプレゼント！*
`叡智の業火 X 3
`_2024-11-04 19:32:17_
--------
*6d5ca542919ff7bd8aa39f1c722c144e*
`登陆天数: 64天 / 1701天
等级: 129
石头: 221
呼符: 0
体力: 41970.74333333333 / 138
友情点: 0 / 1287595`
*連続ログイン1日目
※ログインが途切れるか、7日到達すると
1日目から再開されます*
`フレンドポイント X 2000
11月交換券(2024) X 1
`*秋の戦力増強キャンペーン特別ログインボーナス！*
*開催期間中、1日1回 最大7回 ログインボーナスをプレゼント！*
`叡智の業火 X 3
`_2024-11-04 19:32:28_
--------
*1abe952f3d6bd604edb9f7f4a463035b*
`登陆天数: 64天 / 1748天
等级: 129
石头: 62
呼符: 0
体力: 46402.81 / 138
友情点: 0 / 1393645`
*連続ログイン1日目
※ログインが途切れるか、7日到達すると
1日目から再開されます*
`フレンドポイント X 2000
11月交換券(2024) X 1
`*秋の戦力増強キャンペーン特別ログインボーナス！*
*開催期間中、1日1回 最大7回 ログインボーナスをプレゼント！*
`叡智の業火 X 3
`_2024-11-04 19:32:37_
--------
*1a902f4ba35e832fe58830625e6b0b6b*
`登陆天数: 64天 / 1727天
等级: 129
石头: 0
呼符: 0
体力: 44687.206666666665 / 138
友情点: 0 / 1388235`
*連続ログイン1日目
※ログインが途切れるか、7日到達すると
1日目から再開されます*
`フレンドポイント X 2000
11月交換券(2024) X 1
`*秋の戦力増強キャンペーン特別ログインボーナス！*
*開催期間中、1日1回 最大7回 ログインボーナスをプレゼント！*
`叡智の業火 X 3
`_2024-11-04 19:32:46_
--------
*db5310d98f17767619701f01b70a1e40*
`登陆天数: 64天 / 1678天
等级: 129
石头: 12
呼符: 0
体力: 44949.05 / 138
友情点: 0 / 1262995`
*連続ログイン1日目
※ログインが途切れるか、7日到達すると
1日目から再開されます*
`フレンドポイント X 2000
11月交換券(2024) X 1
`*秋の戦力増強キャンペーン特別ログインボーナス！*
*開催期間中、1日1回 最大7回 ログインボーナスをプレゼント！*
`叡智の業火 X 3
`_2024-11-04 19:32:55_
--------
*85858777c7c06124b856aad27f70eca9*
`登陆天数: 64天 / 1724天
等级: 129
石头: 262
呼符: 0
体力: 46336.306666666664 / 138
友情点: 0 / 1373715`
*連続ログイン1日目
※ログインが途切れるか、7日到達すると
1日目から再開されます*
`フレンドポイント X 2000
11月交換券(2024) X 1
`*秋の戦力増強キャンペーン特別ログインボーナス！*
*開催期間中、1日1回 最大7回 ログインボーナスをプレゼント！*
`叡智の業火 X 3
`_2024-11-04 19:33:04_
--------
*1da1212b135b434f5e326def19d5e428*
`登陆天数: 64天 / 1721天
等级: 129
石头: 503
呼符: 0
体力: 46353.503333333334 / 138
友情点: 0 / 1386420`
*連続ログイン1日目
※ログインが途切れるか、7日到達すると
1日目から再開されます*
`フレンドポイント X 2000
11月交換券(2024) X 1
`*秋の戦力増強キャンペーン特別ログインボーナス！*
*開催期間中、1日1回 最大7回 ログインボーナスをプレゼント！*
`叡智の業火 X 3
`_2024-11-04 19:33:13_
--------
*1a902bbc5519643f0e050c677ea7fe62*
`登陆天数: 64天 / 1749天
等级: 129
石头: 21
呼符: 0
体力: 45003.65666666667 / 138
友情点: 0 / 1396190`
*連続ログイン1日目
※ログインが途切れるか、7日到達すると
1日目から再開されます*
`フレンドポイント X 2000
11月交換券(2024) X 1
`*秋の戦力増強キャンペーン特別ログインボーナス！*
*開催期間中、1日1回 最大7回 ログインボーナスをプレゼント！*
`叡智の業火 X 3
`_2024-11-04 19:33:22_
--------
*5de9e66b5ba9da9f403829f3cc4619cf*
`登陆天数: 64天 / 1717天
等级: 129
石头: 2012
呼符: 0
体力: 44671.14333333333 / 138
友情点: 0 / 1381310`
*連続ログイン1日目
※ログインが途切れるか、7日到達すると
1日目から再開されます*
`フレンドポイント X 2000
11月交換券(2024) X 1
`*秋の戦力増強キャンペーン特別ログインボーナス！*
*開催期間中、1日1回 最大7回 ログインボーナスをプレゼント！*
`叡智の業火 X 3
`_2024-11-04 19:33:34_
--------
