【登录信息】
*6d5ca542919ff7bd8aa39f1c722c144e*
`登陆天数: 65天 / 1702天
等级: 129
石头: 221
呼符: 0
体力: 42259.12333333334 / 138
友情点: 0 / 1287595`
*連続ログイン2日目
※ログインが途切れるか、7日到達すると
1日目から再開されます*
`聖晶石 X 1
11月交換券(2024) X 1
`*秋の戦力増強キャンペーン特別ログインボーナス！*
*開催期間中、1日1回 最大7回 ログインボーナスをプレゼント！*
`QP X 3000000
`_2024-11-05 19:34:22_
--------
*1abe952f3d6bd604edb9f7f4a463035b*
`登陆天数: 65天 / 1749天
等级: 129
石头: 62
呼符: 0
体力: 46691.19 / 138
友情点: 0 / 1393645`
*連続ログイン2日目
※ログインが途切れるか、7日到達すると
1日目から再開されます*
`聖晶石 X 1
11月交換券(2024) X 1
`*秋の戦力増強キャンペーン特別ログインボーナス！*
*開催期間中、1日1回 最大7回 ログインボーナスをプレゼント！*
`QP X 3000000
`_2024-11-05 19:34:30_
--------
*1a902f4ba35e832fe58830625e6b0b6b*
`登陆天数: 65天 / 1728天
等级: 129
石头: 0
呼符: 0
体力: 44975.58666666667 / 138
友情点: 0 / 1388235`
*連続ログイン2日目
※ログインが途切れるか、7日到達すると
1日目から再開されます*
`聖晶石 X 1
11月交換券(2024) X 1
`*秋の戦力増強キャンペーン特別ログインボーナス！*
*開催期間中、1日1回 最大7回 ログインボーナスをプレゼント！*
`QP X 3000000
`_2024-11-05 19:34:39_
--------
*db5310d98f17767619701f01b70a1e40*
`登陆天数: 65天 / 1679天
等级: 129
石头: 12
呼符: 0
体力: 45237.43 / 138
友情点: 0 / 1262995`
*連続ログイン2日目
※ログインが途切れるか、7日到達すると
1日目から再開されます*
`聖晶石 X 1
11月交換券(2024) X 1
`*秋の戦力増強キャンペーン特別ログインボーナス！*
*開催期間中、1日1回 最大7回 ログインボーナスをプレゼント！*
`QP X 3000000
`_2024-11-05 19:34:48_
--------
*85858777c7c06124b856aad27f70eca9*
`登陆天数: 65天 / 1725天
等级: 129
石头: 262
呼符: 0
体力: 46624.68666666667 / 138
友情点: 0 / 1373715`
*連続ログイン2日目
※ログインが途切れるか、7日到達すると
1日目から再開されます*
`聖晶石 X 1
11月交換券(2024) X 1
`*秋の戦力増強キャンペーン特別ログインボーナス！*
*開催期間中、1日1回 最大7回 ログインボーナスをプレゼント！*
`QP X 3000000
`_2024-11-05 19:34:58_
--------
*1da1212b135b434f5e326def19d5e428*
`登陆天数: 65天 / 1722天
等级: 129
石头: 503
呼符: 0
体力: 46641.88 / 138
友情点: 0 / 1386420`
*連続ログイン2日目
※ログインが途切れるか、7日到達すると
1日目から再開されます*
`聖晶石 X 1
11月交換券(2024) X 1
`*秋の戦力増強キャンペーン特別ログインボーナス！*
*開催期間中、1日1回 最大7回 ログインボーナスをプレゼント！*
`QP X 3000000
`_2024-11-05 19:35:06_
--------
*1a902bbc5519643f0e050c677ea7fe62*
`登陆天数: 65天 / 1750天
等级: 129
石头: 21
呼符: 0
体力: 45292.03666666667 / 138
友情点: 0 / 1396190`
*連続ログイン2日目
※ログインが途切れるか、7日到達すると
1日目から再開されます*
`聖晶石 X 1
11月交換券(2024) X 1
`*秋の戦力増強キャンペーン特別ログインボーナス！*
*開催期間中、1日1回 最大7回 ログインボーナスをプレゼント！*
`QP X 3000000
`_2024-11-05 19:35:16_
--------
*5de9e66b5ba9da9f403829f3cc4619cf*
`登陆天数: 65天 / 1718天
等级: 129
石头: 102
呼符: 0
体力: 44959.52 / 138
友情点: 0 / 1387310`
*連続ログイン2日目
※ログインが途切れるか、7日到達すると
1日目から再開されます*
`聖晶石 X 1
11月交換券(2024) X 1
`*秋の戦力増強キャンペーン特別ログインボーナス！*
*開催期間中、1日1回 最大7回 ログインボーナスをプレゼント！*
`QP X 3000000
`_2024-11-05 19:35:27_
--------
