【登录信息】
*dd8a2566a5b65de4395b4ad601c24b63*
`登陆天数: 53天 / 1685天
等级: 129
石头: 1194
呼符: 0
体力: 739.98 / 138
友情点: 0 / 1369465`
*連続ログイン4日目
※ログインが途切れるか、7日到達すると
1日目から再開されます*
`聖晶石 X 1
9月交換券(2024) X 1
`*奏章Ⅲ 新霊長後継戦 アーキタイプ・インセプション 開幕記念 ログインボーナス*
*開催期間中、1日1回 最大78回 ログインボーナスをプレゼント！*
`白銀の果実 X 1
`_2024-08-31 19:35:30_
--------
*4b5176d7fc3bc906431fdca39588da94*
`登陆天数: 53天 / 1702天
等级: 129
石头: 2999
呼符: 0
体力: 25855.666666666668 / 138
友情点: 0 / 1376690`
*連続ログイン4日目
※ログインが途切れるか、7日到達すると
1日目から再開されます*
`聖晶石 X 1
9月交換券(2024) X 1
`*奏章Ⅲ 新霊長後継戦 アーキタイプ・インセプション 開幕記念 ログインボーナス*
*開催期間中、1日1回 最大78回 ログインボーナスをプレゼント！*
`白銀の果実 X 1
`_2024-08-31 19:35:38_
--------
*6d5ca542919ff7bd8aa39f1c722c144e*
`登陆天数: 16天 / 1637天
等级: 129
石头: 3018
呼符: 0
体力: 23251.406666666666 / 138
友情点: 0 / 1267595`
*連続ログイン2日目
※ログインが途切れるか、7日到達すると
1日目から再開されます*
`聖晶石 X 1
9月交換券(2024) X 1
`*奏章Ⅲ 新霊長後継戦 アーキタイプ・インセプション 開幕記念 ログインボーナス*
*開催期間中、1日1回 最大78回 ログインボーナスをプレゼント！*
`白銀の果実 X 1
`_2024-08-31 19:35:47_
--------
*1abe952f3d6bd604edb9f7f4a463035b*
`登陆天数: 53天 / 1684天
等级: 129
石头: 2586
呼符: 0
体力: 27683.47333333333 / 138
友情点: 0 / 1377645`
*連続ログイン4日目
※ログインが途切れるか、7日到達すると
1日目から再開されます*
`聖晶石 X 1
9月交換券(2024) X 1
`*奏章Ⅲ 新霊長後継戦 アーキタイプ・インセプション 開幕記念 ログインボーナス*
*開催期間中、1日1回 最大78回 ログインボーナスをプレゼント！*
`白銀の果実 X 1
`_2024-08-31 19:35:55_
--------
*1a902f4ba35e832fe58830625e6b0b6b*
`登陆天数: 53天 / 1663天
等级: 129
石头: 1650
呼符: 0
体力: 25967.866666666665 / 138
友情点: 0 / 1372235`
*連続ログイン4日目
※ログインが途切れるか、7日到達すると
1日目から再開されます*
`聖晶石 X 1
9月交換券(2024) X 1
`*奏章Ⅲ 新霊長後継戦 アーキタイプ・インセプション 開幕記念 ログインボーナス*
*開催期間中、1日1回 最大78回 ログインボーナスをプレゼント！*
`白銀の果実 X 1
`_2024-08-31 19:36:04_
--------
*db5310d98f17767619701f01b70a1e40*
`登陆天数: 53天 / 1614天
等级: 129
石头: 2490
呼符: 0
体力: 26229.71 / 138
友情点: 0 / 1246995`
*連続ログイン4日目
※ログインが途切れるか、7日到達すると
1日目から再開されます*
`聖晶石 X 1
9月交換券(2024) X 1
`*奏章Ⅲ 新霊長後継戦 アーキタイプ・インセプション 開幕記念 ログインボーナス*
*開催期間中、1日1回 最大78回 ログインボーナスをプレゼント！*
`白銀の果実 X 1
`_2024-08-31 19:36:13_
--------
*85858777c7c06124b856aad27f70eca9*
`登陆天数: 53天 / 1660天
等级: 129
石头: 1800
呼符: 0
体力: 27616.966666666667 / 138
友情点: 0 / 1367715`
*連続ログイン4日目
※ログインが途切れるか、7日到達すると
1日目から再開されます*
`聖晶石 X 1
9月交換券(2024) X 1
`*奏章Ⅲ 新霊長後継戦 アーキタイプ・インセプション 開幕記念 ログインボーナス*
*開催期間中、1日1回 最大78回 ログインボーナスをプレゼント！*
`白銀の果実 X 1
`_2024-08-31 19:36:21_
--------
*1da1212b135b434f5e326def19d5e428*
`登陆天数: 53天 / 1657天
等级: 129
石头: 1530
呼符: 0
体力: 27634.16 / 138
友情点: 0 / 1380420`
*連続ログイン4日目
※ログインが途切れるか、7日到達すると
1日目から再開されます*
`聖晶石 X 1
9月交換券(2024) X 1
`*奏章Ⅲ 新霊長後継戦 アーキタイプ・インセプション 開幕記念 ログインボーナス*
*開催期間中、1日1回 最大78回 ログインボーナスをプレゼント！*
`白銀の果実 X 1
`_2024-08-31 19:36:30_
--------
*1a902bbc5519643f0e050c677ea7fe62*
`登陆天数: 53天 / 1685天
等级: 129
石头: 1082
呼符: 0
体力: 26284.316666666666 / 138
友情点: 0 / 1390190`
*連続ログイン4日目
※ログインが途切れるか、7日到達すると
1日目から再開されます*
`聖晶石 X 1
9月交換券(2024) X 1
`*奏章Ⅲ 新霊長後継戦 アーキタイプ・インセプション 開幕記念 ログインボーナス*
*開催期間中、1日1回 最大78回 ログインボーナスをプレゼント！*
`白銀の果実 X 1
`_2024-08-31 19:36:39_
--------
*9b7822cdfd2b8e6edd1188d60e373805*
`登陆天数: 53天 / 1677天
等级: 129
石头: 2024
呼符: 0
体力: 25990.906666666666 / 138
友情点: 0 / 1376445`
*連続ログイン4日目
※ログインが途切れるか、7日到達すると
1日目から再開されます*
`聖晶石 X 1
9月交換券(2024) X 1
`*奏章Ⅲ 新霊長後継戦 アーキタイプ・インセプション 開幕記念 ログインボーナス*
*開催期間中、1日1回 最大78回 ログインボーナスをプレゼント！*
`白銀の果実 X 1
`_2024-08-31 19:36:48_
--------
*5de9e66b5ba9da9f403829f3cc4619cf*
`登陆天数: 53天 / 1653天
等级: 129
石头: 3002
呼符: 0
体力: 25951.82 / 138
友情点: 0 / 1363310`
*連続ログイン4日目
※ログインが途切れるか、7日到達すると
1日目から再開されます*
`聖晶石 X 1
9月交換券(2024) X 1
`*奏章Ⅲ 新霊長後継戦 アーキタイプ・インセプション 開幕記念 ログインボーナス*
*開催期間中、1日1回 最大78回 ログインボーナスをプレゼント！*
`白銀の果実 X 1
`_2024-08-31 19:36:56_
--------
