【登录信息】
*dd8a2566a5b65de4395b4ad601c24b63*
`登陆天数: 1天 / 1686天
等级: 129
石头: 1194
呼符: 0
体力: 1316.68 / 138
友情点: 0 / 1369465`
*連続ログイン1日目
※ログインが途切れるか、7日到達すると
1日目から再開されます*
`フレンドポイント X 2000
9月交換券(2024) X 1
`*使用期限付コンティニューアイテムプレゼント！*
*開催期間中、初回ログインでコンティニューアイテム「霊脈石×3」をプレゼント！*
`霊脈石 X 3
`_2024-09-02 19:39:00_
--------
*4b5176d7fc3bc906431fdca39588da94*
`登陆天数: 1天 / 1703天
等级: 129
石头: 2999
呼符: 0
体力: 26432.37 / 138
友情点: 0 / 1376690`
*連続ログイン1日目
※ログインが途切れるか、7日到達すると
1日目から再開されます*
`フレンドポイント X 2000
9月交換券(2024) X 1
`*使用期限付コンティニューアイテムプレゼント！*
*開催期間中、初回ログインでコンティニューアイテム「霊脈石×3」をプレゼント！*
`霊脈石 X 3
`_2024-09-02 19:39:09_
--------
*6d5ca542919ff7bd8aa39f1c722c144e*
`登陆天数: 1天 / 1638天
等级: 129
石头: 3018
呼符: 0
体力: 23828.11 / 138
友情点: 0 / 1267595`
*連続ログイン1日目
※ログインが途切れるか、7日到達すると
1日目から再開されます*
`フレンドポイント X 2000
9月交換券(2024) X 1
`*使用期限付コンティニューアイテムプレゼント！*
*開催期間中、初回ログインでコンティニューアイテム「霊脈石×3」をプレゼント！*
`霊脈石 X 3
`_2024-09-02 19:39:17_
--------
*1abe952f3d6bd604edb9f7f4a463035b*
`登陆天数: 1天 / 1685天
等级: 129
石头: 2586
呼符: 0
体力: 28260.173333333332 / 138
友情点: 0 / 1377645`
*連続ログイン1日目
※ログインが途切れるか、7日到達すると
1日目から再開されます*
`フレンドポイント X 2000
9月交換券(2024) X 1
`*使用期限付コンティニューアイテムプレゼント！*
*開催期間中、初回ログインでコンティニューアイテム「霊脈石×3」をプレゼント！*
`霊脈石 X 3
`_2024-09-02 19:39:26_
--------
*1a902f4ba35e832fe58830625e6b0b6b*
`登陆天数: 1天 / 1664天
等级: 129
石头: 1650
呼符: 0
体力: 26544.57 / 138
友情点: 0 / 1372235`
*連続ログイン1日目
※ログインが途切れるか、7日到達すると
1日目から再開されます*
`フレンドポイント X 2000
9月交換券(2024) X 1
`*使用期限付コンティニューアイテムプレゼント！*
*開催期間中、初回ログインでコンティニューアイテム「霊脈石×3」をプレゼント！*
`霊脈石 X 3
`_2024-09-02 19:39:35_
--------
*db5310d98f17767619701f01b70a1e40*
`登陆天数: 1天 / 1615天
等级: 129
石头: 2490
呼符: 0
体力: 26806.413333333334 / 138
友情点: 0 / 1246995`
*連続ログイン1日目
※ログインが途切れるか、7日到達すると
1日目から再開されます*
`フレンドポイント X 2000
9月交換券(2024) X 1
`*使用期限付コンティニューアイテムプレゼント！*
*開催期間中、初回ログインでコンティニューアイテム「霊脈石×3」をプレゼント！*
`霊脈石 X 3
`_2024-09-02 19:39:44_
--------
*85858777c7c06124b856aad27f70eca9*
`登陆天数: 1天 / 1661天
等级: 129
石头: 1800
呼符: 0
体力: 28193.673333333332 / 138
友情点: 0 / 1367715`
*連続ログイン1日目
※ログインが途切れるか、7日到達すると
1日目から再開されます*
`フレンドポイント X 2000
9月交換券(2024) X 1
`*使用期限付コンティニューアイテムプレゼント！*
*開催期間中、初回ログインでコンティニューアイテム「霊脈石×3」をプレゼント！*
`霊脈石 X 3
`_2024-09-02 19:39:53_
--------
*1da1212b135b434f5e326def19d5e428*
`登陆天数: 1天 / 1658天
等级: 129
石头: 1530
呼符: 0
体力: 28210.87 / 138
友情点: 0 / 1380420`
*連続ログイン1日目
※ログインが途切れるか、7日到達すると
1日目から再開されます*
`フレンドポイント X 2000
9月交換券(2024) X 1
`*使用期限付コンティニューアイテムプレゼント！*
*開催期間中、初回ログインでコンティニューアイテム「霊脈石×3」をプレゼント！*
`霊脈石 X 3
`_2024-09-02 19:40:02_
--------
*1a902bbc5519643f0e050c677ea7fe62*
`登陆天数: 1天 / 1686天
等级: 129
石头: 1082
呼符: 0
体力: 26861.02666666667 / 138
友情点: 0 / 1390190`
*連続ログイン1日目
※ログインが途切れるか、7日到達すると
1日目から再開されます*
`フレンドポイント X 2000
9月交換券(2024) X 1
`*使用期限付コンティニューアイテムプレゼント！*
*開催期間中、初回ログインでコンティニューアイテム「霊脈石×3」をプレゼント！*
`霊脈石 X 3
`_2024-09-02 19:40:12_
--------
*9b7822cdfd2b8e6edd1188d60e373805*
`登陆天数: 1天 / 1678天
等级: 129
石头: 2024
呼符: 0
体力: 26567.616666666665 / 138
友情点: 0 / 1376445`
*連続ログイン1日目
※ログインが途切れるか、7日到達すると
1日目から再開されます*
`フレンドポイント X 2000
9月交換券(2024) X 1
`*使用期限付コンティニューアイテムプレゼント！*
*開催期間中、初回ログインでコンティニューアイテム「霊脈石×3」をプレゼント！*
`霊脈石 X 3
`_2024-09-02 19:40:21_
--------
*5de9e66b5ba9da9f403829f3cc4619cf*
`登陆天数: 1天 / 1654天
等级: 129
石头: 3002
呼符: 0
体力: 26528.53 / 138
友情点: 0 / 1363310`
*連続ログイン1日目
※ログインが途切れるか、7日到達すると
1日目から再開されます*
`フレンドポイント X 2000
9月交換券(2024) X 1
`*使用期限付コンティニューアイテムプレゼント！*
*開催期間中、初回ログインでコンティニューアイテム「霊脈石×3」をプレゼント！*
`霊脈石 X 3
`_2024-09-02 19:40:30_
--------
