【登录信息】
*dd8a2566a5b65de4395b4ad601c24b63*
`登陆天数: 2天 / 1687天
等级: 129
石头: 1206
呼符: 0
体力: 1604.45 / 138
友情点: 0 / 1371465`
*連続ログイン2日目
※ログインが途切れるか、7日到達すると
1日目から再開されます*
`聖晶石 X 1
9月交換券(2024) X 1
`*奏章Ⅲ 新霊長後継戦 アーキタイプ・インセプション 開幕記念 ログインボーナス*
*開催期間中、1日1回 最大78回 ログインボーナスをプレゼント！*
`白銀の果実 X 1
`_2024-09-03 19:37:51_
--------
*4b5176d7fc3bc906431fdca39588da94*
`登陆天数: 2天 / 1704天
等级: 129
石头: 2999
呼符: 0
体力: 26720.14 / 138
友情点: 0 / 1376690`
*連続ログイン2日目
※ログインが途切れるか、7日到達すると
1日目から再開されます*
`聖晶石 X 1
9月交換券(2024) X 1
`*奏章Ⅲ 新霊長後継戦 アーキタイプ・インセプション 開幕記念 ログインボーナス*
*開催期間中、1日1回 最大78回 ログインボーナスをプレゼント！*
`白銀の果実 X 1
`_2024-09-03 19:38:00_
--------
*6d5ca542919ff7bd8aa39f1c722c144e*
`登陆天数: 2天 / 1639天
等级: 129
石头: 3018
呼符: 0
体力: 24115.876666666667 / 138
友情点: 0 / 1267595`
*連続ログイン2日目
※ログインが途切れるか、7日到達すると
1日目から再開されます*
`聖晶石 X 1
9月交換券(2024) X 1
`*奏章Ⅲ 新霊長後継戦 アーキタイプ・インセプション 開幕記念 ログインボーナス*
*開催期間中、1日1回 最大78回 ログインボーナスをプレゼント！*
`白銀の果実 X 1
`_2024-09-03 19:38:08_
--------
*1abe952f3d6bd604edb9f7f4a463035b*
`登陆天数: 2天 / 1686天
等级: 129
石头: 1005
呼符: 0
体力: 28547.94 / 138
友情点: 0 / 1383645`
*連続ログイン2日目
※ログインが途切れるか、7日到達すると
1日目から再開されます*
`聖晶石 X 1
9月交換券(2024) X 1
`*奏章Ⅲ 新霊長後継戦 アーキタイプ・インセプション 開幕記念 ログインボーナス*
*開催期間中、1日1回 最大78回 ログインボーナスをプレゼント！*
`白銀の果実 X 1
`_2024-09-03 19:38:16_
--------
*1a902f4ba35e832fe58830625e6b0b6b*
`登陆天数: 2天 / 1665天
等级: 129
石头: 1650
呼符: 0
体力: 26832.336666666666 / 138
友情点: 0 / 1372235`
*連続ログイン2日目
※ログインが途切れるか、7日到達すると
1日目から再開されます*
`聖晶石 X 1
9月交換券(2024) X 1
`*奏章Ⅲ 新霊長後継戦 アーキタイプ・インセプション 開幕記念 ログインボーナス*
*開催期間中、1日1回 最大78回 ログインボーナスをプレゼント！*
`白銀の果実 X 1
`_2024-09-03 19:38:25_
--------
*db5310d98f17767619701f01b70a1e40*
`登陆天数: 2天 / 1616天
等级: 129
石头: 2490
呼符: 0
体力: 27094.176666666666 / 138
友情点: 0 / 1246995`
*連続ログイン2日目
※ログインが途切れるか、7日到達すると
1日目から再開されます*
`聖晶石 X 1
9月交換券(2024) X 1
`*奏章Ⅲ 新霊長後継戦 アーキタイプ・インセプション 開幕記念 ログインボーナス*
*開催期間中、1日1回 最大78回 ログインボーナスをプレゼント！*
`白銀の果実 X 1
`_2024-09-03 19:38:33_
--------
*85858777c7c06124b856aad27f70eca9*
`登陆天数: 2天 / 1662天
等级: 129
石头: 1800
呼符: 0
体力: 28481.433333333334 / 138
友情点: 0 / 1367715`
*連続ログイン2日目
※ログインが途切れるか、7日到達すると
1日目から再開されます*
`聖晶石 X 1
9月交換券(2024) X 1
`*奏章Ⅲ 新霊長後継戦 アーキタイプ・インセプション 開幕記念 ログインボーナス*
*開催期間中、1日1回 最大78回 ログインボーナスをプレゼント！*
`白銀の果実 X 1
`_2024-09-03 19:38:41_
--------
*1da1212b135b434f5e326def19d5e428*
`登陆天数: 2天 / 1659天
等级: 129
石头: 1530
呼符: 0
体力: 28498.626666666667 / 138
友情点: 0 / 1380420`
*連続ログイン2日目
※ログインが途切れるか、7日到達すると
1日目から再開されます*
`聖晶石 X 1
9月交換券(2024) X 1
`*奏章Ⅲ 新霊長後継戦 アーキタイプ・インセプション 開幕記念 ログインボーナス*
*開催期間中、1日1回 最大78回 ログインボーナスをプレゼント！*
`白銀の果実 X 1
`_2024-09-03 19:38:50_
--------
*1a902bbc5519643f0e050c677ea7fe62*
`登陆天数: 2天 / 1687天
等级: 129
石头: 1082
呼符: 0
体力: 27148.783333333333 / 138
友情点: 0 / 1390190`
*連続ログイン2日目
※ログインが途切れるか、7日到達すると
1日目から再開されます*
`聖晶石 X 1
9月交換券(2024) X 1
`*奏章Ⅲ 新霊長後継戦 アーキタイプ・インセプション 開幕記念 ログインボーナス*
*開催期間中、1日1回 最大78回 ログインボーナスをプレゼント！*
`白銀の果実 X 1
`_2024-09-03 19:38:59_
--------
*9b7822cdfd2b8e6edd1188d60e373805*
`登陆天数: 2天 / 1679天
等级: 129
石头: 2024
呼符: 0
体力: 26855.373333333333 / 138
友情点: 0 / 1376445`
*連続ログイン2日目
※ログインが途切れるか、7日到達すると
1日目から再開されます*
`聖晶石 X 1
9月交換券(2024) X 1
`*奏章Ⅲ 新霊長後継戦 アーキタイプ・インセプション 開幕記念 ログインボーナス*
*開催期間中、1日1回 最大78回 ログインボーナスをプレゼント！*
`白銀の果実 X 1
`_2024-09-03 19:39:08_
--------
*5de9e66b5ba9da9f403829f3cc4619cf*
`登陆天数: 2天 / 1655天
等级: 129
石头: 3002
呼符: 0
体力: 26816.283333333333 / 138
友情点: 0 / 1363310`
*連続ログイン2日目
※ログインが途切れるか、7日到達すると
1日目から再開されます*
`聖晶石 X 1
9月交換券(2024) X 1
`*奏章Ⅲ 新霊長後継戦 アーキタイプ・インセプション 開幕記念 ログインボーナス*
*開催期間中、1日1回 最大78回 ログインボーナスをプレゼント！*
`白銀の果実 X 1
`_2024-09-03 19:39:16_
--------
