【登录信息】
*dd8a2566a5b65de4395b4ad601c24b63*
`登陆天数: 3天 / 1688天
等级: 129
石头: 1206
呼符: 0
体力: 1891.9833333333333 / 138
友情点: 0 / 1371465`
*連続ログイン3日目
※ログインが途切れるか、7日到達すると
1日目から再開されます*
`叡智の業火 X 1
9月交換券(2024) X 1
`*奏章Ⅲ 新霊長後継戦 アーキタイプ・インセプション 開幕記念 ログインボーナス*
*開催期間中、1日1回 最大78回 ログインボーナスをプレゼント！*
`白銀の果実 X 1
`_2024-09-04 19:35:31_
--------
*4b5176d7fc3bc906431fdca39588da94*
`登陆天数: 3天 / 1705天
等级: 129
石头: 2999
呼符: 0
体力: 27007.673333333332 / 138
友情点: 0 / 1376690`
*連続ログイン3日目
※ログインが途切れるか、7日到達すると
1日目から再開されます*
`叡智の業火 X 1
9月交換券(2024) X 1
`*奏章Ⅲ 新霊長後継戦 アーキタイプ・インセプション 開幕記念 ログインボーナス*
*開催期間中、1日1回 最大78回 ログインボーナスをプレゼント！*
`白銀の果実 X 1
`_2024-09-04 19:35:39_
--------
*6d5ca542919ff7bd8aa39f1c722c144e*
`登陆天数: 3天 / 1640天
等级: 129
石头: 3018
呼符: 0
体力: 24403.41 / 138
友情点: 0 / 1267595`
*連続ログイン3日目
※ログインが途切れるか、7日到達すると
1日目から再開されます*
`叡智の業火 X 1
9月交換券(2024) X 1
`*奏章Ⅲ 新霊長後継戦 アーキタイプ・インセプション 開幕記念 ログインボーナス*
*開催期間中、1日1回 最大78回 ログインボーナスをプレゼント！*
`白銀の果実 X 1
`_2024-09-04 19:35:48_
--------
*1abe952f3d6bd604edb9f7f4a463035b*
`登陆天数: 3天 / 1687天
等级: 129
石头: 1005
呼符: 0
体力: 28835.476666666666 / 138
友情点: 0 / 1383645`
*連続ログイン3日目
※ログインが途切れるか、7日到達すると
1日目から再開されます*
`叡智の業火 X 1
9月交換券(2024) X 1
`*奏章Ⅲ 新霊長後継戦 アーキタイプ・インセプション 開幕記念 ログインボーナス*
*開催期間中、1日1回 最大78回 ログインボーナスをプレゼント！*
`白銀の果実 X 1
`_2024-09-04 19:35:57_
--------
*1a902f4ba35e832fe58830625e6b0b6b*
`登陆天数: 3天 / 1666天
等级: 129
石头: 910
呼符: 0
体力: 27119.873333333333 / 138
友情点: 0 / 1378235`
*連続ログイン3日目
※ログインが途切れるか、7日到達すると
1日目から再開されます*
`叡智の業火 X 1
9月交換券(2024) X 1
`*奏章Ⅲ 新霊長後継戦 アーキタイプ・インセプション 開幕記念 ログインボーナス*
*開催期間中、1日1回 最大78回 ログインボーナスをプレゼント！*
`白銀の果実 X 1
`_2024-09-04 19:36:06_
--------
*db5310d98f17767619701f01b70a1e40*
`登陆天数: 3天 / 1617天
等级: 129
石头: 1192
呼符: 0
体力: 27381.716666666667 / 138
友情点: 0 / 1252995`
*連続ログイン3日目
※ログインが途切れるか、7日到達すると
1日目から再開されます*
`叡智の業火 X 1
9月交換券(2024) X 1
`*奏章Ⅲ 新霊長後継戦 アーキタイプ・インセプション 開幕記念 ログインボーナス*
*開催期間中、1日1回 最大78回 ログインボーナスをプレゼント！*
`白銀の果実 X 1
`_2024-09-04 19:36:14_
--------
*85858777c7c06124b856aad27f70eca9*
`登陆天数: 3天 / 1663天
等级: 129
石头: 262
呼符: 0
体力: 28768.97333333333 / 138
友情点: 0 / 1373715`
*連続ログイン3日目
※ログインが途切れるか、7日到達すると
1日目から再開されます*
`叡智の業火 X 1
9月交換券(2024) X 1
`*奏章Ⅲ 新霊長後継戦 アーキタイプ・インセプション 開幕記念 ログインボーナス*
*開催期間中、1日1回 最大78回 ログインボーナスをプレゼント！*
`白銀の果実 X 1
`_2024-09-04 19:36:23_
--------
*1da1212b135b434f5e326def19d5e428*
`登陆天数: 3天 / 1660天
等级: 129
石头: 1530
呼符: 0
体力: 28786.166666666668 / 138
友情点: 0 / 1380420`
*連続ログイン3日目
※ログインが途切れるか、7日到達すると
1日目から再開されます*
`叡智の業火 X 1
9月交換券(2024) X 1
`*奏章Ⅲ 新霊長後継戦 アーキタイプ・インセプション 開幕記念 ログインボーナス*
*開催期間中、1日1回 最大78回 ログインボーナスをプレゼント！*
`白銀の果実 X 1
`_2024-09-04 19:36:33_
--------
*1a902bbc5519643f0e050c677ea7fe62*
`登陆天数: 3天 / 1688天
等级: 129
石头: 1082
呼符: 0
体力: 27436.323333333334 / 138
友情点: 0 / 1390190`
*連続ログイン3日目
※ログインが途切れるか、7日到達すると
1日目から再開されます*
`叡智の業火 X 1
9月交換券(2024) X 1
`*奏章Ⅲ 新霊長後継戦 アーキタイプ・インセプション 開幕記念 ログインボーナス*
*開催期間中、1日1回 最大78回 ログインボーナスをプレゼント！*
`白銀の果実 X 1
`_2024-09-04 19:36:42_
--------
*9b7822cdfd2b8e6edd1188d60e373805*
`登陆天数: 3天 / 1680天
等级: 129
石头: 875
呼符: 0
体力: 27142.916666666668 / 138
友情点: 0 / 1382445`
*連続ログイン3日目
※ログインが途切れるか、7日到達すると
1日目から再開されます*
`叡智の業火 X 1
9月交換券(2024) X 1
`*奏章Ⅲ 新霊長後継戦 アーキタイプ・インセプション 開幕記念 ログインボーナス*
*開催期間中、1日1回 最大78回 ログインボーナスをプレゼント！*
`白銀の果実 X 1
`_2024-09-04 19:36:50_
--------
*5de9e66b5ba9da9f403829f3cc4619cf*
`登陆天数: 3天 / 1656天
等级: 129
石头: 3002
呼符: 0
体力: 27103.826666666668 / 138
友情点: 0 / 1363310`
*連続ログイン3日目
※ログインが途切れるか、7日到達すると
1日目から再開されます*
`叡智の業火 X 1
9月交換券(2024) X 1
`*奏章Ⅲ 新霊長後継戦 アーキタイプ・インセプション 開幕記念 ログインボーナス*
*開催期間中、1日1回 最大78回 ログインボーナスをプレゼント！*
`白銀の果実 X 1
`_2024-09-04 19:36:59_
--------
