【登录信息】
*dd8a2566a5b65de4395b4ad601c24b63*
`登陆天数: 4天 / 1689天
等级: 129
石头: 1206
呼符: 0
体力: 2284.99 / 138
友情点: 0 / 1371465`
_2024-09-06 04:20:32_
--------
*6d5ca542919ff7bd8aa39f1c722c144e*
`登陆天数: 4天 / 1641天
等级: 129
石头: 3041
呼符: 7
体力: 24796.396666666667 / 138
友情点: 0 / 1273595`
_2024-09-06 04:20:44_
--------
*1abe952f3d6bd604edb9f7f4a463035b*
`登陆天数: 4天 / 1688天
等级: 129
石头: 1005
呼符: 0
体力: 29228.463333333333 / 138
友情点: 0 / 1383645`
_2024-09-06 04:20:52_
--------
*1a902f4ba35e832fe58830625e6b0b6b*
`登陆天数: 4天 / 1667天
等级: 129
石头: 910
呼符: 0
体力: 27512.86 / 138
友情点: 0 / 1378235`
_2024-09-06 04:21:01_
--------
*db5310d98f17767619701f01b70a1e40*
`登陆天数: 4天 / 1618天
等级: 129
石头: 1192
呼符: 0
体力: 27774.703333333335 / 138
友情点: 0 / 1252995`
_2024-09-06 04:21:10_
--------
*85858777c7c06124b856aad27f70eca9*
`登陆天数: 4天 / 1664天
等级: 129
石头: 262
呼符: 0
体力: 29161.96 / 138
友情点: 0 / 1373715`
_2024-09-06 04:21:19_
--------
*1da1212b135b434f5e326def19d5e428*
`登陆天数: 4天 / 1661天
等级: 129
石头: 503
呼符: 0
体力: 29179.153333333332 / 138
友情点: 0 / 1386420`
_2024-09-06 04:21:29_
--------
*1a902bbc5519643f0e050c677ea7fe62*
`登陆天数: 4天 / 1689天
等级: 129
石头: 21
呼符: 0
体力: 27829.31 / 138
友情点: 0 / 1396190`
_2024-09-06 04:21:37_
--------
*9b7822cdfd2b8e6edd1188d60e373805*
`登陆天数: 4天 / 1681天
等级: 129
石头: 876
呼符: 0
体力: 27535.9 / 138
友情点: 0 / 1382445`
_2024-09-06 04:21:46_
--------
*5de9e66b5ba9da9f403829f3cc4619cf*
`登陆天数: 4天 / 1657天
等级: 129
石头: 2331
呼符: 0
体力: 27496.81333333333 / 138
友情点: 0 / 1369310`
_2024-09-06 04:21:54_
--------
