【登录信息】
*dd8a2566a5b65de4395b4ad601c24b63*
`登陆天数: 5天 / 1690天
等级: 129
石头: 1206
呼符: 0
体力: 2468.516666666667 / 138
友情点: 0 / 1371465`
*連続ログイン5日目
※ログインが途切れるか、7日到達すると
1日目から再開されます*
`叡智の業火 X 2
9月交換券(2024) X 1
`*「奏章Ⅲ 新霊長後継戦 アーキタイプ・インセプション」(中編)開幕直前カウントダウンログインボーナス*
*開催期間中、1日1回 6日間日替わりでログインボーナスをプレゼント！*
`叡智の業火 X 10
`_2024-09-06 19:38:11_
--------
*6d5ca542919ff7bd8aa39f1c722c144e*
`登陆天数: 5天 / 1642天
等级: 129
石头: 3041
呼符: 7
体力: 24979.926666666666 / 138
友情点: 0 / 1273595`
*連続ログイン5日目
※ログインが途切れるか、7日到達すると
1日目から再開されます*
`叡智の業火 X 2
9月交換券(2024) X 1
`*「奏章Ⅲ 新霊長後継戦 アーキタイプ・インセプション」(中編)開幕直前カウントダウンログインボーナス*
*開催期間中、1日1回 6日間日替わりでログインボーナスをプレゼント！*
`叡智の業火 X 10
`_2024-09-06 19:38:23_
--------
*1abe952f3d6bd604edb9f7f4a463035b*
`登陆天数: 5天 / 1689天
等级: 129
石头: 1005
呼符: 0
体力: 29411.996666666666 / 138
友情点: 0 / 1383645`
*連続ログイン5日目
※ログインが途切れるか、7日到達すると
1日目から再開されます*
`叡智の業火 X 2
9月交換券(2024) X 1
`*「奏章Ⅲ 新霊長後継戦 アーキタイプ・インセプション」(中編)開幕直前カウントダウンログインボーナス*
*開催期間中、1日1回 6日間日替わりでログインボーナスをプレゼント！*
`叡智の業火 X 10
`_2024-09-06 19:38:32_
--------
*1a902f4ba35e832fe58830625e6b0b6b*
`登陆天数: 5天 / 1668天
等级: 129
石头: 910
呼符: 0
体力: 27696.393333333333 / 138
友情点: 0 / 1378235`
*連続ログイン5日目
※ログインが途切れるか、7日到達すると
1日目から再開されます*
`叡智の業火 X 2
9月交換券(2024) X 1
`*「奏章Ⅲ 新霊長後継戦 アーキタイプ・インセプション」(中編)開幕直前カウントダウンログインボーナス*
*開催期間中、1日1回 6日間日替わりでログインボーナスをプレゼント！*
`叡智の業火 X 10
`_2024-09-06 19:38:41_
--------
*db5310d98f17767619701f01b70a1e40*
`登陆天数: 5天 / 1619天
等级: 129
石头: 1192
呼符: 0
体力: 27958.24 / 138
友情点: 0 / 1252995`
*連続ログイン5日目
※ログインが途切れるか、7日到達すると
1日目から再開されます*
`叡智の業火 X 2
9月交換券(2024) X 1
`*「奏章Ⅲ 新霊長後継戦 アーキタイプ・インセプション」(中編)開幕直前カウントダウンログインボーナス*
*開催期間中、1日1回 6日間日替わりでログインボーナスをプレゼント！*
`叡智の業火 X 10
`_2024-09-06 19:38:51_
--------
*85858777c7c06124b856aad27f70eca9*
`登陆天数: 5天 / 1665天
等级: 129
石头: 262
呼符: 0
体力: 29345.496666666666 / 138
友情点: 0 / 1373715`
*連続ログイン5日目
※ログインが途切れるか、7日到達すると
1日目から再開されます*
`叡智の業火 X 2
9月交換券(2024) X 1
`*「奏章Ⅲ 新霊長後継戦 アーキタイプ・インセプション」(中編)開幕直前カウントダウンログインボーナス*
*開催期間中、1日1回 6日間日替わりでログインボーナスをプレゼント！*
`叡智の業火 X 10
`_2024-09-06 19:39:00_
--------
*1da1212b135b434f5e326def19d5e428*
`登陆天数: 5天 / 1662天
等级: 129
石头: 503
呼符: 0
体力: 29362.696666666667 / 138
友情点: 0 / 1386420`
*連続ログイン5日目
※ログインが途切れるか、7日到達すると
1日目から再開されます*
`叡智の業火 X 2
9月交換券(2024) X 1
`*「奏章Ⅲ 新霊長後継戦 アーキタイプ・インセプション」(中編)開幕直前カウントダウンログインボーナス*
*開催期間中、1日1回 6日間日替わりでログインボーナスをプレゼント！*
`叡智の業火 X 10
`_2024-09-06 19:39:11_
--------
*1a902bbc5519643f0e050c677ea7fe62*
`登陆天数: 5天 / 1690天
等级: 129
石头: 21
呼符: 0
体力: 28012.853333333333 / 138
友情点: 0 / 1396190`
*連続ログイン5日目
※ログインが途切れるか、7日到達すると
1日目から再開されます*
`叡智の業火 X 2
9月交換券(2024) X 1
`*「奏章Ⅲ 新霊長後継戦 アーキタイプ・インセプション」(中編)開幕直前カウントダウンログインボーナス*
*開催期間中、1日1回 6日間日替わりでログインボーナスをプレゼント！*
`叡智の業火 X 10
`_2024-09-06 19:39:20_
--------
*9b7822cdfd2b8e6edd1188d60e373805*
`登陆天数: 5天 / 1682天
等级: 129
石头: 876
呼符: 0
体力: 27719.446666666667 / 138
友情点: 0 / 1382445`
*連続ログイン5日目
※ログインが途切れるか、7日到達すると
1日目から再開されます*
`叡智の業火 X 2
9月交換券(2024) X 1
`*「奏章Ⅲ 新霊長後継戦 アーキタイプ・インセプション」(中編)開幕直前カウントダウンログインボーナス*
*開催期間中、1日1回 6日間日替わりでログインボーナスをプレゼント！*
`叡智の業火 X 10
`_2024-09-06 19:39:29_
--------
*5de9e66b5ba9da9f403829f3cc4619cf*
`登陆天数: 5天 / 1658天
等级: 129
石头: 2331
呼符: 0
体力: 27680.36 / 138
友情点: 0 / 1369310`
*連続ログイン5日目
※ログインが途切れるか、7日到達すると
1日目から再開されます*
`叡智の業火 X 2
9月交換券(2024) X 1
`*「奏章Ⅲ 新霊長後継戦 アーキタイプ・インセプション」(中編)開幕直前カウントダウンログインボーナス*
*開催期間中、1日1回 6日間日替わりでログインボーナスをプレゼント！*
`叡智の業火 X 10
`_2024-09-06 19:39:39_
--------
