【登录信息】
*dd8a2566a5b65de4395b4ad601c24b63*
`登陆天数: 6天 / 1691天
等级: 129
石头: 1206
呼符: 0
体力: 2755.38 / 138
友情点: 0 / 1371465`
*連続ログイン6日目
※ログインが途切れるか、7日到達すると
1日目から再開されます*
`聖晶石 X 2
9月交換券(2024) X 1
`*「奏章Ⅲ 新霊長後継戦 アーキタイプ・インセプション」(中編)開幕直前カウントダウンログインボーナス*
*開催期間中、1日1回 6日間日替わりでログインボーナスをプレゼント！*
`QP X 3000000
`_2024-09-07 19:32:30_
--------
*6d5ca542919ff7bd8aa39f1c722c144e*
`登陆天数: 6天 / 1643天
等级: 129
石头: 3041
呼符: 7
体力: 25266.786666666667 / 138
友情点: 0 / 1273595`
*連続ログイン6日目
※ログインが途切れるか、7日到達すると
1日目から再開されます*
`聖晶石 X 2
9月交換券(2024) X 1
`*「奏章Ⅲ 新霊長後継戦 アーキタイプ・インセプション」(中編)開幕直前カウントダウンログインボーナス*
*開催期間中、1日1回 6日間日替わりでログインボーナスをプレゼント！*
`QP X 3000000
`_2024-09-07 19:32:41_
--------
*1abe952f3d6bd604edb9f7f4a463035b*
`登陆天数: 6天 / 1690天
等级: 129
石头: 1005
呼符: 0
体力: 29698.853333333333 / 138
友情点: 0 / 1383645`
*連続ログイン6日目
※ログインが途切れるか、7日到達すると
1日目から再開されます*
`聖晶石 X 2
9月交換券(2024) X 1
`*「奏章Ⅲ 新霊長後継戦 アーキタイプ・インセプション」(中編)開幕直前カウントダウンログインボーナス*
*開催期間中、1日1回 6日間日替わりでログインボーナスをプレゼント！*
`QP X 3000000
`_2024-09-07 19:32:49_
--------
*1a902f4ba35e832fe58830625e6b0b6b*
`登陆天数: 6天 / 1669天
等级: 129
石头: 910
呼符: 0
体力: 27983.25 / 138
友情点: 0 / 1378235`
*連続ログイン6日目
※ログインが途切れるか、7日到達すると
1日目から再開されます*
`聖晶石 X 2
9月交換券(2024) X 1
`*「奏章Ⅲ 新霊長後継戦 アーキタイプ・インセプション」(中編)開幕直前カウントダウンログインボーナス*
*開催期間中、1日1回 6日間日替わりでログインボーナスをプレゼント！*
`QP X 3000000
`_2024-09-07 19:32:58_
--------
*db5310d98f17767619701f01b70a1e40*
`登陆天数: 6天 / 1620天
等级: 129
石头: 1192
呼符: 0
体力: 28245.093333333334 / 138
友情点: 0 / 1252995`
*連続ログイン6日目
※ログインが途切れるか、7日到達すると
1日目から再開されます*
`聖晶石 X 2
9月交換券(2024) X 1
`*「奏章Ⅲ 新霊長後継戦 アーキタイプ・インセプション」(中編)開幕直前カウントダウンログインボーナス*
*開催期間中、1日1回 6日間日替わりでログインボーナスをプレゼント！*
`QP X 3000000
`_2024-09-07 19:33:07_
--------
*85858777c7c06124b856aad27f70eca9*
`登陆天数: 6天 / 1666天
等级: 129
石头: 262
呼符: 0
体力: 29632.35 / 138
友情点: 0 / 1373715`
*連続ログイン6日目
※ログインが途切れるか、7日到達すると
1日目から再開されます*
`聖晶石 X 2
9月交換券(2024) X 1
`*「奏章Ⅲ 新霊長後継戦 アーキタイプ・インセプション」(中編)開幕直前カウントダウンログインボーナス*
*開催期間中、1日1回 6日間日替わりでログインボーナスをプレゼント！*
`QP X 3000000
`_2024-09-07 19:33:16_
--------
*1da1212b135b434f5e326def19d5e428*
`登陆天数: 6天 / 1663天
等级: 129
石头: 503
呼符: 0
体力: 29649.543333333335 / 138
友情点: 0 / 1386420`
*連続ログイン6日目
※ログインが途切れるか、7日到達すると
1日目から再開されます*
`聖晶石 X 2
9月交換券(2024) X 1
`*「奏章Ⅲ 新霊長後継戦 アーキタイプ・インセプション」(中編)開幕直前カウントダウンログインボーナス*
*開催期間中、1日1回 6日間日替わりでログインボーナスをプレゼント！*
`QP X 3000000
`_2024-09-07 19:33:25_
--------
*1a902bbc5519643f0e050c677ea7fe62*
`登陆天数: 6天 / 1691天
等级: 129
石头: 21
呼符: 0
体力: 28299.7 / 138
友情点: 0 / 1396190`
*連続ログイン6日目
※ログインが途切れるか、7日到達すると
1日目から再開されます*
`聖晶石 X 2
9月交換券(2024) X 1
`*「奏章Ⅲ 新霊長後継戦 アーキタイプ・インセプション」(中編)開幕直前カウントダウンログインボーナス*
*開催期間中、1日1回 6日間日替わりでログインボーナスをプレゼント！*
`QP X 3000000
`_2024-09-07 19:33:34_
--------
*9b7822cdfd2b8e6edd1188d60e373805*
`登陆天数: 6天 / 1683天
等级: 129
石头: 876
呼符: 0
体力: 28006.29 / 138
友情点: 0 / 1382445`
*連続ログイン6日目
※ログインが途切れるか、7日到達すると
1日目から再開されます*
`聖晶石 X 2
9月交換券(2024) X 1
`*「奏章Ⅲ 新霊長後継戦 アーキタイプ・インセプション」(中編)開幕直前カウントダウンログインボーナス*
*開催期間中、1日1回 6日間日替わりでログインボーナスをプレゼント！*
`QP X 3000000
`_2024-09-07 19:33:43_
--------
*5de9e66b5ba9da9f403829f3cc4619cf*
`登陆天数: 6天 / 1659天
等级: 129
石头: 2331
呼符: 0
体力: 27967.203333333335 / 138
友情点: 0 / 1369310`
*連続ログイン6日目
※ログインが途切れるか、7日到達すると
1日目から再開されます*
`聖晶石 X 2
9月交換券(2024) X 1
`*「奏章Ⅲ 新霊長後継戦 アーキタイプ・インセプション」(中編)開幕直前カウントダウンログインボーナス*
*開催期間中、1日1回 6日間日替わりでログインボーナスをプレゼント！*
`QP X 3000000
`_2024-09-07 19:33:51_
--------
