【登录信息】
*dd8a2566a5b65de4395b4ad601c24b63*
`登陆天数: 7天 / 1692天
等级: 129
石头: 1206
呼符: 0
体力: 3043.34 / 138
友情点: 0 / 1371465`
*連続ログイン7日間到達おめでとうございます！
明日は1日目からリスタートされます。*
`獣の足跡 X 1
呼符 X 1
9月交換券(2024) X 1
`*「奏章Ⅲ 新霊長後継戦 アーキタイプ・インセプション」(中編)開幕直前カウントダウンログインボーナス*
*開催期間中、1日1回 6日間日替わりでログインボーナスをプレゼント！*
`英霊結晶・星のフォウくん X 10
`_2024-09-08 19:32:17_
--------
*6d5ca542919ff7bd8aa39f1c722c144e*
`登陆天数: 7天 / 1644天
等级: 129
石头: 3041
呼符: 7
体力: 25554.746666666666 / 138
友情点: 0 / 1273595`
*連続ログイン7日間到達おめでとうございます！
明日は1日目からリスタートされます。*
`獣の足跡 X 1
呼符 X 1
9月交換券(2024) X 1
`*「奏章Ⅲ 新霊長後継戦 アーキタイプ・インセプション」(中編)開幕直前カウントダウンログインボーナス*
*開催期間中、1日1回 6日間日替わりでログインボーナスをプレゼント！*
`英霊結晶・星のフォウくん X 10
`_2024-09-08 19:32:29_
--------
*1abe952f3d6bd604edb9f7f4a463035b*
`登陆天数: 7天 / 1691天
等级: 129
石头: 1005
呼符: 0
体力: 29986.816666666666 / 138
友情点: 0 / 1383645`
*連続ログイン7日間到達おめでとうございます！
明日は1日目からリスタートされます。*
`獣の足跡 X 1
呼符 X 1
9月交換券(2024) X 1
`*「奏章Ⅲ 新霊長後継戦 アーキタイプ・インセプション」(中編)開幕直前カウントダウンログインボーナス*
*開催期間中、1日1回 6日間日替わりでログインボーナスをプレゼント！*
`英霊結晶・星のフォウくん X 10
`_2024-09-08 19:32:38_
--------
*1a902f4ba35e832fe58830625e6b0b6b*
`登陆天数: 7天 / 1670天
等级: 129
石头: 910
呼符: 0
体力: 28271.213333333333 / 138
友情点: 0 / 1378235`
*連続ログイン7日間到達おめでとうございます！
明日は1日目からリスタートされます。*
`獣の足跡 X 1
呼符 X 1
9月交換券(2024) X 1
`*「奏章Ⅲ 新霊長後継戦 アーキタイプ・インセプション」(中編)開幕直前カウントダウンログインボーナス*
*開催期間中、1日1回 6日間日替わりでログインボーナスをプレゼント！*
`英霊結晶・星のフォウくん X 10
`_2024-09-08 19:32:47_
--------
*db5310d98f17767619701f01b70a1e40*
`登陆天数: 7天 / 1621天
等级: 129
石头: 1192
呼符: 0
体力: 28533.056666666667 / 138
友情点: 0 / 1252995`
*連続ログイン7日間到達おめでとうございます！
明日は1日目からリスタートされます。*
`獣の足跡 X 1
呼符 X 1
9月交換券(2024) X 1
`*「奏章Ⅲ 新霊長後継戦 アーキタイプ・インセプション」(中編)開幕直前カウントダウンログインボーナス*
*開催期間中、1日1回 6日間日替わりでログインボーナスをプレゼント！*
`英霊結晶・星のフォウくん X 10
`_2024-09-08 19:32:56_
--------
*85858777c7c06124b856aad27f70eca9*
`登陆天数: 7天 / 1667天
等级: 129
石头: 262
呼符: 0
体力: 29920.31333333333 / 138
友情点: 0 / 1373715`
*連続ログイン7日間到達おめでとうございます！
明日は1日目からリスタートされます。*
`獣の足跡 X 1
呼符 X 1
9月交換券(2024) X 1
`*「奏章Ⅲ 新霊長後継戦 アーキタイプ・インセプション」(中編)開幕直前カウントダウンログインボーナス*
*開催期間中、1日1回 6日間日替わりでログインボーナスをプレゼント！*
`英霊結晶・星のフォウくん X 10
`_2024-09-08 19:33:06_
--------
*1da1212b135b434f5e326def19d5e428*
`登陆天数: 7天 / 1664天
等级: 129
石头: 503
呼符: 0
体力: 29937.51 / 138
友情点: 0 / 1386420`
*連続ログイン7日間到達おめでとうございます！
明日は1日目からリスタートされます。*
`獣の足跡 X 1
呼符 X 1
9月交換券(2024) X 1
`*「奏章Ⅲ 新霊長後継戦 アーキタイプ・インセプション」(中編)開幕直前カウントダウンログインボーナス*
*開催期間中、1日1回 6日間日替わりでログインボーナスをプレゼント！*
`英霊結晶・星のフォウくん X 10
`_2024-09-08 19:33:15_
--------
*1a902bbc5519643f0e050c677ea7fe62*
`登陆天数: 7天 / 1692天
等级: 129
石头: 21
呼符: 0
体力: 28587.666666666668 / 138
友情点: 0 / 1396190`
*連続ログイン7日間到達おめでとうございます！
明日は1日目からリスタートされます。*
`獣の足跡 X 1
呼符 X 1
9月交換券(2024) X 1
`*「奏章Ⅲ 新霊長後継戦 アーキタイプ・インセプション」(中編)開幕直前カウントダウンログインボーナス*
*開催期間中、1日1回 6日間日替わりでログインボーナスをプレゼント！*
`英霊結晶・星のフォウくん X 10
`_2024-09-08 19:33:24_
--------
*9b7822cdfd2b8e6edd1188d60e373805*
`登陆天数: 7天 / 1684天
等级: 129
石头: 876
呼符: 0
体力: 28294.26 / 138
友情点: 0 / 1382445`
*連続ログイン7日間到達おめでとうございます！
明日は1日目からリスタートされます。*
`獣の足跡 X 1
呼符 X 1
9月交換券(2024) X 1
`*「奏章Ⅲ 新霊長後継戦 アーキタイプ・インセプション」(中編)開幕直前カウントダウンログインボーナス*
*開催期間中、1日1回 6日間日替わりでログインボーナスをプレゼント！*
`英霊結晶・星のフォウくん X 10
`_2024-09-08 19:33:33_
--------
*5de9e66b5ba9da9f403829f3cc4619cf*
`登陆天数: 7天 / 1660天
等级: 129
石头: 2331
呼符: 0
体力: 28255.17 / 138
友情点: 0 / 1369310`
*連続ログイン7日間到達おめでとうございます！
明日は1日目からリスタートされます。*
`獣の足跡 X 1
呼符 X 1
9月交換券(2024) X 1
`*「奏章Ⅲ 新霊長後継戦 アーキタイプ・インセプション」(中編)開幕直前カウントダウンログインボーナス*
*開催期間中、1日1回 6日間日替わりでログインボーナスをプレゼント！*
`英霊結晶・星のフォウくん X 10
`_2024-09-08 19:33:42_
--------
