【登录信息】
*dd8a2566a5b65de4395b4ad601c24b63*
`登陆天数: 8天 / 1693天
等级: 129
石头: 1206
呼符: 0
体力: 3331.4133333333334 / 138
友情点: 0 / 1371465`
*連続ログイン1日目
※ログインが途切れるか、7日到達すると
1日目から再開されます*
`フレンドポイント X 2000
9月交換券(2024) X 1
`*「奏章Ⅲ 新霊長後継戦 アーキタイプ・インセプション」(中編)開幕直前カウントダウンログインボーナス*
*開催期間中、1日1回 6日間日替わりでログインボーナスをプレゼント！*
`英霊結晶・太陽のフォウくん X 10
`_2024-09-09 19:32:39_
--------
*6d5ca542919ff7bd8aa39f1c722c144e*
`登陆天数: 8天 / 1645天
等级: 129
石头: 3041
呼符: 7
体力: 25842.82 / 138
友情点: 0 / 1273595`
*連続ログイン1日目
※ログインが途切れるか、7日到達すると
1日目から再開されます*
`フレンドポイント X 2000
9月交換券(2024) X 1
`*「奏章Ⅲ 新霊長後継戦 アーキタイプ・インセプション」(中編)開幕直前カウントダウンログインボーナス*
*開催期間中、1日1回 6日間日替わりでログインボーナスをプレゼント！*
`英霊結晶・太陽のフォウくん X 10
`_2024-09-09 19:32:51_
--------
*1abe952f3d6bd604edb9f7f4a463035b*
`登陆天数: 8天 / 1692天
等级: 129
石头: 1005
呼符: 0
体力: 30274.89 / 138
友情点: 0 / 1383645`
*連続ログイン1日目
※ログインが途切れるか、7日到達すると
1日目から再開されます*
`フレンドポイント X 2000
9月交換券(2024) X 1
`*「奏章Ⅲ 新霊長後継戦 アーキタイプ・インセプション」(中編)開幕直前カウントダウンログインボーナス*
*開催期間中、1日1回 6日間日替わりでログインボーナスをプレゼント！*
`英霊結晶・太陽のフォウくん X 10
`_2024-09-09 19:33:00_
--------
*1a902f4ba35e832fe58830625e6b0b6b*
`登陆天数: 8天 / 1671天
等级: 129
石头: 910
呼符: 0
体力: 28559.286666666667 / 138
友情点: 0 / 1378235`
*連続ログイン1日目
※ログインが途切れるか、7日到達すると
1日目から再開されます*
`フレンドポイント X 2000
9月交換券(2024) X 1
`*「奏章Ⅲ 新霊長後継戦 アーキタイプ・インセプション」(中編)開幕直前カウントダウンログインボーナス*
*開催期間中、1日1回 6日間日替わりでログインボーナスをプレゼント！*
`英霊結晶・太陽のフォウくん X 10
`_2024-09-09 19:33:09_
--------
*db5310d98f17767619701f01b70a1e40*
`登陆天数: 8天 / 1622天
等级: 129
石头: 1192
呼符: 0
体力: 28821.13 / 138
友情点: 0 / 1252995`
*連続ログイン1日目
※ログインが途切れるか、7日到達すると
1日目から再開されます*
`フレンドポイント X 2000
9月交換券(2024) X 1
`*「奏章Ⅲ 新霊長後継戦 アーキタイプ・インセプション」(中編)開幕直前カウントダウンログインボーナス*
*開催期間中、1日1回 6日間日替わりでログインボーナスをプレゼント！*
`英霊結晶・太陽のフォウくん X 10
`_2024-09-09 19:33:18_
--------
*85858777c7c06124b856aad27f70eca9*
`登陆天数: 8天 / 1668天
等级: 129
石头: 262
呼符: 0
体力: 30208.39 / 138
友情点: 0 / 1373715`
*連続ログイン1日目
※ログインが途切れるか、7日到達すると
1日目から再開されます*
`フレンドポイント X 2000
9月交換券(2024) X 1
`*「奏章Ⅲ 新霊長後継戦 アーキタイプ・インセプション」(中編)開幕直前カウントダウンログインボーナス*
*開催期間中、1日1回 6日間日替わりでログインボーナスをプレゼント！*
`英霊結晶・太陽のフォウくん X 10
`_2024-09-09 19:33:28_
--------
*1da1212b135b434f5e326def19d5e428*
`登陆天数: 8天 / 1665天
等级: 129
石头: 503
呼符: 0
体力: 30225.583333333332 / 138
友情点: 0 / 1386420`
*連続ログイン1日目
※ログインが途切れるか、7日到達すると
1日目から再開されます*
`フレンドポイント X 2000
9月交換券(2024) X 1
`*「奏章Ⅲ 新霊長後継戦 アーキタイプ・インセプション」(中編)開幕直前カウントダウンログインボーナス*
*開催期間中、1日1回 6日間日替わりでログインボーナスをプレゼント！*
`英霊結晶・太陽のフォウくん X 10
`_2024-09-09 19:33:37_
--------
*1a902bbc5519643f0e050c677ea7fe62*
`登陆天数: 8天 / 1693天
等级: 129
石头: 21
呼符: 0
体力: 28875.74 / 138
友情点: 0 / 1396190`
*連続ログイン1日目
※ログインが途切れるか、7日到達すると
1日目から再開されます*
`フレンドポイント X 2000
9月交換券(2024) X 1
`*「奏章Ⅲ 新霊長後継戦 アーキタイプ・インセプション」(中編)開幕直前カウントダウンログインボーナス*
*開催期間中、1日1回 6日間日替わりでログインボーナスをプレゼント！*
`英霊結晶・太陽のフォウくん X 10
`_2024-09-09 19:33:47_
--------
*9b7822cdfd2b8e6edd1188d60e373805*
`登陆天数: 8天 / 1685天
等级: 129
石头: 876
呼符: 0
体力: 28582.333333333332 / 138
友情点: 0 / 1382445`
*連続ログイン1日目
※ログインが途切れるか、7日到達すると
1日目から再開されます*
`フレンドポイント X 2000
9月交換券(2024) X 1
`*「奏章Ⅲ 新霊長後継戦 アーキタイプ・インセプション」(中編)開幕直前カウントダウンログインボーナス*
*開催期間中、1日1回 6日間日替わりでログインボーナスをプレゼント！*
`英霊結晶・太陽のフォウくん X 10
`_2024-09-09 19:33:56_
--------
*5de9e66b5ba9da9f403829f3cc4619cf*
`登陆天数: 8天 / 1661天
等级: 129
石头: 2331
呼符: 0
体力: 28543.246666666666 / 138
友情点: 0 / 1369310`
*連続ログイン1日目
※ログインが途切れるか、7日到達すると
1日目から再開されます*
`フレンドポイント X 2000
9月交換券(2024) X 1
`*「奏章Ⅲ 新霊長後継戦 アーキタイプ・インセプション」(中編)開幕直前カウントダウンログインボーナス*
*開催期間中、1日1回 6日間日替わりでログインボーナスをプレゼント！*
`英霊結晶・太陽のフォウくん X 10
`_2024-09-09 19:34:05_
--------
