【登录信息】
*dd8a2566a5b65de4395b4ad601c24b63*
`登陆天数: 10天 / 1695天
等级: 129
石头: 1206
呼符: 0
体力: 3907.3333333333335 / 138
友情点: 0 / 1371465`
*連続ログイン3日目
※ログインが途切れるか、7日到達すると
1日目から再開されます*
`叡智の業火 X 1
9月交換券(2024) X 1
`*奏章Ⅲ 新霊長後継戦 アーキタイプ・インセプション 開幕記念 ログインボーナス*
*開催期間中、1日1回 最大78回 ログインボーナスをプレゼント！*
`白銀の果実 X 1
`_2024-09-11 19:32:16_
--------
*6d5ca542919ff7bd8aa39f1c722c144e*
`登陆天数: 10天 / 1647天
等级: 129
石头: 3041
呼符: 7
体力: 26418.743333333332 / 138
友情点: 0 / 1273595`
*連続ログイン3日目
※ログインが途切れるか、7日到達すると
1日目から再開されます*
`叡智の業火 X 1
9月交換券(2024) X 1
`*奏章Ⅲ 新霊長後継戦 アーキタイプ・インセプション 開幕記念 ログインボーナス*
*開催期間中、1日1回 最大78回 ログインボーナスをプレゼント！*
`白銀の果実 X 1
`_2024-09-11 19:32:28_
--------
*1abe952f3d6bd604edb9f7f4a463035b*
`登陆天数: 10天 / 1694天
等级: 129
石头: 1005
呼符: 0
体力: 30850.81 / 138
友情点: 0 / 1383645`
*連続ログイン3日目
※ログインが途切れるか、7日到達すると
1日目から再開されます*
`叡智の業火 X 1
9月交換券(2024) X 1
`*奏章Ⅲ 新霊長後継戦 アーキタイプ・インセプション 開幕記念 ログインボーナス*
*開催期間中、1日1回 最大78回 ログインボーナスをプレゼント！*
`白銀の果実 X 1
`_2024-09-11 19:32:37_
--------
*1a902f4ba35e832fe58830625e6b0b6b*
`登陆天数: 10天 / 1673天
等级: 129
石头: 910
呼符: 0
体力: 29135.21 / 138
友情点: 0 / 1378235`
*連続ログイン3日目
※ログインが途切れるか、7日到達すると
1日目から再開されます*
`叡智の業火 X 1
9月交換券(2024) X 1
`*奏章Ⅲ 新霊長後継戦 アーキタイプ・インセプション 開幕記念 ログインボーナス*
*開催期間中、1日1回 最大78回 ログインボーナスをプレゼント！*
`白銀の果実 X 1
`_2024-09-11 19:32:46_
--------
*db5310d98f17767619701f01b70a1e40*
`登陆天数: 10天 / 1624天
等级: 129
石头: 1192
呼符: 0
体力: 29397.053333333333 / 138
友情点: 0 / 1252995`
*連続ログイン3日目
※ログインが途切れるか、7日到達すると
1日目から再開されます*
`叡智の業火 X 1
9月交換券(2024) X 1
`*奏章Ⅲ 新霊長後継戦 アーキタイプ・インセプション 開幕記念 ログインボーナス*
*開催期間中、1日1回 最大78回 ログインボーナスをプレゼント！*
`白銀の果実 X 1
`_2024-09-11 19:32:55_
--------
*85858777c7c06124b856aad27f70eca9*
`登陆天数: 10天 / 1670天
等级: 129
石头: 262
呼符: 0
体力: 30784.31 / 138
友情点: 0 / 1373715`
*連続ログイン3日目
※ログインが途切れるか、7日到達すると
1日目から再開されます*
`叡智の業火 X 1
9月交換券(2024) X 1
`*奏章Ⅲ 新霊長後継戦 アーキタイプ・インセプション 開幕記念 ログインボーナス*
*開催期間中、1日1回 最大78回 ログインボーナスをプレゼント！*
`白銀の果実 X 1
`_2024-09-11 19:33:04_
--------
*1da1212b135b434f5e326def19d5e428*
`登陆天数: 10天 / 1667天
等级: 129
石头: 503
呼符: 0
体力: 30801.506666666668 / 138
友情点: 0 / 1386420`
*連続ログイン3日目
※ログインが途切れるか、7日到達すると
1日目から再開されます*
`叡智の業火 X 1
9月交換券(2024) X 1
`*奏章Ⅲ 新霊長後継戦 アーキタイプ・インセプション 開幕記念 ログインボーナス*
*開催期間中、1日1回 最大78回 ログインボーナスをプレゼント！*
`白銀の果実 X 1
`_2024-09-11 19:33:14_
--------
*1a902bbc5519643f0e050c677ea7fe62*
`登陆天数: 10天 / 1695天
等级: 129
石头: 21
呼符: 0
体力: 29451.663333333334 / 138
友情点: 0 / 1396190`
*連続ログイン3日目
※ログインが途切れるか、7日到達すると
1日目から再開されます*
`叡智の業火 X 1
9月交換券(2024) X 1
`*奏章Ⅲ 新霊長後継戦 アーキタイプ・インセプション 開幕記念 ログインボーナス*
*開催期間中、1日1回 最大78回 ログインボーナスをプレゼント！*
`白銀の果実 X 1
`_2024-09-11 19:33:23_
--------
*9b7822cdfd2b8e6edd1188d60e373805*
`登陆天数: 10天 / 1687天
等级: 129
石头: 876
呼符: 0
体力: 29158.256666666668 / 138
友情点: 0 / 1382445`
*連続ログイン3日目
※ログインが途切れるか、7日到達すると
1日目から再開されます*
`叡智の業火 X 1
9月交換券(2024) X 1
`*奏章Ⅲ 新霊長後継戦 アーキタイプ・インセプション 開幕記念 ログインボーナス*
*開催期間中、1日1回 最大78回 ログインボーナスをプレゼント！*
`白銀の果実 X 1
`_2024-09-11 19:33:32_
--------
*5de9e66b5ba9da9f403829f3cc4619cf*
`登陆天数: 10天 / 1663天
等级: 129
石头: 2331
呼符: 0
体力: 29119.17 / 138
友情点: 0 / 1369310`
*連続ログイン3日目
※ログインが途切れるか、7日到達すると
1日目から再開されます*
`叡智の業火 X 1
9月交換券(2024) X 1
`*奏章Ⅲ 新霊長後継戦 アーキタイプ・インセプション 開幕記念 ログインボーナス*
*開催期間中、1日1回 最大78回 ログインボーナスをプレゼント！*
`白銀の果実 X 1
`_2024-09-11 19:33:41_
--------
