【登录信息】
*dd8a2566a5b65de4395b4ad601c24b63*
`登陆天数: 14天 / 1699天
等级: 129
石头: 1206
呼符: 0
体力: 5059.336666666667 / 138
友情点: 0 / 1371465`
*連続ログイン7日間到達おめでとうございます！
明日は1日目からリスタートされます。*
`獣の足跡 X 1
呼符 X 1
9月交換券(2024) X 1
`*奏章Ⅲ 新霊長後継戦 アーキタイプ・インセプション 開幕記念 ログインボーナス*
*開催期間中、1日1回 最大78回 ログインボーナスをプレゼント！*
`白銀の果実 X 1
`_2024-09-15 19:32:17_
--------
*6d5ca542919ff7bd8aa39f1c722c144e*
`登陆天数: 14天 / 1651天
等级: 129
石头: 2540
呼符: 0
体力: 27570.746666666666 / 138
友情点: 0 / 1275595`
*連続ログイン7日間到達おめでとうございます！
明日は1日目からリスタートされます。*
`獣の足跡 X 1
呼符 X 1
9月交換券(2024) X 1
`*奏章Ⅲ 新霊長後継戦 アーキタイプ・インセプション 開幕記念 ログインボーナス*
*開催期間中、1日1回 最大78回 ログインボーナスをプレゼント！*
`白銀の果実 X 1
`_2024-09-15 19:32:29_
--------
*1abe952f3d6bd604edb9f7f4a463035b*
`登陆天数: 14天 / 1698天
等级: 129
石头: 1005
呼符: 0
体力: 32002.81333333333 / 138
友情点: 0 / 1383645`
*連続ログイン7日間到達おめでとうございます！
明日は1日目からリスタートされます。*
`獣の足跡 X 1
呼符 X 1
9月交換券(2024) X 1
`*奏章Ⅲ 新霊長後継戦 アーキタイプ・インセプション 開幕記念 ログインボーナス*
*開催期間中、1日1回 最大78回 ログインボーナスをプレゼント！*
`白銀の果実 X 1
`_2024-09-15 19:32:37_
--------
*1a902f4ba35e832fe58830625e6b0b6b*
`登陆天数: 14天 / 1677天
等级: 129
石头: 910
呼符: 0
体力: 30287.21 / 138
友情点: 0 / 1378235`
*連続ログイン7日間到達おめでとうございます！
明日は1日目からリスタートされます。*
`獣の足跡 X 1
呼符 X 1
9月交換券(2024) X 1
`*奏章Ⅲ 新霊長後継戦 アーキタイプ・インセプション 開幕記念 ログインボーナス*
*開催期間中、1日1回 最大78回 ログインボーナスをプレゼント！*
`白銀の果実 X 1
`_2024-09-15 19:32:46_
--------
*db5310d98f17767619701f01b70a1e40*
`登陆天数: 14天 / 1628天
等级: 129
石头: 1192
呼符: 0
体力: 30549.053333333333 / 138
友情点: 0 / 1252995`
*連続ログイン7日間到達おめでとうございます！
明日は1日目からリスタートされます。*
`獣の足跡 X 1
呼符 X 1
9月交換券(2024) X 1
`*奏章Ⅲ 新霊長後継戦 アーキタイプ・インセプション 開幕記念 ログインボーナス*
*開催期間中、1日1回 最大78回 ログインボーナスをプレゼント！*
`白銀の果実 X 1
`_2024-09-15 19:32:56_
--------
*85858777c7c06124b856aad27f70eca9*
`登陆天数: 14天 / 1674天
等级: 129
石头: 262
呼符: 0
体力: 31936.31 / 138
友情点: 0 / 1373715`
*連続ログイン7日間到達おめでとうございます！
明日は1日目からリスタートされます。*
`獣の足跡 X 1
呼符 X 1
9月交換券(2024) X 1
`*奏章Ⅲ 新霊長後継戦 アーキタイプ・インセプション 開幕記念 ログインボーナス*
*開催期間中、1日1回 最大78回 ログインボーナスをプレゼント！*
`白銀の果実 X 1
`_2024-09-15 19:33:05_
--------
*1da1212b135b434f5e326def19d5e428*
`登陆天数: 14天 / 1671天
等级: 129
石头: 503
呼符: 0
体力: 31953.506666666668 / 138
友情点: 0 / 1386420`
*連続ログイン7日間到達おめでとうございます！
明日は1日目からリスタートされます。*
`獣の足跡 X 1
呼符 X 1
9月交換券(2024) X 1
`*奏章Ⅲ 新霊長後継戦 アーキタイプ・インセプション 開幕記念 ログインボーナス*
*開催期間中、1日1回 最大78回 ログインボーナスをプレゼント！*
`白銀の果実 X 1
`_2024-09-15 19:33:14_
--------
*1a902bbc5519643f0e050c677ea7fe62*
`登陆天数: 14天 / 1699天
等级: 129
石头: 21
呼符: 0
体力: 30603.663333333334 / 138
友情点: 0 / 1396190`
*連続ログイン7日間到達おめでとうございます！
明日は1日目からリスタートされます。*
`獣の足跡 X 1
呼符 X 1
9月交換券(2024) X 1
`*奏章Ⅲ 新霊長後継戦 アーキタイプ・インセプション 開幕記念 ログインボーナス*
*開催期間中、1日1回 最大78回 ログインボーナスをプレゼント！*
`白銀の果実 X 1
`_2024-09-15 19:33:23_
--------
*9b7822cdfd2b8e6edd1188d60e373805*
`登陆天数: 14天 / 1691天
等级: 129
石头: 876
呼符: 0
体力: 30310.256666666668 / 138
友情点: 0 / 1382445`
*連続ログイン7日間到達おめでとうございます！
明日は1日目からリスタートされます。*
`獣の足跡 X 1
呼符 X 1
9月交換券(2024) X 1
`*奏章Ⅲ 新霊長後継戦 アーキタイプ・インセプション 開幕記念 ログインボーナス*
*開催期間中、1日1回 最大78回 ログインボーナスをプレゼント！*
`白銀の果実 X 1
`_2024-09-15 19:33:33_
--------
*5de9e66b5ba9da9f403829f3cc4619cf*
`登陆天数: 14天 / 1667天
等级: 129
石头: 2250
呼符: 0
体力: 30271.17 / 138
友情点: 0 / 1371310`
*連続ログイン7日間到達おめでとうございます！
明日は1日目からリスタートされます。*
`獣の足跡 X 1
呼符 X 1
9月交換券(2024) X 1
`*奏章Ⅲ 新霊長後継戦 アーキタイプ・インセプション 開幕記念 ログインボーナス*
*開催期間中、1日1回 最大78回 ログインボーナスをプレゼント！*
`白銀の果実 X 1
`_2024-09-15 19:33:42_
--------
