【登录信息】
*dd8a2566a5b65de4395b4ad601c24b63*
`登陆天数: 15天 / 1700天
等级: 129
石头: 1206
呼符: 0
体力: 5347.34 / 138
友情点: 0 / 1371465`
*連続ログイン1日目
※ログインが途切れるか、7日到達すると
1日目から再開されます*
`フレンドポイント X 2000
9月交換券(2024) X 1
`*奏章Ⅲ 新霊長後継戦 アーキタイプ・インセプション 開幕記念 ログインボーナス*
*開催期間中、1日1回 最大78回 ログインボーナスをプレゼント！*
`白銀の果実 X 1
`_2024-09-16 19:32:18_
--------
*6d5ca542919ff7bd8aa39f1c722c144e*
`登陆天数: 15天 / 1652天
等级: 129
石头: 2540
呼符: 0
体力: 27858.75 / 138
友情点: 0 / 1275595`
*連続ログイン1日目
※ログインが途切れるか、7日到達すると
1日目から再開されます*
`フレンドポイント X 2000
9月交換券(2024) X 1
`*奏章Ⅲ 新霊長後継戦 アーキタイプ・インセプション 開幕記念 ログインボーナス*
*開催期間中、1日1回 最大78回 ログインボーナスをプレゼント！*
`白銀の果実 X 1
`_2024-09-16 19:32:30_
--------
*1abe952f3d6bd604edb9f7f4a463035b*
`登陆天数: 15天 / 1699天
等级: 129
石头: 1005
呼符: 0
体力: 32290.816666666666 / 138
友情点: 0 / 1383645`
*連続ログイン1日目
※ログインが途切れるか、7日到達すると
1日目から再開されます*
`フレンドポイント X 2000
9月交換券(2024) X 1
`*奏章Ⅲ 新霊長後継戦 アーキタイプ・インセプション 開幕記念 ログインボーナス*
*開催期間中、1日1回 最大78回 ログインボーナスをプレゼント！*
`白銀の果実 X 1
`_2024-09-16 19:32:39_
--------
*1a902f4ba35e832fe58830625e6b0b6b*
`登陆天数: 15天 / 1678天
等级: 129
石头: 910
呼符: 0
体力: 30575.213333333333 / 138
友情点: 0 / 1378235`
*連続ログイン1日目
※ログインが途切れるか、7日到達すると
1日目から再開されます*
`フレンドポイント X 2000
9月交換券(2024) X 1
`*奏章Ⅲ 新霊長後継戦 アーキタイプ・インセプション 開幕記念 ログインボーナス*
*開催期間中、1日1回 最大78回 ログインボーナスをプレゼント！*
`白銀の果実 X 1
`_2024-09-16 19:32:48_
--------
*db5310d98f17767619701f01b70a1e40*
`登陆天数: 15天 / 1629天
等级: 129
石头: 1192
呼符: 0
体力: 30837.056666666667 / 138
友情点: 0 / 1252995`
*連続ログイン1日目
※ログインが途切れるか、7日到達すると
1日目から再開されます*
`フレンドポイント X 2000
9月交換券(2024) X 1
`*奏章Ⅲ 新霊長後継戦 アーキタイプ・インセプション 開幕記念 ログインボーナス*
*開催期間中、1日1回 最大78回 ログインボーナスをプレゼント！*
`白銀の果実 X 1
`_2024-09-16 19:32:57_
--------
*85858777c7c06124b856aad27f70eca9*
`登陆天数: 15天 / 1675天
等级: 129
石头: 262
呼符: 0
体力: 32224.316666666666 / 138
友情点: 0 / 1373715`
*連続ログイン1日目
※ログインが途切れるか、7日到達すると
1日目から再開されます*
`フレンドポイント X 2000
9月交換券(2024) X 1
`*奏章Ⅲ 新霊長後継戦 アーキタイプ・インセプション 開幕記念 ログインボーナス*
*開催期間中、1日1回 最大78回 ログインボーナスをプレゼント！*
`白銀の果実 X 1
`_2024-09-16 19:33:06_
--------
*1da1212b135b434f5e326def19d5e428*
`登陆天数: 15天 / 1672天
等级: 129
石头: 503
呼符: 0
体力: 32241.51 / 138
友情点: 0 / 1386420`
*連続ログイン1日目
※ログインが途切れるか、7日到達すると
1日目から再開されます*
`フレンドポイント X 2000
9月交換券(2024) X 1
`*奏章Ⅲ 新霊長後継戦 アーキタイプ・インセプション 開幕記念 ログインボーナス*
*開催期間中、1日1回 最大78回 ログインボーナスをプレゼント！*
`白銀の果実 X 1
`_2024-09-16 19:33:15_
--------
*1a902bbc5519643f0e050c677ea7fe62*
`登陆天数: 15天 / 1700天
等级: 129
石头: 21
呼符: 0
体力: 30891.666666666668 / 138
友情点: 0 / 1396190`
*連続ログイン1日目
※ログインが途切れるか、7日到達すると
1日目から再開されます*
`フレンドポイント X 2000
9月交換券(2024) X 1
`*奏章Ⅲ 新霊長後継戦 アーキタイプ・インセプション 開幕記念 ログインボーナス*
*開催期間中、1日1回 最大78回 ログインボーナスをプレゼント！*
`白銀の果実 X 1
`_2024-09-16 19:33:24_
--------
*9b7822cdfd2b8e6edd1188d60e373805*
`登陆天数: 15天 / 1692天
等级: 129
石头: 876
呼符: 0
体力: 30598.256666666668 / 138
友情点: 0 / 1382445`
*連続ログイン1日目
※ログインが途切れるか、7日到達すると
1日目から再開されます*
`フレンドポイント X 2000
9月交換券(2024) X 1
`*奏章Ⅲ 新霊長後継戦 アーキタイプ・インセプション 開幕記念 ログインボーナス*
*開催期間中、1日1回 最大78回 ログインボーナスをプレゼント！*
`白銀の果実 X 1
`_2024-09-16 19:33:33_
--------
*5de9e66b5ba9da9f403829f3cc4619cf*
`登陆天数: 15天 / 1668天
等级: 129
石头: 2250
呼符: 0
体力: 30559.17 / 138
友情点: 0 / 1371310`
*連続ログイン1日目
※ログインが途切れるか、7日到達すると
1日目から再開されます*
`フレンドポイント X 2000
9月交換券(2024) X 1
`*奏章Ⅲ 新霊長後継戦 アーキタイプ・インセプション 開幕記念 ログインボーナス*
*開催期間中、1日1回 最大78回 ログインボーナスをプレゼント！*
`白銀の果実 X 1
`_2024-09-16 19:33:41_
--------
