【登录信息】
*dd8a2566a5b65de4395b4ad601c24b63*
`登陆天数: 17天 / 1702天
等级: 129
石头: 1206
呼符: 0
体力: 5923.41 / 138
友情点: 0 / 1371465`
*連続ログイン3日目
※ログインが途切れるか、7日到達すると
1日目から再開されます*
`叡智の業火 X 1
9月交換券(2024) X 1
`*「奏章Ⅲ 新霊長後継戦 アーキタイプ・インセプション」(後編)
開幕直前&攻略応援特別ログインボーナス*
*開催期間中、1日1回 最大8回 ログインボーナスをプレゼント！*
`叡智の業火 X 10
`_2024-09-18 19:32:39_
--------
*6d5ca542919ff7bd8aa39f1c722c144e*
`登陆天数: 17天 / 1654天
等级: 129
石头: 2540
呼符: 0
体力: 28434.82 / 138
友情点: 0 / 1275595`
*連続ログイン3日目
※ログインが途切れるか、7日到達すると
1日目から再開されます*
`叡智の業火 X 1
9月交換券(2024) X 1
`*「奏章Ⅲ 新霊長後継戦 アーキタイプ・インセプション」(後編)
開幕直前&攻略応援特別ログインボーナス*
*開催期間中、1日1回 最大8回 ログインボーナスをプレゼント！*
`叡智の業火 X 10
`_2024-09-18 19:32:51_
--------
*1abe952f3d6bd604edb9f7f4a463035b*
`登陆天数: 17天 / 1701天
等级: 129
石头: 1005
呼符: 0
体力: 32866.88333333333 / 138
友情点: 0 / 1383645`
*連続ログイン3日目
※ログインが途切れるか、7日到達すると
1日目から再開されます*
`叡智の業火 X 1
9月交換券(2024) X 1
`*「奏章Ⅲ 新霊長後継戦 アーキタイプ・インセプション」(後編)
開幕直前&攻略応援特別ログインボーナス*
*開催期間中、1日1回 最大8回 ログインボーナスをプレゼント！*
`叡智の業火 X 10
`_2024-09-18 19:32:59_
--------
*1a902f4ba35e832fe58830625e6b0b6b*
`登陆天数: 17天 / 1680天
等级: 129
石头: 910
呼符: 0
体力: 31151.27666666667 / 138
友情点: 0 / 1378235`
*連続ログイン3日目
※ログインが途切れるか、7日到達すると
1日目から再開されます*
`叡智の業火 X 1
9月交換券(2024) X 1
`*「奏章Ⅲ 新霊長後継戦 アーキタイプ・インセプション」(後編)
開幕直前&攻略応援特別ログインボーナス*
*開催期間中、1日1回 最大8回 ログインボーナスをプレゼント！*
`叡智の業火 X 10
`_2024-09-18 19:33:07_
--------
*db5310d98f17767619701f01b70a1e40*
`登陆天数: 17天 / 1631天
等级: 129
石头: 1192
呼符: 0
体力: 31413.12 / 138
友情点: 0 / 1252995`
*連続ログイン3日目
※ログインが途切れるか、7日到達すると
1日目から再開されます*
`叡智の業火 X 1
9月交換券(2024) X 1
`*「奏章Ⅲ 新霊長後継戦 アーキタイプ・インセプション」(後編)
開幕直前&攻略応援特別ログインボーナス*
*開催期間中、1日1回 最大8回 ログインボーナスをプレゼント！*
`叡智の業火 X 10
`_2024-09-18 19:33:16_
--------
*85858777c7c06124b856aad27f70eca9*
`登陆天数: 17天 / 1677天
等级: 129
石头: 262
呼符: 0
体力: 32800.37666666666 / 138
友情点: 0 / 1373715`
*連続ログイン3日目
※ログインが途切れるか、7日到達すると
1日目から再開されます*
`叡智の業火 X 1
9月交換券(2024) X 1
`*「奏章Ⅲ 新霊長後継戦 アーキタイプ・インセプション」(後編)
開幕直前&攻略応援特別ログインボーナス*
*開催期間中、1日1回 最大8回 ログインボーナスをプレゼント！*
`叡智の業火 X 10
`_2024-09-18 19:33:24_
--------
*1da1212b135b434f5e326def19d5e428*
`登陆天数: 17天 / 1674天
等级: 129
石头: 503
呼符: 0
体力: 32817.57 / 138
友情点: 0 / 1386420`
*連続ログイン3日目
※ログインが途切れるか、7日到達すると
1日目から再開されます*
`叡智の業火 X 1
9月交換券(2024) X 1
`*「奏章Ⅲ 新霊長後継戦 アーキタイプ・インセプション」(後編)
開幕直前&攻略応援特別ログインボーナス*
*開催期間中、1日1回 最大8回 ログインボーナスをプレゼント！*
`叡智の業火 X 10
`_2024-09-18 19:33:33_
--------
*1a902bbc5519643f0e050c677ea7fe62*
`登陆天数: 17天 / 1702天
等级: 129
石头: 21
呼符: 0
体力: 31467.726666666666 / 138
友情点: 0 / 1396190`
*連続ログイン3日目
※ログインが途切れるか、7日到達すると
1日目から再開されます*
`叡智の業火 X 1
9月交換券(2024) X 1
`*「奏章Ⅲ 新霊長後継戦 アーキタイプ・インセプション」(後編)
開幕直前&攻略応援特別ログインボーナス*
*開催期間中、1日1回 最大8回 ログインボーナスをプレゼント！*
`叡智の業火 X 10
`_2024-09-18 19:33:42_
--------
*9b7822cdfd2b8e6edd1188d60e373805*
`登陆天数: 17天 / 1694天
等级: 129
石头: 876
呼符: 0
体力: 31174.316666666666 / 138
友情点: 0 / 1382445`
*連続ログイン3日目
※ログインが途切れるか、7日到達すると
1日目から再開されます*
`叡智の業火 X 1
9月交換券(2024) X 1
`*「奏章Ⅲ 新霊長後継戦 アーキタイプ・インセプション」(後編)
開幕直前&攻略応援特別ログインボーナス*
*開催期間中、1日1回 最大8回 ログインボーナスをプレゼント！*
`叡智の業火 X 10
`_2024-09-18 19:33:51_
--------
*5de9e66b5ba9da9f403829f3cc4619cf*
`登陆天数: 17天 / 1670天
等级: 129
石头: 2250
呼符: 0
体力: 31135.226666666666 / 138
友情点: 0 / 1371310`
*連続ログイン3日目
※ログインが途切れるか、7日到達すると
1日目から再開されます*
`叡智の業火 X 1
9月交換券(2024) X 1
`*「奏章Ⅲ 新霊長後継戦 アーキタイプ・インセプション」(後編)
開幕直前&攻略応援特別ログインボーナス*
*開催期間中、1日1回 最大8回 ログインボーナスをプレゼント！*
`叡智の業火 X 10
`_2024-09-18 19:33:59_
--------
