【登录信息】
*dd8a2566a5b65de4395b4ad601c24b63*
`登陆天数: 18天 / 1703天
等级: 129
石头: 1206
呼符: 0
体力: 6211.446666666667 / 138
友情点: 0 / 1371465`
*連続ログイン4日目
※ログインが途切れるか、7日到達すると
1日目から再開されます*
`聖晶石 X 1
9月交換券(2024) X 1
`*「奏章Ⅲ 新霊長後継戦 アーキタイプ・インセプション」(後編)
開幕直前&攻略応援特別ログインボーナス*
*開催期間中、1日1回 最大8回 ログインボーナスをプレゼント！*
`QP X 3000000
`_2024-09-19 19:32:49_
--------
*6d5ca542919ff7bd8aa39f1c722c144e*
`登陆天数: 18天 / 1655天
等级: 129
石头: 2540
呼符: 0
体力: 28722.853333333333 / 138
友情点: 0 / 1275595`
*連続ログイン4日目
※ログインが途切れるか、7日到達すると
1日目から再開されます*
`聖晶石 X 1
9月交換券(2024) X 1
`*「奏章Ⅲ 新霊長後継戦 アーキタイプ・インセプション」(後編)
開幕直前&攻略応援特別ログインボーナス*
*開催期間中、1日1回 最大8回 ログインボーナスをプレゼント！*
`QP X 3000000
`_2024-09-19 19:33:01_
--------
*1abe952f3d6bd604edb9f7f4a463035b*
`登陆天数: 18天 / 1702天
等级: 129
石头: 1005
呼符: 0
体力: 33154.92 / 138
友情点: 0 / 1383645`
*連続ログイン4日目
※ログインが途切れるか、7日到達すると
1日目から再開されます*
`聖晶石 X 1
9月交換券(2024) X 1
`*「奏章Ⅲ 新霊長後継戦 アーキタイプ・インセプション」(後編)
開幕直前&攻略応援特別ログインボーナス*
*開催期間中、1日1回 最大8回 ログインボーナスをプレゼント！*
`QP X 3000000
`_2024-09-19 19:33:10_
--------
*1a902f4ba35e832fe58830625e6b0b6b*
`登陆天数: 18天 / 1681天
等级: 129
石头: 910
呼符: 0
体力: 31439.31333333333 / 138
友情点: 0 / 1378235`
*連続ログイン4日目
※ログインが途切れるか、7日到達すると
1日目から再開されます*
`聖晶石 X 1
9月交換券(2024) X 1
`*「奏章Ⅲ 新霊長後継戦 アーキタイプ・インセプション」(後編)
開幕直前&攻略応援特別ログインボーナス*
*開催期間中、1日1回 最大8回 ログインボーナスをプレゼント！*
`QP X 3000000
`_2024-09-19 19:33:18_
--------
*db5310d98f17767619701f01b70a1e40*
`登陆天数: 18天 / 1632天
等级: 129
石头: 1192
呼符: 0
体力: 31701.156666666666 / 138
友情点: 0 / 1252995`
*連続ログイン4日目
※ログインが途切れるか、7日到達すると
1日目から再開されます*
`聖晶石 X 1
9月交換券(2024) X 1
`*「奏章Ⅲ 新霊長後継戦 アーキタイプ・インセプション」(後編)
開幕直前&攻略応援特別ログインボーナス*
*開催期間中、1日1回 最大8回 ログインボーナスをプレゼント！*
`QP X 3000000
`_2024-09-19 19:33:26_
--------
*85858777c7c06124b856aad27f70eca9*
`登陆天数: 18天 / 1678天
等级: 129
石头: 262
呼符: 0
体力: 33088.41333333333 / 138
友情点: 0 / 1373715`
*連続ログイン4日目
※ログインが途切れるか、7日到達すると
1日目から再開されます*
`聖晶石 X 1
9月交換券(2024) X 1
`*「奏章Ⅲ 新霊長後継戦 アーキタイプ・インセプション」(後編)
開幕直前&攻略応援特別ログインボーナス*
*開催期間中、1日1回 最大8回 ログインボーナスをプレゼント！*
`QP X 3000000
`_2024-09-19 19:33:35_
--------
*1da1212b135b434f5e326def19d5e428*
`登陆天数: 18天 / 1675天
等级: 129
石头: 503
呼符: 0
体力: 33105.60666666667 / 138
友情点: 0 / 1386420`
*連続ログイン4日目
※ログインが途切れるか、7日到達すると
1日目から再開されます*
`聖晶石 X 1
9月交換券(2024) X 1
`*「奏章Ⅲ 新霊長後継戦 アーキタイプ・インセプション」(後編)
開幕直前&攻略応援特別ログインボーナス*
*開催期間中、1日1回 最大8回 ログインボーナスをプレゼント！*
`QP X 3000000
`_2024-09-19 19:33:44_
--------
*1a902bbc5519643f0e050c677ea7fe62*
`登陆天数: 18天 / 1703天
等级: 129
石头: 21
呼符: 0
体力: 31755.763333333332 / 138
友情点: 0 / 1396190`
*連続ログイン4日目
※ログインが途切れるか、7日到達すると
1日目から再開されます*
`聖晶石 X 1
9月交換券(2024) X 1
`*「奏章Ⅲ 新霊長後継戦 アーキタイプ・インセプション」(後編)
開幕直前&攻略応援特別ログインボーナス*
*開催期間中、1日1回 最大8回 ログインボーナスをプレゼント！*
`QP X 3000000
`_2024-09-19 19:33:53_
--------
*9b7822cdfd2b8e6edd1188d60e373805*
`登陆天数: 18天 / 1695天
等级: 129
石头: 876
呼符: 0
体力: 31462.353333333333 / 138
友情点: 0 / 1382445`
*連続ログイン4日目
※ログインが途切れるか、7日到達すると
1日目から再開されます*
`聖晶石 X 1
9月交換券(2024) X 1
`*「奏章Ⅲ 新霊長後継戦 アーキタイプ・インセプション」(後編)
開幕直前&攻略応援特別ログインボーナス*
*開催期間中、1日1回 最大8回 ログインボーナスをプレゼント！*
`QP X 3000000
`_2024-09-19 19:34:02_
--------
*5de9e66b5ba9da9f403829f3cc4619cf*
`登陆天数: 18天 / 1671天
等级: 129
石头: 2250
呼符: 0
体力: 31423.266666666666 / 138
友情点: 0 / 1371310`
*連続ログイン4日目
※ログインが途切れるか、7日到達すると
1日目から再開されます*
`聖晶石 X 1
9月交換券(2024) X 1
`*「奏章Ⅲ 新霊長後継戦 アーキタイプ・インセプション」(後編)
開幕直前&攻略応援特別ログインボーナス*
*開催期間中、1日1回 最大8回 ログインボーナスをプレゼント！*
`QP X 3000000
`_2024-09-19 19:34:10_
--------
