【登录信息】
*dd8a2566a5b65de4395b4ad601c24b63*
`登陆天数: 20天 / 1705天
等级: 129
石头: 1206
呼符: 0
体力: 6787.3533333333335 / 138
友情点: 0 / 1371465`
*連続ログイン6日目
※ログインが途切れるか、7日到達すると
1日目から再開されます*
`聖晶石 X 2
9月交換券(2024) X 1
`*「奏章Ⅲ 新霊長後継戦 アーキタイプ・インセプション」(後編)
開幕直前&攻略応援特別ログインボーナス*
*開催期間中、1日1回 最大8回 ログインボーナスをプレゼント！*
`英霊結晶・太陽のフォウくん X 10
`_2024-09-21 19:32:22_
--------
*6d5ca542919ff7bd8aa39f1c722c144e*
`登陆天数: 20天 / 1657天
等级: 129
石头: 2540
呼符: 0
体力: 29298.763333333332 / 138
友情点: 0 / 1275595`
*連続ログイン6日目
※ログインが途切れるか、7日到達すると
1日目から再開されます*
`聖晶石 X 2
9月交換券(2024) X 1
`*「奏章Ⅲ 新霊長後継戦 アーキタイプ・インセプション」(後編)
開幕直前&攻略応援特別ログインボーナス*
*開催期間中、1日1回 最大8回 ログインボーナスをプレゼント！*
`英霊結晶・太陽のフォウくん X 10
`_2024-09-21 19:32:34_
--------
*1abe952f3d6bd604edb9f7f4a463035b*
`登陆天数: 20天 / 1704天
等级: 129
石头: 1005
呼符: 0
体力: 33730.833333333336 / 138
友情点: 0 / 1383645`
*連続ログイン6日目
※ログインが途切れるか、7日到達すると
1日目から再開されます*
`聖晶石 X 2
9月交換券(2024) X 1
`*「奏章Ⅲ 新霊長後継戦 アーキタイプ・インセプション」(後編)
開幕直前&攻略応援特別ログインボーナス*
*開催期間中、1日1回 最大8回 ログインボーナスをプレゼント！*
`英霊結晶・太陽のフォウくん X 10
`_2024-09-21 19:32:43_
--------
*1a902f4ba35e832fe58830625e6b0b6b*
`登陆天数: 20天 / 1683天
等级: 129
石头: 910
呼符: 0
体力: 32015.23 / 138
友情点: 0 / 1378235`
*連続ログイン6日目
※ログインが途切れるか、7日到達すると
1日目から再開されます*
`聖晶石 X 2
9月交換券(2024) X 1
`*「奏章Ⅲ 新霊長後継戦 アーキタイプ・インセプション」(後編)
開幕直前&攻略応援特別ログインボーナス*
*開催期間中、1日1回 最大8回 ログインボーナスをプレゼント！*
`英霊結晶・太陽のフォウくん X 10
`_2024-09-21 19:32:52_
--------
*db5310d98f17767619701f01b70a1e40*
`登陆天数: 20天 / 1634天
等级: 129
石头: 1192
呼符: 0
体力: 32277.073333333334 / 138
友情点: 0 / 1252995`
*連続ログイン6日目
※ログインが途切れるか、7日到達すると
1日目から再開されます*
`聖晶石 X 2
9月交換券(2024) X 1
`*「奏章Ⅲ 新霊長後継戦 アーキタイプ・インセプション」(後編)
開幕直前&攻略応援特別ログインボーナス*
*開催期間中、1日1回 最大8回 ログインボーナスをプレゼント！*
`英霊結晶・太陽のフォウくん X 10
`_2024-09-21 19:33:02_
--------
*85858777c7c06124b856aad27f70eca9*
`登陆天数: 20天 / 1680天
等级: 129
石头: 262
呼符: 0
体力: 33664.333333333336 / 138
友情点: 0 / 1373715`
*連続ログイン6日目
※ログインが途切れるか、7日到達すると
1日目から再開されます*
`聖晶石 X 2
9月交換券(2024) X 1
`*「奏章Ⅲ 新霊長後継戦 アーキタイプ・インセプション」(後編)
開幕直前&攻略応援特別ログインボーナス*
*開催期間中、1日1回 最大8回 ログインボーナスをプレゼント！*
`英霊結晶・太陽のフォウくん X 10
`_2024-09-21 19:33:11_
--------
*1da1212b135b434f5e326def19d5e428*
`登陆天数: 20天 / 1677天
等级: 129
石头: 503
呼符: 0
体力: 33681.526666666665 / 138
友情点: 0 / 1386420`
*連続ログイン6日目
※ログインが途切れるか、7日到達すると
1日目から再開されます*
`聖晶石 X 2
9月交換券(2024) X 1
`*「奏章Ⅲ 新霊長後継戦 アーキタイプ・インセプション」(後編)
開幕直前&攻略応援特別ログインボーナス*
*開催期間中、1日1回 最大8回 ログインボーナスをプレゼント！*
`英霊結晶・太陽のフォウくん X 10
`_2024-09-21 19:33:20_
--------
*1a902bbc5519643f0e050c677ea7fe62*
`登陆天数: 20天 / 1705天
等级: 129
石头: 21
呼符: 0
体力: 32331.68666666667 / 138
友情点: 0 / 1396190`
*連続ログイン6日目
※ログインが途切れるか、7日到達すると
1日目から再開されます*
`聖晶石 X 2
9月交換券(2024) X 1
`*「奏章Ⅲ 新霊長後継戦 アーキタイプ・インセプション」(後編)
開幕直前&攻略応援特別ログインボーナス*
*開催期間中、1日1回 最大8回 ログインボーナスをプレゼント！*
`英霊結晶・太陽のフォウくん X 10
`_2024-09-21 19:33:30_
--------
*9b7822cdfd2b8e6edd1188d60e373805*
`登陆天数: 20天 / 1697天
等级: 129
石头: 876
呼符: 0
体力: 32038.28 / 138
友情点: 0 / 1382445`
*連続ログイン6日目
※ログインが途切れるか、7日到達すると
1日目から再開されます*
`聖晶石 X 2
9月交換券(2024) X 1
`*「奏章Ⅲ 新霊長後継戦 アーキタイプ・インセプション」(後編)
開幕直前&攻略応援特別ログインボーナス*
*開催期間中、1日1回 最大8回 ログインボーナスをプレゼント！*
`英霊結晶・太陽のフォウくん X 10
`_2024-09-21 19:33:39_
--------
*5de9e66b5ba9da9f403829f3cc4619cf*
`登陆天数: 20天 / 1673天
等级: 129
石头: 2250
呼符: 0
体力: 31999.193333333333 / 138
友情点: 0 / 1371310`
*連続ログイン6日目
※ログインが途切れるか、7日到達すると
1日目から再開されます*
`聖晶石 X 2
9月交換券(2024) X 1
`*「奏章Ⅲ 新霊長後継戦 アーキタイプ・インセプション」(後編)
開幕直前&攻略応援特別ログインボーナス*
*開催期間中、1日1回 最大8回 ログインボーナスをプレゼント！*
`英霊結晶・太陽のフォウくん X 10
`_2024-09-21 19:33:48_
--------
