【登录信息】
*dd8a2566a5b65de4395b4ad601c24b63*
`登陆天数: 21天 / 1706天
等级: 129
石头: 1206
呼符: 0
体力: 7075.3533333333335 / 138
友情点: 0 / 1371465`
*連続ログイン7日間到達おめでとうございます！
明日は1日目からリスタートされます。*
`獣の足跡 X 1
呼符 X 1
9月交換券(2024) X 1
`*「京都国際マンガ・アニメフェア2024」出展記念 初回ログインボーナス*
*開催期間中、初回ログインで「聖晶石×10」をプレゼント！*
`聖晶石 X 10
`_2024-09-22 19:32:22_
--------
*6d5ca542919ff7bd8aa39f1c722c144e*
`登陆天数: 21天 / 1658天
等级: 129
石头: 2540
呼符: 0
体力: 29586.763333333332 / 138
友情点: 0 / 1275595`
*連続ログイン7日間到達おめでとうございます！
明日は1日目からリスタートされます。*
`獣の足跡 X 1
呼符 X 1
9月交換券(2024) X 1
`*「京都国際マンガ・アニメフェア2024」出展記念 初回ログインボーナス*
*開催期間中、初回ログインで「聖晶石×10」をプレゼント！*
`聖晶石 X 10
`_2024-09-22 19:32:34_
--------
*1abe952f3d6bd604edb9f7f4a463035b*
`登陆天数: 21天 / 1705天
等级: 129
石头: 1005
呼符: 0
体力: 34018.83 / 138
友情点: 0 / 1383645`
*連続ログイン7日間到達おめでとうございます！
明日は1日目からリスタートされます。*
`獣の足跡 X 1
呼符 X 1
9月交換券(2024) X 1
`*「京都国際マンガ・アニメフェア2024」出展記念 初回ログインボーナス*
*開催期間中、初回ログインで「聖晶石×10」をプレゼント！*
`聖晶石 X 10
`_2024-09-22 19:32:43_
--------
*1a902f4ba35e832fe58830625e6b0b6b*
`登陆天数: 21天 / 1684天
等级: 129
石头: 910
呼符: 0
体力: 32303.226666666666 / 138
友情点: 0 / 1378235`
*連続ログイン7日間到達おめでとうございます！
明日は1日目からリスタートされます。*
`獣の足跡 X 1
呼符 X 1
9月交換券(2024) X 1
`*「京都国際マンガ・アニメフェア2024」出展記念 初回ログインボーナス*
*開催期間中、初回ログインで「聖晶石×10」をプレゼント！*
`聖晶石 X 10
`_2024-09-22 19:32:52_
--------
*db5310d98f17767619701f01b70a1e40*
`登陆天数: 21天 / 1635天
等级: 129
石头: 1192
呼符: 0
体力: 32565.07 / 138
友情点: 0 / 1252995`
*連続ログイン7日間到達おめでとうございます！
明日は1日目からリスタートされます。*
`獣の足跡 X 1
呼符 X 1
9月交換券(2024) X 1
`*「京都国際マンガ・アニメフェア2024」出展記念 初回ログインボーナス*
*開催期間中、初回ログインで「聖晶石×10」をプレゼント！*
`聖晶石 X 10
`_2024-09-22 19:33:01_
--------
*85858777c7c06124b856aad27f70eca9*
`登陆天数: 21天 / 1681天
等级: 129
石头: 262
呼符: 0
体力: 33952.32666666667 / 138
友情点: 0 / 1373715`
*連続ログイン7日間到達おめでとうございます！
明日は1日目からリスタートされます。*
`獣の足跡 X 1
呼符 X 1
9月交換券(2024) X 1
`*「京都国際マンガ・アニメフェア2024」出展記念 初回ログインボーナス*
*開催期間中、初回ログインで「聖晶石×10」をプレゼント！*
`聖晶石 X 10
`_2024-09-22 19:33:10_
--------
*1da1212b135b434f5e326def19d5e428*
`登陆天数: 21天 / 1678天
等级: 129
石头: 503
呼符: 0
体力: 33969.52333333333 / 138
友情点: 0 / 1386420`
*連続ログイン7日間到達おめでとうございます！
明日は1日目からリスタートされます。*
`獣の足跡 X 1
呼符 X 1
9月交換券(2024) X 1
`*「京都国際マンガ・アニメフェア2024」出展記念 初回ログインボーナス*
*開催期間中、初回ログインで「聖晶石×10」をプレゼント！*
`聖晶石 X 10
`_2024-09-22 19:33:19_
--------
*1a902bbc5519643f0e050c677ea7fe62*
`登陆天数: 21天 / 1706天
等级: 129
石头: 21
呼符: 0
体力: 32619.68 / 138
友情点: 0 / 1396190`
*連続ログイン7日間到達おめでとうございます！
明日は1日目からリスタートされます。*
`獣の足跡 X 1
呼符 X 1
9月交換券(2024) X 1
`*「京都国際マンガ・アニメフェア2024」出展記念 初回ログインボーナス*
*開催期間中、初回ログインで「聖晶石×10」をプレゼント！*
`聖晶石 X 10
`_2024-09-22 19:33:28_
--------
*9b7822cdfd2b8e6edd1188d60e373805*
`登陆天数: 21天 / 1698天
等级: 129
石头: 876
呼符: 0
体力: 32326.273333333334 / 138
友情点: 0 / 1382445`
*連続ログイン7日間到達おめでとうございます！
明日は1日目からリスタートされます。*
`獣の足跡 X 1
呼符 X 1
9月交換券(2024) X 1
`*「京都国際マンガ・アニメフェア2024」出展記念 初回ログインボーナス*
*開催期間中、初回ログインで「聖晶石×10」をプレゼント！*
`聖晶石 X 10
`_2024-09-22 19:33:37_
--------
*5de9e66b5ba9da9f403829f3cc4619cf*
`登陆天数: 21天 / 1674天
等级: 129
石头: 2250
呼符: 0
体力: 32287.18666666667 / 138
友情点: 0 / 1371310`
*連続ログイン7日間到達おめでとうございます！
明日は1日目からリスタートされます。*
`獣の足跡 X 1
呼符 X 1
9月交換券(2024) X 1
`*「京都国際マンガ・アニメフェア2024」出展記念 初回ログインボーナス*
*開催期間中、初回ログインで「聖晶石×10」をプレゼント！*
`聖晶石 X 10
`_2024-09-22 19:33:47_
--------
