【登录信息】
*dd8a2566a5b65de4395b4ad601c24b63*
`登陆天数: 22天 / 1707天
等级: 129
石头: 1206
呼符: 0
体力: 7363.346666666666 / 138
友情点: 0 / 1371465`
*連続ログイン1日目
※ログインが途切れるか、7日到達すると
1日目から再開されます*
`フレンドポイント X 2000
9月交換券(2024) X 1
`*「奏章Ⅲ 新霊長後継戦 アーキタイプ・インセプション」(後編)
開幕直前&攻略応援特別ログインボーナス*
*開催期間中、1日1回 最大8回 ログインボーナスをプレゼント！*
`獣の足跡 X 1
`_2024-09-23 19:32:19_
--------
*6d5ca542919ff7bd8aa39f1c722c144e*
`登陆天数: 22天 / 1659天
等级: 129
石头: 2540
呼符: 0
体力: 29874.756666666668 / 138
友情点: 0 / 1275595`
*連続ログイン1日目
※ログインが途切れるか、7日到達すると
1日目から再開されます*
`フレンドポイント X 2000
9月交換券(2024) X 1
`*「奏章Ⅲ 新霊長後継戦 アーキタイプ・インセプション」(後編)
開幕直前&攻略応援特別ログインボーナス*
*開催期間中、1日1回 最大8回 ログインボーナスをプレゼント！*
`獣の足跡 X 1
`_2024-09-23 19:32:31_
--------
*1abe952f3d6bd604edb9f7f4a463035b*
`登陆天数: 22天 / 1706天
等级: 129
石头: 1005
呼符: 0
体力: 34306.823333333334 / 138
友情点: 0 / 1383645`
*連続ログイン1日目
※ログインが途切れるか、7日到達すると
1日目から再開されます*
`フレンドポイント X 2000
9月交換券(2024) X 1
`*「奏章Ⅲ 新霊長後継戦 アーキタイプ・インセプション」(後編)
開幕直前&攻略応援特別ログインボーナス*
*開催期間中、1日1回 最大8回 ログインボーナスをプレゼント！*
`獣の足跡 X 1
`_2024-09-23 19:32:40_
--------
*1a902f4ba35e832fe58830625e6b0b6b*
`登陆天数: 22天 / 1685天
等级: 129
石头: 910
呼符: 0
体力: 32591.22 / 138
友情点: 0 / 1378235`
*連続ログイン1日目
※ログインが途切れるか、7日到達すると
1日目から再開されます*
`フレンドポイント X 2000
9月交換券(2024) X 1
`*「奏章Ⅲ 新霊長後継戦 アーキタイプ・インセプション」(後編)
開幕直前&攻略応援特別ログインボーナス*
*開催期間中、1日1回 最大8回 ログインボーナスをプレゼント！*
`獣の足跡 X 1
`_2024-09-23 19:32:50_
--------
*db5310d98f17767619701f01b70a1e40*
`登陆天数: 22天 / 1636天
等级: 129
石头: 1192
呼符: 0
体力: 32853.066666666666 / 138
友情点: 0 / 1252995`
*連続ログイン1日目
※ログインが途切れるか、7日到達すると
1日目から再開されます*
`フレンドポイント X 2000
9月交換券(2024) X 1
`*「奏章Ⅲ 新霊長後継戦 アーキタイプ・インセプション」(後編)
開幕直前&攻略応援特別ログインボーナス*
*開催期間中、1日1回 最大8回 ログインボーナスをプレゼント！*
`獣の足跡 X 1
`_2024-09-23 19:32:59_
--------
*85858777c7c06124b856aad27f70eca9*
`登陆天数: 22天 / 1682天
等级: 129
石头: 262
呼符: 0
体力: 34240.323333333334 / 138
友情点: 0 / 1373715`
*連続ログイン1日目
※ログインが途切れるか、7日到達すると
1日目から再開されます*
`フレンドポイント X 2000
9月交換券(2024) X 1
`*「奏章Ⅲ 新霊長後継戦 アーキタイプ・インセプション」(後編)
開幕直前&攻略応援特別ログインボーナス*
*開催期間中、1日1回 最大8回 ログインボーナスをプレゼント！*
`獣の足跡 X 1
`_2024-09-23 19:33:08_
--------
*1da1212b135b434f5e326def19d5e428*
`登陆天数: 22天 / 1679天
等级: 129
石头: 503
呼符: 0
体力: 34257.52 / 138
友情点: 0 / 1386420`
*連続ログイン1日目
※ログインが途切れるか、7日到達すると
1日目から再開されます*
`フレンドポイント X 2000
9月交換券(2024) X 1
`*「奏章Ⅲ 新霊長後継戦 アーキタイプ・インセプション」(後編)
開幕直前&攻略応援特別ログインボーナス*
*開催期間中、1日1回 最大8回 ログインボーナスをプレゼント！*
`獣の足跡 X 1
`_2024-09-23 19:33:18_
--------
*1a902bbc5519643f0e050c677ea7fe62*
`登陆天数: 22天 / 1707天
等级: 129
石头: 21
呼符: 0
体力: 32907.676666666666 / 138
友情点: 0 / 1396190`
*連続ログイン1日目
※ログインが途切れるか、7日到達すると
1日目から再開されます*
`フレンドポイント X 2000
9月交換券(2024) X 1
`*「奏章Ⅲ 新霊長後継戦 アーキタイプ・インセプション」(後編)
開幕直前&攻略応援特別ログインボーナス*
*開催期間中、1日1回 最大8回 ログインボーナスをプレゼント！*
`獣の足跡 X 1
`_2024-09-23 19:33:27_
--------
*9b7822cdfd2b8e6edd1188d60e373805*
`登陆天数: 22天 / 1699天
等级: 129
石头: 876
呼符: 0
体力: 32614.266666666666 / 138
友情点: 0 / 1382445`
*連続ログイン1日目
※ログインが途切れるか、7日到達すると
1日目から再開されます*
`フレンドポイント X 2000
9月交換券(2024) X 1
`*「奏章Ⅲ 新霊長後継戦 アーキタイプ・インセプション」(後編)
開幕直前&攻略応援特別ログインボーナス*
*開催期間中、1日1回 最大8回 ログインボーナスをプレゼント！*
`獣の足跡 X 1
`_2024-09-23 19:33:36_
--------
*5de9e66b5ba9da9f403829f3cc4619cf*
`登陆天数: 22天 / 1675天
等级: 129
石头: 2250
呼符: 0
体力: 32575.18 / 138
友情点: 0 / 1371310`
*連続ログイン1日目
※ログインが途切れるか、7日到達すると
1日目から再開されます*
`フレンドポイント X 2000
9月交換券(2024) X 1
`*「奏章Ⅲ 新霊長後継戦 アーキタイプ・インセプション」(後編)
開幕直前&攻略応援特別ログインボーナス*
*開催期間中、1日1回 最大8回 ログインボーナスをプレゼント！*
`獣の足跡 X 1
`_2024-09-23 19:33:45_
--------
