【登录信息】
*dd8a2566a5b65de4395b4ad601c24b63*
`登陆天数: 23天 / 1708天
等级: 129
石头: 1206
呼符: 0
体力: 7651.336666666667 / 138
友情点: 0 / 1371465`
*連続ログイン2日目
※ログインが途切れるか、7日到達すると
1日目から再開されます*
`聖晶石 X 1
9月交換券(2024) X 1
`*「奏章Ⅲ 新霊長後継戦 アーキタイプ・インセプション」(後編)
開幕直前&攻略応援特別ログインボーナス*
*開催期間中、1日1回 最大8回 ログインボーナスをプレゼント！*
`星見のティーポット X 3
`_2024-09-24 19:32:17_
--------
*6d5ca542919ff7bd8aa39f1c722c144e*
`登陆天数: 23天 / 1660天
等级: 129
石头: 2540
呼符: 0
体力: 30162.743333333332 / 138
友情点: 0 / 1275595`
*連続ログイン2日目
※ログインが途切れるか、7日到達すると
1日目から再開されます*
`聖晶石 X 1
9月交換券(2024) X 1
`*「奏章Ⅲ 新霊長後継戦 アーキタイプ・インセプション」(後編)
開幕直前&攻略応援特別ログインボーナス*
*開催期間中、1日1回 最大8回 ログインボーナスをプレゼント！*
`星見のティーポット X 3
`_2024-09-24 19:32:28_
--------
*1abe952f3d6bd604edb9f7f4a463035b*
`登陆天数: 23天 / 1707天
等级: 129
石头: 1005
呼符: 0
体力: 34594.81 / 138
友情点: 0 / 1383645`
*連続ログイン2日目
※ログインが途切れるか、7日到達すると
1日目から再開されます*
`聖晶石 X 1
9月交換券(2024) X 1
`*「奏章Ⅲ 新霊長後継戦 アーキタイプ・インセプション」(後編)
開幕直前&攻略応援特別ログインボーナス*
*開催期間中、1日1回 最大8回 ログインボーナスをプレゼント！*
`星見のティーポット X 3
`_2024-09-24 19:32:36_
--------
*1a902f4ba35e832fe58830625e6b0b6b*
`登陆天数: 23天 / 1686天
等级: 129
石头: 910
呼符: 0
体力: 32879.206666666665 / 138
友情点: 0 / 1378235`
*連続ログイン2日目
※ログインが途切れるか、7日到達すると
1日目から再開されます*
`聖晶石 X 1
9月交換券(2024) X 1
`*「奏章Ⅲ 新霊長後継戦 アーキタイプ・インセプション」(後編)
開幕直前&攻略応援特別ログインボーナス*
*開催期間中、1日1回 最大8回 ログインボーナスをプレゼント！*
`星見のティーポット X 3
`_2024-09-24 19:32:46_
--------
*db5310d98f17767619701f01b70a1e40*
`登陆天数: 23天 / 1637天
等级: 129
石头: 1192
呼符: 0
体力: 33141.05 / 138
友情点: 0 / 1252995`
*連続ログイン2日目
※ログインが途切れるか、7日到達すると
1日目から再開されます*
`聖晶石 X 1
9月交換券(2024) X 1
`*「奏章Ⅲ 新霊長後継戦 アーキタイプ・インセプション」(後編)
開幕直前&攻略応援特別ログインボーナス*
*開催期間中、1日1回 最大8回 ログインボーナスをプレゼント！*
`星見のティーポット X 3
`_2024-09-24 19:32:55_
--------
*85858777c7c06124b856aad27f70eca9*
`登陆天数: 23天 / 1683天
等级: 129
石头: 262
呼符: 0
体力: 34528.306666666664 / 138
友情点: 0 / 1373715`
*連続ログイン2日目
※ログインが途切れるか、7日到達すると
1日目から再開されます*
`聖晶石 X 1
9月交換券(2024) X 1
`*「奏章Ⅲ 新霊長後継戦 アーキタイプ・インセプション」(後編)
開幕直前&攻略応援特別ログインボーナス*
*開催期間中、1日1回 最大8回 ログインボーナスをプレゼント！*
`星見のティーポット X 3
`_2024-09-24 19:33:04_
--------
*1da1212b135b434f5e326def19d5e428*
`登陆天数: 23天 / 1680天
等级: 129
石头: 503
呼符: 0
体力: 34545.503333333334 / 138
友情点: 0 / 1386420`
*連続ログイン2日目
※ログインが途切れるか、7日到達すると
1日目から再開されます*
`聖晶石 X 1
9月交換券(2024) X 1
`*「奏章Ⅲ 新霊長後継戦 アーキタイプ・インセプション」(後編)
開幕直前&攻略応援特別ログインボーナス*
*開催期間中、1日1回 最大8回 ログインボーナスをプレゼント！*
`星見のティーポット X 3
`_2024-09-24 19:33:13_
--------
*1a902bbc5519643f0e050c677ea7fe62*
`登陆天数: 23天 / 1708天
等级: 129
石头: 21
呼符: 0
体力: 33195.66 / 138
友情点: 0 / 1396190`
*連続ログイン2日目
※ログインが途切れるか、7日到達すると
1日目から再開されます*
`聖晶石 X 1
9月交換券(2024) X 1
`*「奏章Ⅲ 新霊長後継戦 アーキタイプ・インセプション」(後編)
開幕直前&攻略応援特別ログインボーナス*
*開催期間中、1日1回 最大8回 ログインボーナスをプレゼント！*
`星見のティーポット X 3
`_2024-09-24 19:33:22_
--------
*9b7822cdfd2b8e6edd1188d60e373805*
`登陆天数: 23天 / 1700天
等级: 129
石头: 876
呼符: 0
体力: 32902.25 / 138
友情点: 0 / 1382445`
*連続ログイン2日目
※ログインが途切れるか、7日到達すると
1日目から再開されます*
`聖晶石 X 1
9月交換券(2024) X 1
`*「奏章Ⅲ 新霊長後継戦 アーキタイプ・インセプション」(後編)
開幕直前&攻略応援特別ログインボーナス*
*開催期間中、1日1回 最大8回 ログインボーナスをプレゼント！*
`星見のティーポット X 3
`_2024-09-24 19:33:31_
--------
*5de9e66b5ba9da9f403829f3cc4619cf*
`登陆天数: 23天 / 1676天
等级: 129
石头: 2250
呼符: 0
体力: 32863.16333333333 / 138
友情点: 0 / 1371310`
*連続ログイン2日目
※ログインが途切れるか、7日到達すると
1日目から再開されます*
`聖晶石 X 1
9月交換券(2024) X 1
`*「奏章Ⅲ 新霊長後継戦 アーキタイプ・インセプション」(後編)
開幕直前&攻略応援特別ログインボーナス*
*開催期間中、1日1回 最大8回 ログインボーナスをプレゼント！*
`星見のティーポット X 3
`_2024-09-24 19:33:40_
--------
