【登录信息】
*dd8a2566a5b65de4395b4ad601c24b63*
`登陆天数: 24天 / 1709天
等级: 129
石头: 1206
呼符: 0
体力: 7939.393333333333 / 138
友情点: 0 / 1371465`
*連続ログイン3日目
※ログインが途切れるか、7日到達すると
1日目から再開されます*
`叡智の業火 X 1
9月交換券(2024) X 1
`*奏章Ⅲ 新霊長後継戦 アーキタイプ・インセプション 開幕記念 ログインボーナス*
*開催期間中、1日1回 最大78回 ログインボーナスをプレゼント！*
`白銀の果実 X 1
`_2024-09-25 19:32:33_
--------
*6d5ca542919ff7bd8aa39f1c722c144e*
`登陆天数: 24天 / 1661天
等级: 129
石头: 2540
呼符: 0
体力: 30450.803333333333 / 138
友情点: 0 / 1275595`
*連続ログイン3日目
※ログインが途切れるか、7日到達すると
1日目から再開されます*
`叡智の業火 X 1
9月交換券(2024) X 1
`*奏章Ⅲ 新霊長後継戦 アーキタイプ・インセプション 開幕記念 ログインボーナス*
*開催期間中、1日1回 最大78回 ログインボーナスをプレゼント！*
`白銀の果実 X 1
`_2024-09-25 19:32:46_
--------
*1abe952f3d6bd604edb9f7f4a463035b*
`登陆天数: 24天 / 1708天
等级: 129
石头: 1005
呼符: 0
体力: 34882.87 / 138
友情点: 0 / 1383645`
*連続ログイン3日目
※ログインが途切れるか、7日到達すると
1日目から再開されます*
`叡智の業火 X 1
9月交換券(2024) X 1
`*奏章Ⅲ 新霊長後継戦 アーキタイプ・インセプション 開幕記念 ログインボーナス*
*開催期間中、1日1回 最大78回 ログインボーナスをプレゼント！*
`白銀の果実 X 1
`_2024-09-25 19:32:54_
--------
*1a902f4ba35e832fe58830625e6b0b6b*
`登陆天数: 24天 / 1687天
等级: 129
石头: 910
呼符: 0
体力: 33167.26666666667 / 138
友情点: 0 / 1378235`
*連続ログイン3日目
※ログインが途切れるか、7日到達すると
1日目から再開されます*
`叡智の業火 X 1
9月交換券(2024) X 1
`*奏章Ⅲ 新霊長後継戦 アーキタイプ・インセプション 開幕記念 ログインボーナス*
*開催期間中、1日1回 最大78回 ログインボーナスをプレゼント！*
`白銀の果実 X 1
`_2024-09-25 19:33:03_
--------
*db5310d98f17767619701f01b70a1e40*
`登陆天数: 24天 / 1638天
等级: 129
石头: 1192
呼符: 0
体力: 33429.11 / 138
友情点: 0 / 1252995`
*連続ログイン3日目
※ログインが途切れるか、7日到達すると
1日目から再開されます*
`叡智の業火 X 1
9月交換券(2024) X 1
`*奏章Ⅲ 新霊長後継戦 アーキタイプ・インセプション 開幕記念 ログインボーナス*
*開催期間中、1日1回 最大78回 ログインボーナスをプレゼント！*
`白銀の果実 X 1
`_2024-09-25 19:33:13_
--------
*85858777c7c06124b856aad27f70eca9*
`登陆天数: 24天 / 1684天
等级: 129
石头: 262
呼符: 0
体力: 34816.36666666667 / 138
友情点: 0 / 1373715`
*連続ログイン3日目
※ログインが途切れるか、7日到達すると
1日目から再開されます*
`叡智の業火 X 1
9月交換券(2024) X 1
`*奏章Ⅲ 新霊長後継戦 アーキタイプ・インセプション 開幕記念 ログインボーナス*
*開催期間中、1日1回 最大78回 ログインボーナスをプレゼント！*
`白銀の果実 X 1
`_2024-09-25 19:33:22_
--------
*1da1212b135b434f5e326def19d5e428*
`登陆天数: 24天 / 1681天
等级: 129
石头: 503
呼符: 0
体力: 34833.56333333333 / 138
友情点: 0 / 1386420`
*連続ログイン3日目
※ログインが途切れるか、7日到達すると
1日目から再開されます*
`叡智の業火 X 1
9月交換券(2024) X 1
`*奏章Ⅲ 新霊長後継戦 アーキタイプ・インセプション 開幕記念 ログインボーナス*
*開催期間中、1日1回 最大78回 ログインボーナスをプレゼント！*
`白銀の果実 X 1
`_2024-09-25 19:33:31_
--------
*1a902bbc5519643f0e050c677ea7fe62*
`登陆天数: 24天 / 1709天
等级: 129
石头: 21
呼符: 0
体力: 33483.72 / 138
友情点: 0 / 1396190`
*連続ログイン3日目
※ログインが途切れるか、7日到達すると
1日目から再開されます*
`叡智の業火 X 1
9月交換券(2024) X 1
`*奏章Ⅲ 新霊長後継戦 アーキタイプ・インセプション 開幕記念 ログインボーナス*
*開催期間中、1日1回 最大78回 ログインボーナスをプレゼント！*
`白銀の果実 X 1
`_2024-09-25 19:33:40_
--------
*9b7822cdfd2b8e6edd1188d60e373805*
`登陆天数: 24天 / 1701天
等级: 129
石头: 876
呼符: 0
体力: 33190.31333333333 / 138
友情点: 0 / 1382445`
*連続ログイン3日目
※ログインが途切れるか、7日到達すると
1日目から再開されます*
`叡智の業火 X 1
9月交換券(2024) X 1
`*奏章Ⅲ 新霊長後継戦 アーキタイプ・インセプション 開幕記念 ログインボーナス*
*開催期間中、1日1回 最大78回 ログインボーナスをプレゼント！*
`白銀の果実 X 1
`_2024-09-25 19:33:49_
--------
*5de9e66b5ba9da9f403829f3cc4619cf*
`登陆天数: 24天 / 1677天
等级: 129
石头: 2250
呼符: 0
体力: 33151.22666666667 / 138
友情点: 0 / 1371310`
*連続ログイン3日目
※ログインが途切れるか、7日到達すると
1日目から再開されます*
`叡智の業火 X 1
9月交換券(2024) X 1
`*奏章Ⅲ 新霊長後継戦 アーキタイプ・インセプション 開幕記念 ログインボーナス*
*開催期間中、1日1回 最大78回 ログインボーナスをプレゼント！*
`白銀の果実 X 1
`_2024-09-25 19:33:59_
--------
