【登录信息】
*dd8a2566a5b65de4395b4ad601c24b63*
`登陆天数: 28天 / 1713天
等级: 129
石头: 1206
呼符: 0
体力: 9091.466666666667 / 138
友情点: 0 / 1371465`
*連続ログイン7日間到達おめでとうございます！
明日は1日目からリスタートされます。*
`獣の足跡 X 1
呼符 X 1
9月交換券(2024) X 1
`*奏章Ⅲ 新霊長後継戦 アーキタイプ・インセプション 開幕記念 ログインボーナス*
*開催期間中、1日1回 最大78回 ログインボーナスをプレゼント！*
`白銀の果実 X 1
`_2024-09-29 19:32:56_
--------
*6d5ca542919ff7bd8aa39f1c722c144e*
`登陆天数: 28天 / 1665天
等级: 129
石头: 2540
呼符: 0
体力: 31602.88 / 138
友情点: 0 / 1275595`
*連続ログイン7日間到達おめでとうございます！
明日は1日目からリスタートされます。*
`獣の足跡 X 1
呼符 X 1
9月交換券(2024) X 1
`*奏章Ⅲ 新霊長後継戦 アーキタイプ・インセプション 開幕記念 ログインボーナス*
*開催期間中、1日1回 最大78回 ログインボーナスをプレゼント！*
`白銀の果実 X 1
`_2024-09-29 19:33:08_
--------
*1abe952f3d6bd604edb9f7f4a463035b*
`登陆天数: 28天 / 1712天
等级: 129
石头: 1005
呼符: 0
体力: 36034.94666666666 / 138
友情点: 0 / 1383645`
*連続ログイン7日間到達おめでとうございます！
明日は1日目からリスタートされます。*
`獣の足跡 X 1
呼符 X 1
9月交換券(2024) X 1
`*奏章Ⅲ 新霊長後継戦 アーキタイプ・インセプション 開幕記念 ログインボーナス*
*開催期間中、1日1回 最大78回 ログインボーナスをプレゼント！*
`白銀の果実 X 1
`_2024-09-29 19:33:17_
--------
*1a902f4ba35e832fe58830625e6b0b6b*
`登陆天数: 28天 / 1691天
等级: 129
石头: 910
呼符: 0
体力: 34319.346666666665 / 138
友情点: 0 / 1378235`
*連続ログイン7日間到達おめでとうございます！
明日は1日目からリスタートされます。*
`獣の足跡 X 1
呼符 X 1
9月交換券(2024) X 1
`*奏章Ⅲ 新霊長後継戦 アーキタイプ・インセプション 開幕記念 ログインボーナス*
*開催期間中、1日1回 最大78回 ログインボーナスをプレゼント！*
`白銀の果実 X 1
`_2024-09-29 19:33:27_
--------
*db5310d98f17767619701f01b70a1e40*
`登陆天数: 28天 / 1642天
等级: 129
石头: 1192
呼符: 0
体力: 34581.19 / 138
友情点: 0 / 1252995`
*連続ログイン7日間到達おめでとうございます！
明日は1日目からリスタートされます。*
`獣の足跡 X 1
呼符 X 1
9月交換券(2024) X 1
`*奏章Ⅲ 新霊長後継戦 アーキタイプ・インセプション 開幕記念 ログインボーナス*
*開催期間中、1日1回 最大78回 ログインボーナスをプレゼント！*
`白銀の果実 X 1
`_2024-09-29 19:33:36_
--------
*85858777c7c06124b856aad27f70eca9*
`登陆天数: 28天 / 1688天
等级: 129
石头: 262
呼符: 0
体力: 35968.45 / 138
友情点: 0 / 1373715`
*連続ログイン7日間到達おめでとうございます！
明日は1日目からリスタートされます。*
`獣の足跡 X 1
呼符 X 1
9月交換券(2024) X 1
`*奏章Ⅲ 新霊長後継戦 アーキタイプ・インセプション 開幕記念 ログインボーナス*
*開催期間中、1日1回 最大78回 ログインボーナスをプレゼント！*
`白銀の果実 X 1
`_2024-09-29 19:33:46_
--------
*1da1212b135b434f5e326def19d5e428*
`登陆天数: 28天 / 1685天
等级: 129
石头: 503
呼符: 0
体力: 35985.64666666667 / 138
友情点: 0 / 1386420`
*連続ログイン7日間到達おめでとうございます！
明日は1日目からリスタートされます。*
`獣の足跡 X 1
呼符 X 1
9月交換券(2024) X 1
`*奏章Ⅲ 新霊長後継戦 アーキタイプ・インセプション 開幕記念 ログインボーナス*
*開催期間中、1日1回 最大78回 ログインボーナスをプレゼント！*
`白銀の果実 X 1
`_2024-09-29 19:33:56_
--------
*1a902bbc5519643f0e050c677ea7fe62*
`登陆天数: 28天 / 1713天
等级: 129
石头: 21
呼符: 0
体力: 34635.80333333334 / 138
友情点: 0 / 1396190`
*連続ログイン7日間到達おめでとうございます！
明日は1日目からリスタートされます。*
`獣の足跡 X 1
呼符 X 1
9月交換券(2024) X 1
`*奏章Ⅲ 新霊長後継戦 アーキタイプ・インセプション 開幕記念 ログインボーナス*
*開催期間中、1日1回 最大78回 ログインボーナスをプレゼント！*
`白銀の果実 X 1
`_2024-09-29 19:34:05_
--------
*9b7822cdfd2b8e6edd1188d60e373805*
`登陆天数: 28天 / 1705天
等级: 129
石头: 876
呼符: 0
体力: 34342.4 / 138
友情点: 0 / 1382445`
*連続ログイン7日間到達おめでとうございます！
明日は1日目からリスタートされます。*
`獣の足跡 X 1
呼符 X 1
9月交換券(2024) X 1
`*奏章Ⅲ 新霊長後継戦 アーキタイプ・インセプション 開幕記念 ログインボーナス*
*開催期間中、1日1回 最大78回 ログインボーナスをプレゼント！*
`白銀の果実 X 1
`_2024-09-29 19:34:15_
--------
*5de9e66b5ba9da9f403829f3cc4619cf*
`登陆天数: 28天 / 1681天
等级: 129
石头: 2250
呼符: 0
体力: 34303.316666666666 / 138
友情点: 0 / 1371310`
*連続ログイン7日間到達おめでとうございます！
明日は1日目からリスタートされます。*
`獣の足跡 X 1
呼符 X 1
9月交換券(2024) X 1
`*奏章Ⅲ 新霊長後継戦 アーキタイプ・インセプション 開幕記念 ログインボーナス*
*開催期間中、1日1回 最大78回 ログインボーナスをプレゼント！*
`白銀の果実 X 1
`_2024-09-29 19:34:25_
--------
