【登录信息】
*dd8a2566a5b65de4395b4ad601c24b63*
`登陆天数: 30天 / 1715天
等级: 129
石头: 1206
呼符: 0
体力: 9667.383333333333 / 138
友情点: 0 / 1371465`
*連続ログイン2日目
※ログインが途切れるか、7日到達すると
1日目から再開されます*
`聖晶石 X 1
10月交換券(2024) X 1
`*使用期限付コンティニューアイテムプレゼント！*
*開催期間中、初回ログインでコンティニューアイテム「霊脈石×3」をプレゼント！*
`霊脈石 X 3
`_2024-10-01 19:32:31_
--------
*6d5ca542919ff7bd8aa39f1c722c144e*
`登陆天数: 30天 / 1667天
等级: 129
石头: 2540
呼符: 0
体力: 32178.793333333335 / 138
友情点: 0 / 1275595`
*連続ログイン2日目
※ログインが途切れるか、7日到達すると
1日目から再開されます*
`聖晶石 X 1
10月交換券(2024) X 1
`*使用期限付コンティニューアイテムプレゼント！*
*開催期間中、初回ログインでコンティニューアイテム「霊脈石×3」をプレゼント！*
`霊脈石 X 3
`_2024-10-01 19:32:43_
--------
*1abe952f3d6bd604edb9f7f4a463035b*
`登陆天数: 30天 / 1714天
等级: 129
石头: 1005
呼符: 0
体力: 36610.863333333335 / 138
友情点: 0 / 1383645`
*連続ログイン2日目
※ログインが途切れるか、7日到達すると
1日目から再開されます*
`聖晶石 X 1
10月交換券(2024) X 1
`*使用期限付コンティニューアイテムプレゼント！*
*開催期間中、初回ログインでコンティニューアイテム「霊脈石×3」をプレゼント！*
`霊脈石 X 3
`_2024-10-01 19:32:52_
--------
*1a902f4ba35e832fe58830625e6b0b6b*
`登陆天数: 30天 / 1693天
等级: 129
石头: 910
呼符: 0
体力: 34895.26 / 138
友情点: 0 / 1378235`
*連続ログイン2日目
※ログインが途切れるか、7日到達すると
1日目から再開されます*
`聖晶石 X 1
10月交換券(2024) X 1
`*使用期限付コンティニューアイテムプレゼント！*
*開催期間中、初回ログインでコンティニューアイテム「霊脈石×3」をプレゼント！*
`霊脈石 X 3
`_2024-10-01 19:33:01_
--------
*db5310d98f17767619701f01b70a1e40*
`登陆天数: 30天 / 1644天
等级: 129
石头: 1192
呼符: 0
体力: 35157.10333333333 / 138
友情点: 0 / 1252995`
*連続ログイン2日目
※ログインが途切れるか、7日到達すると
1日目から再開されます*
`聖晶石 X 1
10月交換券(2024) X 1
`*使用期限付コンティニューアイテムプレゼント！*
*開催期間中、初回ログインでコンティニューアイテム「霊脈石×3」をプレゼント！*
`霊脈石 X 3
`_2024-10-01 19:33:10_
--------
*85858777c7c06124b856aad27f70eca9*
`登陆天数: 30天 / 1690天
等级: 129
石头: 262
呼符: 0
体力: 36544.363333333335 / 138
友情点: 0 / 1373715`
*連続ログイン2日目
※ログインが途切れるか、7日到達すると
1日目から再開されます*
`聖晶石 X 1
10月交換券(2024) X 1
`*使用期限付コンティニューアイテムプレゼント！*
*開催期間中、初回ログインでコンティニューアイテム「霊脈石×3」をプレゼント！*
`霊脈石 X 3
`_2024-10-01 19:33:20_
--------
*1da1212b135b434f5e326def19d5e428*
`登陆天数: 30天 / 1687天
等级: 129
石头: 503
呼符: 0
体力: 36561.56 / 138
友情点: 0 / 1386420`
*連続ログイン2日目
※ログインが途切れるか、7日到達すると
1日目から再開されます*
`聖晶石 X 1
10月交換券(2024) X 1
`*使用期限付コンティニューアイテムプレゼント！*
*開催期間中、初回ログインでコンティニューアイテム「霊脈石×3」をプレゼント！*
`霊脈石 X 3
`_2024-10-01 19:33:30_
--------
*1a902bbc5519643f0e050c677ea7fe62*
`登陆天数: 30天 / 1715天
等级: 129
石头: 21
呼符: 0
体力: 35211.71666666667 / 138
友情点: 0 / 1396190`
*連続ログイン2日目
※ログインが途切れるか、7日到達すると
1日目から再開されます*
`聖晶石 X 1
10月交換券(2024) X 1
`*使用期限付コンティニューアイテムプレゼント！*
*開催期間中、初回ログインでコンティニューアイテム「霊脈石×3」をプレゼント！*
`霊脈石 X 3
`_2024-10-01 19:33:39_
--------
*9b7822cdfd2b8e6edd1188d60e373805*
`登陆天数: 30天 / 1707天
等级: 129
石头: 876
呼符: 0
体力: 34918.31 / 138
友情点: 0 / 1382445`
*連続ログイン2日目
※ログインが途切れるか、7日到達すると
1日目から再開されます*
`聖晶石 X 1
10月交換券(2024) X 1
`*使用期限付コンティニューアイテムプレゼント！*
*開催期間中、初回ログインでコンティニューアイテム「霊脈石×3」をプレゼント！*
`霊脈石 X 3
`_2024-10-01 19:33:49_
--------
*5de9e66b5ba9da9f403829f3cc4619cf*
`登陆天数: 30天 / 1683天
等级: 129
石头: 2250
呼符: 0
体力: 34879.223333333335 / 138
友情点: 0 / 1371310`
*連続ログイン2日目
※ログインが途切れるか、7日到達すると
1日目から再開されます*
`聖晶石 X 1
10月交換券(2024) X 1
`*使用期限付コンティニューアイテムプレゼント！*
*開催期間中、初回ログインでコンティニューアイテム「霊脈石×3」をプレゼント！*
`霊脈石 X 3
`_2024-10-01 19:33:58_
--------
