【登录信息】
*dd8a2566a5b65de4395b4ad601c24b63*
`登陆天数: 32天 / 1717天
等级: 129
石头: 1206
呼符: 0
体力: 10243.713333333333 / 138
友情点: 0 / 1371465`
*連続ログイン4日目
※ログインが途切れるか、7日到達すると
1日目から再開されます*
`聖晶石 X 1
10月交換券(2024) X 1
`*奏章Ⅲ 新霊長後継戦 アーキタイプ・インセプション 開幕記念 ログインボーナス*
*開催期間中、1日1回 最大78回 ログインボーナスをプレゼント！*
`黄金の果実 X 1
`_2024-10-03 19:34:10_
--------
*6d5ca542919ff7bd8aa39f1c722c144e*
`登陆天数: 32天 / 1669天
等级: 129
石头: 2540
呼符: 0
体力: 32755.123333333333 / 138
友情点: 0 / 1275595`
*連続ログイン4日目
※ログインが途切れるか、7日到達すると
1日目から再開されます*
`聖晶石 X 1
10月交換券(2024) X 1
`*奏章Ⅲ 新霊長後継戦 アーキタイプ・インセプション 開幕記念 ログインボーナス*
*開催期間中、1日1回 最大78回 ログインボーナスをプレゼント！*
`白銀の果実 X 1
`_2024-10-03 19:34:22_
--------
*1abe952f3d6bd604edb9f7f4a463035b*
`登陆天数: 32天 / 1716天
等级: 129
石头: 1005
呼符: 0
体力: 37187.19 / 138
友情点: 0 / 1383645`
*連続ログイン4日目
※ログインが途切れるか、7日到達すると
1日目から再開されます*
`聖晶石 X 1
10月交換券(2024) X 1
`*奏章Ⅲ 新霊長後継戦 アーキタイプ・インセプション 開幕記念 ログインボーナス*
*開催期間中、1日1回 最大78回 ログインボーナスをプレゼント！*
`黄金の果実 X 1
`_2024-10-03 19:34:30_
--------
*1a902f4ba35e832fe58830625e6b0b6b*
`登陆天数: 32天 / 1695天
等级: 129
石头: 910
呼符: 0
体力: 35471.59 / 138
友情点: 0 / 1378235`
*連続ログイン4日目
※ログインが途切れるか、7日到達すると
1日目から再開されます*
`聖晶石 X 1
10月交換券(2024) X 1
`*奏章Ⅲ 新霊長後継戦 アーキタイプ・インセプション 開幕記念 ログインボーナス*
*開催期間中、1日1回 最大78回 ログインボーナスをプレゼント！*
`黄金の果実 X 1
`_2024-10-03 19:34:40_
--------
*db5310d98f17767619701f01b70a1e40*
`登陆天数: 32天 / 1646天
等级: 129
石头: 1192
呼符: 0
体力: 35733.433333333334 / 138
友情点: 0 / 1252995`
*連続ログイン4日目
※ログインが途切れるか、7日到達すると
1日目から再開されます*
`聖晶石 X 1
10月交換券(2024) X 1
`*奏章Ⅲ 新霊長後継戦 アーキタイプ・インセプション 開幕記念 ログインボーナス*
*開催期間中、1日1回 最大78回 ログインボーナスをプレゼント！*
`黄金の果実 X 1
`_2024-10-03 19:34:49_
--------
*85858777c7c06124b856aad27f70eca9*
`登陆天数: 32天 / 1692天
等级: 129
石头: 262
呼符: 0
体力: 37120.69 / 138
友情点: 0 / 1373715`
*連続ログイン4日目
※ログインが途切れるか、7日到達すると
1日目から再開されます*
`聖晶石 X 1
10月交換券(2024) X 1
`*奏章Ⅲ 新霊長後継戦 アーキタイプ・インセプション 開幕記念 ログインボーナス*
*開催期間中、1日1回 最大78回 ログインボーナスをプレゼント！*
`黄金の果実 X 1
`_2024-10-03 19:34:58_
--------
*1da1212b135b434f5e326def19d5e428*
`登陆天数: 32天 / 1689天
等级: 129
石头: 503
呼符: 0
体力: 37137.886666666665 / 138
友情点: 0 / 1386420`
*連続ログイン4日目
※ログインが途切れるか、7日到達すると
1日目から再開されます*
`聖晶石 X 1
10月交換券(2024) X 1
`*奏章Ⅲ 新霊長後継戦 アーキタイプ・インセプション 開幕記念 ログインボーナス*
*開催期間中、1日1回 最大78回 ログインボーナスをプレゼント！*
`黄金の果実 X 1
`_2024-10-03 19:35:08_
--------
*1a902bbc5519643f0e050c677ea7fe62*
`登陆天数: 32天 / 1717天
等级: 129
石头: 21
呼符: 0
体力: 35788.043333333335 / 138
友情点: 0 / 1396190`
*連続ログイン4日目
※ログインが途切れるか、7日到達すると
1日目から再開されます*
`聖晶石 X 1
10月交換券(2024) X 1
`*奏章Ⅲ 新霊長後継戦 アーキタイプ・インセプション 開幕記念 ログインボーナス*
*開催期間中、1日1回 最大78回 ログインボーナスをプレゼント！*
`黄金の果実 X 1
`_2024-10-03 19:35:17_
--------
*9b7822cdfd2b8e6edd1188d60e373805*
`登陆天数: 32天 / 1709天
等级: 129
石头: 876
呼符: 0
体力: 35494.63333333333 / 138
友情点: 0 / 1382445`
*連続ログイン4日目
※ログインが途切れるか、7日到達すると
1日目から再開されます*
`聖晶石 X 1
10月交換券(2024) X 1
`*奏章Ⅲ 新霊長後継戦 アーキタイプ・インセプション 開幕記念 ログインボーナス*
*開催期間中、1日1回 最大78回 ログインボーナスをプレゼント！*
`黄金の果実 X 1
`_2024-10-03 19:35:26_
--------
*5de9e66b5ba9da9f403829f3cc4619cf*
`登陆天数: 32天 / 1685天
等级: 129
石头: 2250
呼符: 0
体力: 35455.54666666667 / 138
友情点: 0 / 1371310`
*連続ログイン4日目
※ログインが途切れるか、7日到達すると
1日目から再開されます*
`聖晶石 X 1
10月交換券(2024) X 1
`*奏章Ⅲ 新霊長後継戦 アーキタイプ・インセプション 開幕記念 ログインボーナス*
*開催期間中、1日1回 最大78回 ログインボーナスをプレゼント！*
`黄金の果実 X 1
`_2024-10-03 19:35:35_
--------
