【登录信息】
*dd8a2566a5b65de4395b4ad601c24b63*
`登陆天数: 34天 / 1719天
等级: 129
石头: 1206
呼符: 0
体力: 10819.353333333333 / 138
友情点: 0 / 1371465`
*連続ログイン6日目
※ログインが途切れるか、7日到達すると
1日目から再開されます*
`聖晶石 X 2
10月交換券(2024) X 1
`*3000万DL記念 特別回数ログインボーナス*
*開催期間中、1日1回 最大10回 回数ログインボーナスをプレゼント！*
`叡智の業火 X 30
`_2024-10-05 19:32:22_
--------
*6d5ca542919ff7bd8aa39f1c722c144e*
`登陆天数: 34天 / 1671天
等级: 129
石头: 2540
呼符: 0
体力: 33330.763333333336 / 138
友情点: 0 / 1275595`
*連続ログイン6日目
※ログインが途切れるか、7日到達すると
1日目から再開されます*
`聖晶石 X 2
10月交換券(2024) X 1
`*3000万DL記念 特別回数ログインボーナス*
*開催期間中、1日1回 最大10回 回数ログインボーナスをプレゼント！*
`叡智の業火 X 30
`_2024-10-05 19:32:33_
--------
*1abe952f3d6bd604edb9f7f4a463035b*
`登陆天数: 34天 / 1718天
等级: 129
石头: 1005
呼符: 0
体力: 37762.82666666667 / 138
友情点: 0 / 1383645`
*連続ログイン6日目
※ログインが途切れるか、7日到達すると
1日目から再開されます*
`聖晶石 X 2
10月交換券(2024) X 1
`*3000万DL記念 特別回数ログインボーナス*
*開催期間中、1日1回 最大10回 回数ログインボーナスをプレゼント！*
`叡智の業火 X 30
`_2024-10-05 19:32:42_
--------
*1a902f4ba35e832fe58830625e6b0b6b*
`登陆天数: 34天 / 1697天
等级: 129
石头: 910
呼符: 0
体力: 36047.223333333335 / 138
友情点: 0 / 1378235`
*連続ログイン6日目
※ログインが途切れるか、7日到達すると
1日目から再開されます*
`聖晶石 X 2
10月交換券(2024) X 1
`*3000万DL記念 特別回数ログインボーナス*
*開催期間中、1日1回 最大10回 回数ログインボーナスをプレゼント！*
`叡智の業火 X 30
`_2024-10-05 19:32:51_
--------
*db5310d98f17767619701f01b70a1e40*
`登陆天数: 34天 / 1648天
等级: 129
石头: 1192
呼符: 0
体力: 36309.066666666666 / 138
友情点: 0 / 1252995`
*連続ログイン6日目
※ログインが途切れるか、7日到達すると
1日目から再開されます*
`聖晶石 X 2
10月交換券(2024) X 1
`*3000万DL記念 特別回数ログインボーナス*
*開催期間中、1日1回 最大10回 回数ログインボーナスをプレゼント！*
`叡智の業火 X 30
`_2024-10-05 19:32:59_
--------
*85858777c7c06124b856aad27f70eca9*
`登陆天数: 34天 / 1694天
等级: 129
石头: 262
呼符: 0
体力: 37696.323333333334 / 138
友情点: 0 / 1373715`
*連続ログイン6日目
※ログインが途切れるか、7日到達すると
1日目から再開されます*
`聖晶石 X 2
10月交換券(2024) X 1
`*3000万DL記念 特別回数ログインボーナス*
*開催期間中、1日1回 最大10回 回数ログインボーナスをプレゼント！*
`叡智の業火 X 30
`_2024-10-05 19:33:08_
--------
*1da1212b135b434f5e326def19d5e428*
`登陆天数: 34天 / 1691天
等级: 129
石头: 503
呼符: 0
体力: 37713.51666666667 / 138
友情点: 0 / 1386420`
*連続ログイン6日目
※ログインが途切れるか、7日到達すると
1日目から再開されます*
`聖晶石 X 2
10月交換券(2024) X 1
`*3000万DL記念 特別回数ログインボーナス*
*開催期間中、1日1回 最大10回 回数ログインボーナスをプレゼント！*
`叡智の業火 X 30
`_2024-10-05 19:33:18_
--------
*1a902bbc5519643f0e050c677ea7fe62*
`登陆天数: 34天 / 1719天
等级: 129
石头: 21
呼符: 0
体力: 36363.67333333333 / 138
友情点: 0 / 1396190`
*連続ログイン6日目
※ログインが途切れるか、7日到達すると
1日目から再開されます*
`聖晶石 X 2
10月交換券(2024) X 1
`*3000万DL記念 特別回数ログインボーナス*
*開催期間中、1日1回 最大10回 回数ログインボーナスをプレゼント！*
`叡智の業火 X 30
`_2024-10-05 19:33:26_
--------
*9b7822cdfd2b8e6edd1188d60e373805*
`登陆天数: 34天 / 1711天
等级: 129
石头: 876
呼符: 0
体力: 36070.263333333336 / 138
友情点: 0 / 1382445`
*連続ログイン6日目
※ログインが途切れるか、7日到達すると
1日目から再開されます*
`聖晶石 X 2
10月交換券(2024) X 1
`*3000万DL記念 特別回数ログインボーナス*
*開催期間中、1日1回 最大10回 回数ログインボーナスをプレゼント！*
`叡智の業火 X 30
`_2024-10-05 19:33:35_
--------
*5de9e66b5ba9da9f403829f3cc4619cf*
`登陆天数: 34天 / 1687天
等级: 129
石头: 2250
呼符: 0
体力: 36031.176666666666 / 138
友情点: 0 / 1371310`
*連続ログイン6日目
※ログインが途切れるか、7日到達すると
1日目から再開されます*
`聖晶石 X 2
10月交換券(2024) X 1
`*3000万DL記念 特別回数ログインボーナス*
*開催期間中、1日1回 最大10回 回数ログインボーナスをプレゼント！*
`叡智の業火 X 30
`_2024-10-05 19:33:44_
--------
