【登录信息】
*dd8a2566a5b65de4395b4ad601c24b63*
`登陆天数: 35天 / 1720天
等级: 129
石头: 1206
呼符: 0
体力: 11107.546666666667 / 138
友情点: 0 / 1371465`
*連続ログイン7日間到達おめでとうございます！
明日は1日目からリスタートされます。*
`獣の足跡 X 1
呼符 X 1
10月交換券(2024) X 1
`*3000万DL突破記念 10万リポスト達成プレゼント*
*開催期間中、初回ログインで「聖晶石×30」をプレゼント！*
`聖晶石 X 30
`_2024-10-06 19:33:20_
--------
*6d5ca542919ff7bd8aa39f1c722c144e*
`登陆天数: 35天 / 1672天
等级: 129
石头: 2540
呼符: 0
体力: 33618.956666666665 / 138
友情点: 0 / 1275595`
*連続ログイン7日間到達おめでとうございます！
明日は1日目からリスタートされます。*
`獣の足跡 X 1
呼符 X 1
10月交換券(2024) X 1
`*3000万DL突破記念 10万リポスト達成プレゼント*
*開催期間中、初回ログインで「聖晶石×30」をプレゼント！*
`聖晶石 X 30
`_2024-10-06 19:33:31_
--------
*1abe952f3d6bd604edb9f7f4a463035b*
`登陆天数: 35天 / 1719天
等级: 129
石头: 1005
呼符: 0
体力: 38051.02 / 138
友情点: 0 / 1383645`
*連続ログイン7日間到達おめでとうございます！
明日は1日目からリスタートされます。*
`獣の足跡 X 1
呼符 X 1
10月交換券(2024) X 1
`*3000万DL突破記念 10万リポスト達成プレゼント*
*開催期間中、初回ログインで「聖晶石×30」をプレゼント！*
`聖晶石 X 30
`_2024-10-06 19:33:40_
--------
*1a902f4ba35e832fe58830625e6b0b6b*
`登陆天数: 35天 / 1698天
等级: 129
石头: 910
呼符: 0
体力: 36335.41333333333 / 138
友情点: 0 / 1378235`
*連続ログイン7日間到達おめでとうございます！
明日は1日目からリスタートされます。*
`獣の足跡 X 1
呼符 X 1
10月交換券(2024) X 1
`*3000万DL突破記念 10万リポスト達成プレゼント*
*開催期間中、初回ログインで「聖晶石×30」をプレゼント！*
`聖晶石 X 30
`_2024-10-06 19:33:48_
--------
*db5310d98f17767619701f01b70a1e40*
`登陆天数: 35天 / 1649天
等级: 129
石头: 1192
呼符: 0
体力: 36597.25666666667 / 138
友情点: 0 / 1252995`
*連続ログイン7日間到達おめでとうございます！
明日は1日目からリスタートされます。*
`獣の足跡 X 1
呼符 X 1
10月交換券(2024) X 1
`*3000万DL突破記念 10万リポスト達成プレゼント*
*開催期間中、初回ログインで「聖晶石×30」をプレゼント！*
`聖晶石 X 30
`_2024-10-06 19:33:56_
--------
*85858777c7c06124b856aad27f70eca9*
`登陆天数: 35天 / 1695天
等级: 129
石头: 262
呼符: 0
体力: 37984.51 / 138
友情点: 0 / 1373715`
*連続ログイン7日間到達おめでとうございます！
明日は1日目からリスタートされます。*
`獣の足跡 X 1
呼符 X 1
10月交換券(2024) X 1
`*3000万DL突破記念 10万リポスト達成プレゼント*
*開催期間中、初回ログインで「聖晶石×30」をプレゼント！*
`聖晶石 X 30
`_2024-10-06 19:34:05_
--------
*1da1212b135b434f5e326def19d5e428*
`登陆天数: 35天 / 1692天
等级: 129
石头: 503
呼符: 0
体力: 38001.70333333333 / 138
友情点: 0 / 1386420`
*連続ログイン7日間到達おめでとうございます！
明日は1日目からリスタートされます。*
`獣の足跡 X 1
呼符 X 1
10月交換券(2024) X 1
`*3000万DL突破記念 10万リポスト達成プレゼント*
*開催期間中、初回ログインで「聖晶石×30」をプレゼント！*
`聖晶石 X 30
`_2024-10-06 19:34:14_
--------
*1a902bbc5519643f0e050c677ea7fe62*
`登陆天数: 35天 / 1720天
等级: 129
石头: 21
呼符: 0
体力: 36651.86 / 138
友情点: 0 / 1396190`
*連続ログイン7日間到達おめでとうございます！
明日は1日目からリスタートされます。*
`獣の足跡 X 1
呼符 X 1
10月交換券(2024) X 1
`*3000万DL突破記念 10万リポスト達成プレゼント*
*開催期間中、初回ログインで「聖晶石×30」をプレゼント！*
`聖晶石 X 30
`_2024-10-06 19:34:23_
--------
*9b7822cdfd2b8e6edd1188d60e373805*
`登陆天数: 35天 / 1712天
等级: 129
石头: 876
呼符: 0
体力: 36358.45333333333 / 138
友情点: 0 / 1382445`
*連続ログイン7日間到達おめでとうございます！
明日は1日目からリスタートされます。*
`獣の足跡 X 1
呼符 X 1
10月交換券(2024) X 1
`*3000万DL突破記念 10万リポスト達成プレゼント*
*開催期間中、初回ログインで「聖晶石×30」をプレゼント！*
`聖晶石 X 30
`_2024-10-06 19:34:32_
--------
*5de9e66b5ba9da9f403829f3cc4619cf*
`登陆天数: 35天 / 1688天
等级: 129
石头: 2250
呼符: 0
体力: 36319.36666666667 / 138
友情点: 0 / 1371310`
*連続ログイン7日間到達おめでとうございます！
明日は1日目からリスタートされます。*
`獣の足跡 X 1
呼符 X 1
10月交換券(2024) X 1
`*3000万DL突破記念 10万リポスト達成プレゼント*
*開催期間中、初回ログインで「聖晶石×30」をプレゼント！*
`聖晶石 X 30
`_2024-10-06 19:34:40_
--------
