【登录信息】
*dd8a2566a5b65de4395b4ad601c24b63*
`登陆天数: 36天 / 1721天
等级: 129
石头: 1206
呼符: 0
体力: 11395.373333333333 / 138
友情点: 0 / 1371465`
*連続ログイン1日目
※ログインが途切れるか、7日到達すると
1日目から再開されます*
`フレンドポイント X 2000
10月交換券(2024) X 1
`*3000万DL記念 特別回数ログインボーナス*
*開催期間中、1日1回 最大10回 回数ログインボーナスをプレゼント！*
`QP X 30000000
`_2024-10-07 19:32:28_
--------
*6d5ca542919ff7bd8aa39f1c722c144e*
`登陆天数: 36天 / 1673天
等级: 129
石头: 2540
呼符: 0
体力: 33906.78333333333 / 138
友情点: 0 / 1275595`
*連続ログイン1日目
※ログインが途切れるか、7日到達すると
1日目から再開されます*
`フレンドポイント X 2000
10月交換券(2024) X 1
`*3000万DL記念 特別回数ログインボーナス*
*開催期間中、1日1回 最大10回 回数ログインボーナスをプレゼント！*
`QP X 30000000
`_2024-10-07 19:32:40_
--------
*1abe952f3d6bd604edb9f7f4a463035b*
`登陆天数: 36天 / 1720天
等级: 129
石头: 1005
呼符: 0
体力: 38338.846666666665 / 138
友情点: 0 / 1383645`
*連続ログイン1日目
※ログインが途切れるか、7日到達すると
1日目から再開されます*
`フレンドポイント X 2000
10月交換券(2024) X 1
`*3000万DL記念 特別回数ログインボーナス*
*開催期間中、1日1回 最大10回 回数ログインボーナスをプレゼント！*
`QP X 30000000
`_2024-10-07 19:32:48_
--------
*1a902f4ba35e832fe58830625e6b0b6b*
`登陆天数: 36天 / 1699天
等级: 129
石头: 910
呼符: 0
体力: 36623.24333333333 / 138
友情点: 0 / 1378235`
*連続ログイン1日目
※ログインが途切れるか、7日到達すると
1日目から再開されます*
`フレンドポイント X 2000
10月交換券(2024) X 1
`*3000万DL記念 特別回数ログインボーナス*
*開催期間中、1日1回 最大10回 回数ログインボーナスをプレゼント！*
`QP X 30000000
`_2024-10-07 19:32:57_
--------
*db5310d98f17767619701f01b70a1e40*
`登陆天数: 36天 / 1650天
等级: 129
石头: 1192
呼符: 0
体力: 36885.083333333336 / 138
友情点: 0 / 1252995`
*連続ログイン1日目
※ログインが途切れるか、7日到達すると
1日目から再開されます*
`フレンドポイント X 2000
10月交換券(2024) X 1
`*3000万DL記念 特別回数ログインボーナス*
*開催期間中、1日1回 最大10回 回数ログインボーナスをプレゼント！*
`QP X 30000000
`_2024-10-07 19:33:05_
--------
*85858777c7c06124b856aad27f70eca9*
`登陆天数: 36天 / 1696天
等级: 129
石头: 262
呼符: 0
体力: 38272.34 / 138
友情点: 0 / 1373715`
*連続ログイン1日目
※ログインが途切れるか、7日到達すると
1日目から再開されます*
`フレンドポイント X 2000
10月交換券(2024) X 1
`*3000万DL記念 特別回数ログインボーナス*
*開催期間中、1日1回 最大10回 回数ログインボーナスをプレゼント！*
`QP X 30000000
`_2024-10-07 19:33:14_
--------
*1da1212b135b434f5e326def19d5e428*
`登陆天数: 36天 / 1693天
等级: 129
石头: 503
呼符: 0
体力: 38289.53333333333 / 138
友情点: 0 / 1386420`
*連続ログイン1日目
※ログインが途切れるか、7日到達すると
1日目から再開されます*
`フレンドポイント X 2000
10月交換券(2024) X 1
`*3000万DL記念 特別回数ログインボーナス*
*開催期間中、1日1回 最大10回 回数ログインボーナスをプレゼント！*
`QP X 30000000
`_2024-10-07 19:33:22_
--------
*1a902bbc5519643f0e050c677ea7fe62*
`登陆天数: 36天 / 1721天
等级: 129
石头: 21
呼符: 0
体力: 36939.69 / 138
友情点: 0 / 1396190`
*連続ログイン1日目
※ログインが途切れるか、7日到達すると
1日目から再開されます*
`フレンドポイント X 2000
10月交換券(2024) X 1
`*3000万DL記念 特別回数ログインボーナス*
*開催期間中、1日1回 最大10回 回数ログインボーナスをプレゼント！*
`QP X 30000000
`_2024-10-07 19:33:32_
--------
*9b7822cdfd2b8e6edd1188d60e373805*
`登陆天数: 36天 / 1713天
等级: 129
石头: 876
呼符: 0
体力: 36646.28333333333 / 138
友情点: 0 / 1382445`
*連続ログイン1日目
※ログインが途切れるか、7日到達すると
1日目から再開されます*
`フレンドポイント X 2000
10月交換券(2024) X 1
`*3000万DL記念 特別回数ログインボーナス*
*開催期間中、1日1回 最大10回 回数ログインボーナスをプレゼント！*
`QP X 30000000
`_2024-10-07 19:33:40_
--------
*5de9e66b5ba9da9f403829f3cc4619cf*
`登陆天数: 36天 / 1689天
等级: 129
石头: 2250
呼符: 0
体力: 36607.193333333336 / 138
友情点: 0 / 1371310`
*連続ログイン1日目
※ログインが途切れるか、7日到達すると
1日目から再開されます*
`フレンドポイント X 2000
10月交換券(2024) X 1
`*3000万DL記念 特別回数ログインボーナス*
*開催期間中、1日1回 最大10回 回数ログインボーナスをプレゼント！*
`QP X 30000000
`_2024-10-07 19:33:49_
--------
