【登录信息】
*dd8a2566a5b65de4395b4ad601c24b63*
`登陆天数: 39天 / 1724天
等级: 129
石头: 1206
呼符: 0
体力: 12259.353333333333 / 138
友情点: 0 / 1371465`
*連続ログイン4日目
※ログインが途切れるか、7日到達すると
1日目から再開されます*
`聖晶石 X 1
10月交換券(2024) X 1
`*「10月開幕予定 期間限定イベント」直前ログインボーナス*
*開催期間中、1日1回 最大7回 ログインボーナスをプレゼント！*
`黄金の果実 X 1
霊脈石 X 1
`_2024-10-10 19:32:22_
--------
*6d5ca542919ff7bd8aa39f1c722c144e*
`登陆天数: 39天 / 1676天
等级: 129
石头: 2540
呼符: 0
体力: 34770.763333333336 / 138
友情点: 0 / 1275595`
*連続ログイン4日目
※ログインが途切れるか、7日到達すると
1日目から再開されます*
`聖晶石 X 1
10月交換券(2024) X 1
`*「10月開幕予定 期間限定イベント」直前ログインボーナス*
*開催期間中、1日1回 最大7回 ログインボーナスをプレゼント！*
`黄金の果実 X 1
霊脈石 X 1
`_2024-10-10 19:32:34_
--------
*1abe952f3d6bd604edb9f7f4a463035b*
`登陆天数: 39天 / 1723天
等级: 129
石头: 1005
呼符: 0
体力: 39202.83 / 138
友情点: 0 / 1383645`
*連続ログイン4日目
※ログインが途切れるか、7日到達すると
1日目から再開されます*
`聖晶石 X 1
10月交換券(2024) X 1
`*「10月開幕予定 期間限定イベント」直前ログインボーナス*
*開催期間中、1日1回 最大7回 ログインボーナスをプレゼント！*
`黄金の果実 X 1
霊脈石 X 1
`_2024-10-10 19:32:43_
--------
*1a902f4ba35e832fe58830625e6b0b6b*
`登陆天数: 39天 / 1702天
等级: 129
石头: 910
呼符: 0
体力: 37487.22666666667 / 138
友情点: 0 / 1378235`
*連続ログイン4日目
※ログインが途切れるか、7日到達すると
1日目から再開されます*
`聖晶石 X 1
10月交換券(2024) X 1
`*「10月開幕予定 期間限定イベント」直前ログインボーナス*
*開催期間中、1日1回 最大7回 ログインボーナスをプレゼント！*
`黄金の果実 X 1
霊脈石 X 1
`_2024-10-10 19:32:52_
--------
*db5310d98f17767619701f01b70a1e40*
`登陆天数: 39天 / 1653天
等级: 129
石头: 1192
呼符: 0
体力: 37749.07 / 138
友情点: 0 / 1252995`
*連続ログイン4日目
※ログインが途切れるか、7日到達すると
1日目から再開されます*
`聖晶石 X 1
10月交換券(2024) X 1
`*「10月開幕予定 期間限定イベント」直前ログインボーナス*
*開催期間中、1日1回 最大7回 ログインボーナスをプレゼント！*
`黄金の果実 X 1
霊脈石 X 1
`_2024-10-10 19:33:01_
--------
*85858777c7c06124b856aad27f70eca9*
`登陆天数: 39天 / 1699天
等级: 129
石头: 262
呼符: 0
体力: 39136.33 / 138
友情点: 0 / 1373715`
*連続ログイン4日目
※ログインが途切れるか、7日到達すると
1日目から再開されます*
`聖晶石 X 1
10月交換券(2024) X 1
`*「10月開幕予定 期間限定イベント」直前ログインボーナス*
*開催期間中、1日1回 最大7回 ログインボーナスをプレゼント！*
`黄金の果実 X 1
霊脈石 X 1
`_2024-10-10 19:33:10_
--------
*1da1212b135b434f5e326def19d5e428*
`登陆天数: 39天 / 1696天
等级: 129
石头: 503
呼符: 0
体力: 39153.526666666665 / 138
友情点: 0 / 1386420`
*連続ログイン4日目
※ログインが途切れるか、7日到達すると
1日目から再開されます*
`聖晶石 X 1
10月交換券(2024) X 1
`*「10月開幕予定 期間限定イベント」直前ログインボーナス*
*開催期間中、1日1回 最大7回 ログインボーナスをプレゼント！*
`黄金の果実 X 1
霊脈石 X 1
`_2024-10-10 19:33:19_
--------
*1a902bbc5519643f0e050c677ea7fe62*
`登陆天数: 39天 / 1724天
等级: 129
石头: 21
呼符: 0
体力: 37803.683333333334 / 138
友情点: 0 / 1396190`
*連続ログイン4日目
※ログインが途切れるか、7日到達すると
1日目から再開されます*
`聖晶石 X 1
10月交換券(2024) X 1
`*「10月開幕予定 期間限定イベント」直前ログインボーナス*
*開催期間中、1日1回 最大7回 ログインボーナスをプレゼント！*
`黄金の果実 X 1
霊脈石 X 1
`_2024-10-10 19:33:29_
--------
*9b7822cdfd2b8e6edd1188d60e373805*
`登陆天数: 39天 / 1716天
等级: 129
石头: 876
呼符: 0
体力: 37510.276666666665 / 138
友情点: 0 / 1382445`
*連続ログイン4日目
※ログインが途切れるか、7日到達すると
1日目から再開されます*
`聖晶石 X 1
10月交換券(2024) X 1
`*「10月開幕予定 期間限定イベント」直前ログインボーナス*
*開催期間中、1日1回 最大7回 ログインボーナスをプレゼント！*
`黄金の果実 X 1
霊脈石 X 1
`_2024-10-10 19:33:38_
--------
*5de9e66b5ba9da9f403829f3cc4619cf*
`登陆天数: 39天 / 1692天
等级: 129
石头: 2250
呼符: 0
体力: 37471.19 / 138
友情点: 0 / 1371310`
*連続ログイン4日目
※ログインが途切れるか、7日到達すると
1日目から再開されます*
`聖晶石 X 1
10月交換券(2024) X 1
`*「10月開幕予定 期間限定イベント」直前ログインボーナス*
*開催期間中、1日1回 最大7回 ログインボーナスをプレゼント！*
`黄金の果実 X 1
霊脈石 X 1
`_2024-10-10 19:33:47_
--------
