【登录信息】
*dd8a2566a5b65de4395b4ad601c24b63*
`登陆天数: 40天 / 1725天
等级: 129
石头: 1206
呼符: 0
体力: 12547.383333333333 / 138
友情点: 0 / 1371465`
*連続ログイン5日目
※ログインが途切れるか、7日到達すると
1日目から再開されます*
`叡智の業火 X 2
10月交換券(2024) X 1
`*「10月開幕予定 期間限定イベント」直前ログインボーナス*
*開催期間中、1日1回 最大7回 ログインボーナスをプレゼント！*
`QP X 2000000
霊脈石 X 1
`_2024-10-11 19:32:31_
--------
*6d5ca542919ff7bd8aa39f1c722c144e*
`登陆天数: 40天 / 1677天
等级: 129
石头: 2540
呼符: 0
体力: 35058.793333333335 / 138
友情点: 0 / 1275595`
*連続ログイン5日目
※ログインが途切れるか、7日到達すると
1日目から再開されます*
`叡智の業火 X 2
10月交換券(2024) X 1
`*「10月開幕予定 期間限定イベント」直前ログインボーナス*
*開催期間中、1日1回 最大7回 ログインボーナスをプレゼント！*
`QP X 2000000
霊脈石 X 1
`_2024-10-11 19:32:43_
--------
*1abe952f3d6bd604edb9f7f4a463035b*
`登陆天数: 40天 / 1724天
等级: 129
石头: 1005
呼符: 0
体力: 39490.86 / 138
友情点: 0 / 1383645`
*連続ログイン5日目
※ログインが途切れるか、7日到達すると
1日目から再開されます*
`叡智の業火 X 2
10月交換券(2024) X 1
`*「10月開幕予定 期間限定イベント」直前ログインボーナス*
*開催期間中、1日1回 最大7回 ログインボーナスをプレゼント！*
`QP X 2000000
霊脈石 X 1
`_2024-10-11 19:32:51_
--------
*1a902f4ba35e832fe58830625e6b0b6b*
`登陆天数: 40天 / 1703天
等级: 129
石头: 910
呼符: 0
体力: 37775.25666666667 / 138
友情点: 0 / 1378235`
*連続ログイン5日目
※ログインが途切れるか、7日到達すると
1日目から再開されます*
`叡智の業火 X 2
10月交換券(2024) X 1
`*「10月開幕予定 期間限定イベント」直前ログインボーナス*
*開催期間中、1日1回 最大7回 ログインボーナスをプレゼント！*
`QP X 2000000
霊脈石 X 1
`_2024-10-11 19:33:00_
--------
*db5310d98f17767619701f01b70a1e40*
`登陆天数: 40天 / 1654天
等级: 129
石头: 1192
呼符: 0
体力: 38037.1 / 138
友情点: 0 / 1252995`
*連続ログイン5日目
※ログインが途切れるか、7日到達すると
1日目から再開されます*
`叡智の業火 X 2
10月交換券(2024) X 1
`*「10月開幕予定 期間限定イベント」直前ログインボーナス*
*開催期間中、1日1回 最大7回 ログインボーナスをプレゼント！*
`QP X 2000000
霊脈石 X 1
`_2024-10-11 19:33:09_
--------
*85858777c7c06124b856aad27f70eca9*
`登陆天数: 40天 / 1700天
等级: 129
石头: 262
呼符: 0
体力: 39424.35666666667 / 138
友情点: 0 / 1373715`
*連続ログイン5日目
※ログインが途切れるか、7日到達すると
1日目から再開されます*
`叡智の業火 X 2
10月交換券(2024) X 1
`*「10月開幕予定 期間限定イベント」直前ログインボーナス*
*開催期間中、1日1回 最大7回 ログインボーナスをプレゼント！*
`QP X 2000000
霊脈石 X 1
`_2024-10-11 19:33:18_
--------
*1da1212b135b434f5e326def19d5e428*
`登陆天数: 40天 / 1697天
等级: 129
石头: 503
呼符: 0
体力: 39441.55333333334 / 138
友情点: 0 / 1386420`
*連続ログイン5日目
※ログインが途切れるか、7日到達すると
1日目から再開されます*
`叡智の業火 X 2
10月交換券(2024) X 1
`*「10月開幕予定 期間限定イベント」直前ログインボーナス*
*開催期間中、1日1回 最大7回 ログインボーナスをプレゼント！*
`QP X 2000000
霊脈石 X 1
`_2024-10-11 19:33:28_
--------
*1a902bbc5519643f0e050c677ea7fe62*
`登陆天数: 40天 / 1725天
等级: 129
石头: 21
呼符: 0
体力: 38091.71 / 138
友情点: 0 / 1396190`
*連続ログイン5日目
※ログインが途切れるか、7日到達すると
1日目から再開されます*
`叡智の業火 X 2
10月交換券(2024) X 1
`*「10月開幕予定 期間限定イベント」直前ログインボーナス*
*開催期間中、1日1回 最大7回 ログインボーナスをプレゼント！*
`QP X 2000000
霊脈石 X 1
`_2024-10-11 19:33:37_
--------
*9b7822cdfd2b8e6edd1188d60e373805*
`登陆天数: 40天 / 1717天
等级: 129
石头: 876
呼符: 0
体力: 37798.3 / 138
友情点: 0 / 1382445`
*連続ログイン5日目
※ログインが途切れるか、7日到達すると
1日目から再開されます*
`叡智の業火 X 2
10月交換券(2024) X 1
`*「10月開幕予定 期間限定イベント」直前ログインボーナス*
*開催期間中、1日1回 最大7回 ログインボーナスをプレゼント！*
`QP X 2000000
霊脈石 X 1
`_2024-10-11 19:33:46_
--------
*5de9e66b5ba9da9f403829f3cc4619cf*
`登陆天数: 40天 / 1693天
等级: 129
石头: 2250
呼符: 0
体力: 37759.21333333333 / 138
友情点: 0 / 1371310`
*連続ログイン5日目
※ログインが途切れるか、7日到達すると
1日目から再開されます*
`叡智の業火 X 2
10月交換券(2024) X 1
`*「10月開幕予定 期間限定イベント」直前ログインボーナス*
*開催期間中、1日1回 最大7回 ログインボーナスをプレゼント！*
`QP X 2000000
霊脈石 X 1
`_2024-10-11 19:33:55_
--------
