【登录信息】
*dd8a2566a5b65de4395b4ad601c24b63*
`登陆天数: 42天 / 1727天
等级: 129
石头: 1206
呼符: 0
体力: 13123.296666666667 / 138
友情点: 0 / 1371465`
*連続ログイン7日間到達おめでとうございます！
明日は1日目からリスタートされます。*
`獣の足跡 X 1
呼符 X 1
10月交換券(2024) X 1
`*「10月開幕予定 期間限定イベント」直前ログインボーナス*
*開催期間中、1日1回 最大7回 ログインボーナスをプレゼント！*
`英霊結晶・星のフォウくん X 5
霊脈石 X 1
`_2024-10-13 19:32:05_
--------
*6d5ca542919ff7bd8aa39f1c722c144e*
`登陆天数: 42天 / 1679天
等级: 129
石头: 2540
呼符: 0
体力: 35634.706666666665 / 138
友情点: 0 / 1275595`
*連続ログイン7日間到達おめでとうございます！
明日は1日目からリスタートされます。*
`獣の足跡 X 1
呼符 X 1
10月交換券(2024) X 1
`*「10月開幕予定 期間限定イベント」直前ログインボーナス*
*開催期間中、1日1回 最大7回 ログインボーナスをプレゼント！*
`英霊結晶・星のフォウくん X 5
霊脈石 X 1
`_2024-10-13 19:32:17_
--------
*1abe952f3d6bd604edb9f7f4a463035b*
`登陆天数: 42天 / 1726天
等级: 129
石头: 1005
呼符: 0
体力: 40066.77333333333 / 138
友情点: 0 / 1383645`
*連続ログイン7日間到達おめでとうございます！
明日は1日目からリスタートされます。*
`獣の足跡 X 1
呼符 X 1
10月交換券(2024) X 1
`*「10月開幕予定 期間限定イベント」直前ログインボーナス*
*開催期間中、1日1回 最大7回 ログインボーナスをプレゼント！*
`英霊結晶・星のフォウくん X 5
霊脈石 X 1
`_2024-10-13 19:32:26_
--------
*1a902f4ba35e832fe58830625e6b0b6b*
`登陆天数: 42天 / 1705天
等级: 129
石头: 910
呼符: 0
体力: 38351.17333333333 / 138
友情点: 0 / 1378235`
*連続ログイン7日間到達おめでとうございます！
明日は1日目からリスタートされます。*
`獣の足跡 X 1
呼符 X 1
10月交換券(2024) X 1
`*「10月開幕予定 期間限定イベント」直前ログインボーナス*
*開催期間中、1日1回 最大7回 ログインボーナスをプレゼント！*
`英霊結晶・星のフォウくん X 5
霊脈石 X 1
`_2024-10-13 19:32:35_
--------
*db5310d98f17767619701f01b70a1e40*
`登陆天数: 42天 / 1656天
等级: 129
石头: 1192
呼符: 0
体力: 38613.01666666667 / 138
友情点: 0 / 1252995`
*連続ログイン7日間到達おめでとうございます！
明日は1日目からリスタートされます。*
`獣の足跡 X 1
呼符 X 1
10月交換券(2024) X 1
`*「10月開幕予定 期間限定イベント」直前ログインボーナス*
*開催期間中、1日1回 最大7回 ログインボーナスをプレゼント！*
`英霊結晶・星のフォウくん X 5
霊脈石 X 1
`_2024-10-13 19:32:44_
--------
*85858777c7c06124b856aad27f70eca9*
`登陆天数: 42天 / 1702天
等级: 129
石头: 262
呼符: 0
体力: 40000.27333333333 / 138
友情点: 0 / 1373715`
*連続ログイン7日間到達おめでとうございます！
明日は1日目からリスタートされます。*
`獣の足跡 X 1
呼符 X 1
10月交換券(2024) X 1
`*「10月開幕予定 期間限定イベント」直前ログインボーナス*
*開催期間中、1日1回 最大7回 ログインボーナスをプレゼント！*
`英霊結晶・星のフォウくん X 5
霊脈石 X 1
`_2024-10-13 19:32:53_
--------
*1da1212b135b434f5e326def19d5e428*
`登陆天数: 42天 / 1699天
等级: 129
石头: 503
呼符: 0
体力: 40017.47 / 138
友情点: 0 / 1386420`
*連続ログイン7日間到達おめでとうございます！
明日は1日目からリスタートされます。*
`獣の足跡 X 1
呼符 X 1
10月交換券(2024) X 1
`*「10月開幕予定 期間限定イベント」直前ログインボーナス*
*開催期間中、1日1回 最大7回 ログインボーナスをプレゼント！*
`英霊結晶・星のフォウくん X 5
霊脈石 X 1
`_2024-10-13 19:33:03_
--------
*1a902bbc5519643f0e050c677ea7fe62*
`登陆天数: 42天 / 1727天
等级: 129
石头: 21
呼符: 0
体力: 38667.63 / 138
友情点: 0 / 1396190`
*連続ログイン7日間到達おめでとうございます！
明日は1日目からリスタートされます。*
`獣の足跡 X 1
呼符 X 1
10月交換券(2024) X 1
`*「10月開幕予定 期間限定イベント」直前ログインボーナス*
*開催期間中、1日1回 最大7回 ログインボーナスをプレゼント！*
`英霊結晶・星のフォウくん X 5
霊脈石 X 1
`_2024-10-13 19:33:13_
--------
*9b7822cdfd2b8e6edd1188d60e373805*
`登陆天数: 42天 / 1719天
等级: 129
石头: 876
呼符: 0
体力: 38374.22 / 138
友情点: 0 / 1382445`
*連続ログイン7日間到達おめでとうございます！
明日は1日目からリスタートされます。*
`獣の足跡 X 1
呼符 X 1
10月交換券(2024) X 1
`*「10月開幕予定 期間限定イベント」直前ログインボーナス*
*開催期間中、1日1回 最大7回 ログインボーナスをプレゼント！*
`英霊結晶・星のフォウくん X 5
霊脈石 X 1
`_2024-10-13 19:33:22_
--------
*5de9e66b5ba9da9f403829f3cc4619cf*
`登陆天数: 42天 / 1695天
等级: 129
石头: 2250
呼符: 0
体力: 38335.136666666665 / 138
友情点: 0 / 1371310`
*連続ログイン7日間到達おめでとうございます！
明日は1日目からリスタートされます。*
`獣の足跡 X 1
呼符 X 1
10月交換券(2024) X 1
`*「10月開幕予定 期間限定イベント」直前ログインボーナス*
*開催期間中、1日1回 最大7回 ログインボーナスをプレゼント！*
`英霊結晶・星のフォウくん X 5
霊脈石 X 1
`_2024-10-13 19:33:31_
--------
