【登录信息】
*dd8a2566a5b65de4395b4ad601c24b63*
`登陆天数: 44天 / 1729天
等级: 129
石头: 1206
呼符: 0
体力: 13699.406666666666 / 138
友情点: 0 / 1371465`
*連続ログイン2日目
※ログインが途切れるか、7日到達すると
1日目から再開されます*
`聖晶石 X 1
10月交換券(2024) X 1
`*「10月開幕予定 期間限定イベント」直前ログインボーナス*
*開催期間中、1日1回 最大7回 ログインボーナスをプレゼント！*
`聖晶石 X 1
霊脈石 X 1
`_2024-10-15 19:32:37_
--------
*6d5ca542919ff7bd8aa39f1c722c144e*
`登陆天数: 44天 / 1681天
等级: 129
石头: 2540
呼符: 0
体力: 36210.81333333333 / 138
友情点: 0 / 1275595`
*連続ログイン2日目
※ログインが途切れるか、7日到達すると
1日目から再開されます*
`聖晶石 X 1
10月交換券(2024) X 1
`*「10月開幕予定 期間限定イベント」直前ログインボーナス*
*開催期間中、1日1回 最大7回 ログインボーナスをプレゼント！*
`聖晶石 X 1
霊脈石 X 1
`_2024-10-15 19:32:49_
--------
*1abe952f3d6bd604edb9f7f4a463035b*
`登陆天数: 44天 / 1728天
等级: 129
石头: 1005
呼符: 0
体力: 40642.87666666666 / 138
友情点: 0 / 1383645`
*連続ログイン2日目
※ログインが途切れるか、7日到達すると
1日目から再開されます*
`聖晶石 X 1
10月交換券(2024) X 1
`*「10月開幕予定 期間限定イベント」直前ログインボーナス*
*開催期間中、1日1回 最大7回 ログインボーナスをプレゼント！*
`聖晶石 X 1
霊脈石 X 1
`_2024-10-15 19:32:57_
--------
*1a902f4ba35e832fe58830625e6b0b6b*
`登陆天数: 44天 / 1707天
等级: 129
石头: 910
呼符: 0
体力: 38927.27333333333 / 138
友情点: 0 / 1378235`
*連続ログイン2日目
※ログインが途切れるか、7日到達すると
1日目から再開されます*
`聖晶石 X 1
10月交換券(2024) X 1
`*「10月開幕予定 期間限定イベント」直前ログインボーナス*
*開催期間中、1日1回 最大7回 ログインボーナスをプレゼント！*
`聖晶石 X 1
霊脈石 X 1
`_2024-10-15 19:33:06_
--------
*db5310d98f17767619701f01b70a1e40*
`登陆天数: 44天 / 1658天
等级: 129
石头: 1192
呼符: 0
体力: 39189.113333333335 / 138
友情点: 0 / 1252995`
*連続ログイン2日目
※ログインが途切れるか、7日到達すると
1日目から再開されます*
`聖晶石 X 1
10月交換券(2024) X 1
`*「10月開幕予定 期間限定イベント」直前ログインボーナス*
*開催期間中、1日1回 最大7回 ログインボーナスをプレゼント！*
`聖晶石 X 1
霊脈石 X 1
`_2024-10-15 19:33:14_
--------
*85858777c7c06124b856aad27f70eca9*
`登陆天数: 44天 / 1704天
等级: 129
石头: 262
呼符: 0
体力: 40576.37 / 138
友情点: 0 / 1373715`
*連続ログイン2日目
※ログインが途切れるか、7日到達すると
1日目から再開されます*
`聖晶石 X 1
10月交換券(2024) X 1
`*「10月開幕予定 期間限定イベント」直前ログインボーナス*
*開催期間中、1日1回 最大7回 ログインボーナスをプレゼント！*
`聖晶石 X 1
霊脈石 X 1
`_2024-10-15 19:33:22_
--------
*1da1212b135b434f5e326def19d5e428*
`登陆天数: 44天 / 1701天
等级: 129
石头: 503
呼符: 0
体力: 40593.56333333333 / 138
友情点: 0 / 1386420`
*連続ログイン2日目
※ログインが途切れるか、7日到達すると
1日目から再開されます*
`聖晶石 X 1
10月交換券(2024) X 1
`*「10月開幕予定 期間限定イベント」直前ログインボーナス*
*開催期間中、1日1回 最大7回 ログインボーナスをプレゼント！*
`聖晶石 X 1
霊脈石 X 1
`_2024-10-15 19:33:31_
--------
*1a902bbc5519643f0e050c677ea7fe62*
`登陆天数: 44天 / 1729天
等级: 129
石头: 21
呼符: 0
体力: 39243.72 / 138
友情点: 0 / 1396190`
*連続ログイン2日目
※ログインが途切れるか、7日到達すると
1日目から再開されます*
`聖晶石 X 1
10月交換券(2024) X 1
`*「10月開幕予定 期間限定イベント」直前ログインボーナス*
*開催期間中、1日1回 最大7回 ログインボーナスをプレゼント！*
`聖晶石 X 1
霊脈石 X 1
`_2024-10-15 19:33:40_
--------
*9b7822cdfd2b8e6edd1188d60e373805*
`登陆天数: 44天 / 1721天
等级: 129
石头: 876
呼符: 0
体力: 38950.31 / 138
友情点: 0 / 1382445`
*連続ログイン2日目
※ログインが途切れるか、7日到達すると
1日目から再開されます*
`聖晶石 X 1
10月交換券(2024) X 1
`*「10月開幕予定 期間限定イベント」直前ログインボーナス*
*開催期間中、1日1回 最大7回 ログインボーナスをプレゼント！*
`聖晶石 X 1
霊脈石 X 1
`_2024-10-15 19:33:49_
--------
*5de9e66b5ba9da9f403829f3cc4619cf*
`登陆天数: 44天 / 1697天
等级: 129
石头: 2250
呼符: 0
体力: 38911.22 / 138
友情点: 0 / 1371310`
*連続ログイン2日目
※ログインが途切れるか、7日到達すると
1日目から再開されます*
`聖晶石 X 1
10月交換券(2024) X 1
`*「10月開幕予定 期間限定イベント」直前ログインボーナス*
*開催期間中、1日1回 最大7回 ログインボーナスをプレゼント！*
`聖晶石 X 1
霊脈石 X 1
`_2024-10-15 19:33:57_
--------
