【登录信息】
*dd8a2566a5b65de4395b4ad601c24b63*
`登陆天数: 45天 / 1730天
等级: 129
石头: 1206
呼符: 0
体力: 13987.3 / 138
友情点: 0 / 1371465`
*連続ログイン3日目
※ログインが途切れるか、7日到達すると
1日目から再開されます*
`叡智の業火 X 1
10月交換券(2024) X 1
`*Fate/Grand Order カルデア放送局 ライト版 ゲーム最新情報 配信記念 初回ログインボーナス*
*開催期間中、初回ログインで「聖晶石×14」をプレゼント！*
`聖晶石 X 14
`_2024-10-16 19:32:06_
--------
*6d5ca542919ff7bd8aa39f1c722c144e*
`登陆天数: 45天 / 1682天
等级: 129
石头: 2540
呼符: 0
体力: 36498.71 / 138
友情点: 0 / 1275595`
*連続ログイン3日目
※ログインが途切れるか、7日到達すると
1日目から再開されます*
`叡智の業火 X 1
10月交換券(2024) X 1
`*Fate/Grand Order カルデア放送局 ライト版 ゲーム最新情報 配信記念 初回ログインボーナス*
*開催期間中、初回ログインで「聖晶石×14」をプレゼント！*
`聖晶石 X 14
`_2024-10-16 19:32:18_
--------
*1abe952f3d6bd604edb9f7f4a463035b*
`登陆天数: 45天 / 1729天
等级: 129
石头: 1005
呼符: 0
体力: 40930.776666666665 / 138
友情点: 0 / 1383645`
*連続ログイン3日目
※ログインが途切れるか、7日到達すると
1日目から再開されます*
`叡智の業火 X 1
10月交換券(2024) X 1
`*Fate/Grand Order カルデア放送局 ライト版 ゲーム最新情報 配信記念 初回ログインボーナス*
*開催期間中、初回ログインで「聖晶石×14」をプレゼント！*
`聖晶石 X 14
`_2024-10-16 19:32:26_
--------
*1a902f4ba35e832fe58830625e6b0b6b*
`登陆天数: 45天 / 1708天
等级: 129
石头: 910
呼符: 0
体力: 39215.17333333333 / 138
友情点: 0 / 1378235`
*連続ログイン3日目
※ログインが途切れるか、7日到達すると
1日目から再開されます*
`叡智の業火 X 1
10月交換券(2024) X 1
`*Fate/Grand Order カルデア放送局 ライト版 ゲーム最新情報 配信記念 初回ログインボーナス*
*開催期間中、初回ログインで「聖晶石×14」をプレゼント！*
`聖晶石 X 14
`_2024-10-16 19:32:35_
--------
*db5310d98f17767619701f01b70a1e40*
`登陆天数: 45天 / 1659天
等级: 129
石头: 1192
呼符: 0
体力: 39477.01666666667 / 138
友情点: 0 / 1252995`
*連続ログイン3日目
※ログインが途切れるか、7日到達すると
1日目から再開されます*
`叡智の業火 X 1
10月交換券(2024) X 1
`*Fate/Grand Order カルデア放送局 ライト版 ゲーム最新情報 配信記念 初回ログインボーナス*
*開催期間中、初回ログインで「聖晶石×14」をプレゼント！*
`聖晶石 X 14
`_2024-10-16 19:32:44_
--------
*85858777c7c06124b856aad27f70eca9*
`登陆天数: 45天 / 1705天
等级: 129
石头: 262
呼符: 0
体力: 40864.27333333333 / 138
友情点: 0 / 1373715`
*連続ログイン3日目
※ログインが途切れるか、7日到達すると
1日目から再開されます*
`叡智の業火 X 1
10月交換券(2024) X 1
`*Fate/Grand Order カルデア放送局 ライト版 ゲーム最新情報 配信記念 初回ログインボーナス*
*開催期間中、初回ログインで「聖晶石×14」をプレゼント！*
`聖晶石 X 14
`_2024-10-16 19:32:53_
--------
*1da1212b135b434f5e326def19d5e428*
`登陆天数: 45天 / 1702天
等级: 129
石头: 503
呼符: 0
体力: 40881.46666666667 / 138
友情点: 0 / 1386420`
*連続ログイン3日目
※ログインが途切れるか、7日到達すると
1日目から再開されます*
`叡智の業火 X 1
10月交換券(2024) X 1
`*Fate/Grand Order カルデア放送局 ライト版 ゲーム最新情報 配信記念 初回ログインボーナス*
*開催期間中、初回ログインで「聖晶石×14」をプレゼント！*
`聖晶石 X 14
`_2024-10-16 19:33:02_
--------
*1a902bbc5519643f0e050c677ea7fe62*
`登陆天数: 45天 / 1730天
等级: 129
石头: 21
呼符: 0
体力: 39531.62333333334 / 138
友情点: 0 / 1396190`
*連続ログイン3日目
※ログインが途切れるか、7日到達すると
1日目から再開されます*
`叡智の業火 X 1
10月交換券(2024) X 1
`*Fate/Grand Order カルデア放送局 ライト版 ゲーム最新情報 配信記念 初回ログインボーナス*
*開催期間中、初回ログインで「聖晶石×14」をプレゼント！*
`聖晶石 X 14
`_2024-10-16 19:33:12_
--------
*5de9e66b5ba9da9f403829f3cc4619cf*
`登陆天数: 45天 / 1698天
等级: 129
石头: 2250
呼符: 0
体力: 39199.11 / 138
友情点: 0 / 1371310`
*連続ログイン3日目
※ログインが途切れるか、7日到達すると
1日目から再開されます*
`叡智の業火 X 1
10月交換券(2024) X 1
`*Fate/Grand Order カルデア放送局 ライト版 ゲーム最新情報 配信記念 初回ログインボーナス*
*開催期間中、初回ログインで「聖晶石×14」をプレゼント！*
`聖晶石 X 14
`_2024-10-16 19:33:23_
--------
