【登录信息】
*dd8a2566a5b65de4395b4ad601c24b63*
`登陆天数: 49天 / 1734天
等级: 129
石头: 182
呼符: 0
体力: 15139.356666666667 / 138
友情点: 0 / 1381465`
*連続ログイン7日間到達おめでとうございます！
明日は1日目からリスタートされます。*
`獣の足跡 X 1
呼符 X 1
10月交換券(2024) X 1
`*妖精双六虫籠遊戯 まだ見ぬ完璧なあなたへ 開幕記念 ログインボーナス*
*開催期間中、1日1回 最大78回 ログインボーナスをプレゼント！*
`白銀の果実 X 1
`_2024-10-20 19:32:22_
--------
*6d5ca542919ff7bd8aa39f1c722c144e*
`登陆天数: 49天 / 1686天
等级: 129
石头: 2540
呼符: 0
体力: 37650.76666666667 / 138
友情点: 0 / 1275595`
*連続ログイン7日間到達おめでとうございます！
明日は1日目からリスタートされます。*
`獣の足跡 X 1
呼符 X 1
10月交換券(2024) X 1
`*妖精双六虫籠遊戯 まだ見ぬ完璧なあなたへ 開幕記念 ログインボーナス*
*開催期間中、1日1回 最大78回 ログインボーナスをプレゼント！*
`白銀の果実 X 1
`_2024-10-20 19:32:34_
--------
*1abe952f3d6bd604edb9f7f4a463035b*
`登陆天数: 49天 / 1733天
等级: 129
石头: 62
呼符: 0
体力: 42082.83 / 138
友情点: 0 / 1393645`
*連続ログイン7日間到達おめでとうございます！
明日は1日目からリスタートされます。*
`獣の足跡 X 1
呼符 X 1
10月交換券(2024) X 1
`*妖精双六虫籠遊戯 まだ見ぬ完璧なあなたへ 開幕記念 ログインボーナス*
*開催期間中、1日1回 最大78回 ログインボーナスをプレゼント！*
`白銀の果実 X 1
`_2024-10-20 19:32:43_
--------
*1a902f4ba35e832fe58830625e6b0b6b*
`登陆天数: 49天 / 1712天
等级: 129
石头: 0
呼符: 0
体力: 40367.23 / 138
友情点: 0 / 1388235`
*連続ログイン7日間到達おめでとうございます！
明日は1日目からリスタートされます。*
`獣の足跡 X 1
呼符 X 1
10月交換券(2024) X 1
`*妖精双六虫籠遊戯 まだ見ぬ完璧なあなたへ 開幕記念 ログインボーナス*
*開催期間中、1日1回 最大78回 ログインボーナスをプレゼント！*
`白銀の果実 X 1
`_2024-10-20 19:32:52_
--------
*db5310d98f17767619701f01b70a1e40*
`登陆天数: 49天 / 1663天
等级: 129
石头: 12
呼符: 0
体力: 40629.07666666667 / 138
友情点: 0 / 1262995`
*連続ログイン7日間到達おめでとうございます！
明日は1日目からリスタートされます。*
`獣の足跡 X 1
呼符 X 1
10月交換券(2024) X 1
`*妖精双六虫籠遊戯 まだ見ぬ完璧なあなたへ 開幕記念 ログインボーナス*
*開催期間中、1日1回 最大78回 ログインボーナスをプレゼント！*
`白銀の果実 X 1
`_2024-10-20 19:33:01_
--------
*85858777c7c06124b856aad27f70eca9*
`登陆天数: 49天 / 1709天
等级: 129
石头: 262
呼符: 0
体力: 42016.333333333336 / 138
友情点: 0 / 1373715`
*連続ログイン7日間到達おめでとうございます！
明日は1日目からリスタートされます。*
`獣の足跡 X 1
呼符 X 1
10月交換券(2024) X 1
`*妖精双六虫籠遊戯 まだ見ぬ完璧なあなたへ 開幕記念 ログインボーナス*
*開催期間中、1日1回 最大78回 ログインボーナスをプレゼント！*
`白銀の果実 X 1
`_2024-10-20 19:33:11_
--------
*1da1212b135b434f5e326def19d5e428*
`登陆天数: 49天 / 1706天
等级: 129
石头: 503
呼符: 0
体力: 42033.53 / 138
友情点: 0 / 1386420`
*連続ログイン7日間到達おめでとうございます！
明日は1日目からリスタートされます。*
`獣の足跡 X 1
呼符 X 1
10月交換券(2024) X 1
`*妖精双六虫籠遊戯 まだ見ぬ完璧なあなたへ 開幕記念 ログインボーナス*
*開催期間中、1日1回 最大78回 ログインボーナスをプレゼント！*
`白銀の果実 X 1
`_2024-10-20 19:33:21_
--------
*1a902bbc5519643f0e050c677ea7fe62*
`登陆天数: 49天 / 1734天
等级: 129
石头: 21
呼符: 0
体力: 40683.68666666667 / 138
友情点: 0 / 1396190`
*連続ログイン7日間到達おめでとうございます！
明日は1日目からリスタートされます。*
`獣の足跡 X 1
呼符 X 1
10月交換券(2024) X 1
`*妖精双六虫籠遊戯 まだ見ぬ完璧なあなたへ 開幕記念 ログインボーナス*
*開催期間中、1日1回 最大78回 ログインボーナスをプレゼント！*
`白銀の果実 X 1
`_2024-10-20 19:33:30_
--------
*5de9e66b5ba9da9f403829f3cc4619cf*
`登陆天数: 49天 / 1702天
等级: 129
石头: 2012
呼符: 0
体力: 40351.17333333333 / 138
友情点: 0 / 1381310`
*連続ログイン7日間到達おめでとうございます！
明日は1日目からリスタートされます。*
`獣の足跡 X 1
呼符 X 1
10月交換券(2024) X 1
`*妖精双六虫籠遊戯 まだ見ぬ完璧なあなたへ 開幕記念 ログインボーナス*
*開催期間中、1日1回 最大78回 ログインボーナスをプレゼント！*
`白銀の果実 X 1
`_2024-10-20 19:33:43_
--------
