【登录信息】
*dd8a2566a5b65de4395b4ad601c24b63*
`登陆天数: 50天 / 1735天
等级: 129
石头: 182
呼符: 0
体力: 15427.383333333333 / 138
友情点: 0 / 1381465`
*連続ログイン1日目
※ログインが途切れるか、7日到達すると
1日目から再開されます*
`フレンドポイント X 2000
10月交換券(2024) X 1
`*妖精双六虫籠遊戯 まだ見ぬ完璧なあなたへ 開幕記念 ログインボーナス*
*開催期間中、1日1回 最大78回 ログインボーナスをプレゼント！*
`白銀の果実 X 1
`_2024-10-21 19:32:30_
--------
*6d5ca542919ff7bd8aa39f1c722c144e*
`登陆天数: 50天 / 1687天
等级: 129
石头: 2540
呼符: 0
体力: 37938.793333333335 / 138
友情点: 0 / 1275595`
*連続ログイン1日目
※ログインが途切れるか、7日到達すると
1日目から再開されます*
`フレンドポイント X 2000
10月交換券(2024) X 1
`*妖精双六虫籠遊戯 まだ見ぬ完璧なあなたへ 開幕記念 ログインボーナス*
*開催期間中、1日1回 最大78回 ログインボーナスをプレゼント！*
`白銀の果実 X 1
`_2024-10-21 19:32:42_
--------
*1abe952f3d6bd604edb9f7f4a463035b*
`登陆天数: 50天 / 1734天
等级: 129
石头: 62
呼符: 0
体力: 42370.86 / 138
友情点: 0 / 1393645`
*連続ログイン1日目
※ログインが途切れるか、7日到達すると
1日目から再開されます*
`フレンドポイント X 2000
10月交換券(2024) X 1
`*妖精双六虫籠遊戯 まだ見ぬ完璧なあなたへ 開幕記念 ログインボーナス*
*開催期間中、1日1回 最大78回 ログインボーナスをプレゼント！*
`白銀の果実 X 1
`_2024-10-21 19:32:51_
--------
*1a902f4ba35e832fe58830625e6b0b6b*
`登陆天数: 50天 / 1713天
等级: 129
石头: 0
呼符: 0
体力: 40655.25666666667 / 138
友情点: 0 / 1388235`
*連続ログイン1日目
※ログインが途切れるか、7日到達すると
1日目から再開されます*
`フレンドポイント X 2000
10月交換券(2024) X 1
`*妖精双六虫籠遊戯 まだ見ぬ完璧なあなたへ 開幕記念 ログインボーナス*
*開催期間中、1日1回 最大78回 ログインボーナスをプレゼント！*
`白銀の果実 X 1
`_2024-10-21 19:33:00_
--------
*db5310d98f17767619701f01b70a1e40*
`登陆天数: 50天 / 1664天
等级: 129
石头: 12
呼符: 0
体力: 40917.1 / 138
友情点: 0 / 1262995`
*連続ログイン1日目
※ログインが途切れるか、7日到達すると
1日目から再開されます*
`フレンドポイント X 2000
10月交換券(2024) X 1
`*妖精双六虫籠遊戯 まだ見ぬ完璧なあなたへ 開幕記念 ログインボーナス*
*開催期間中、1日1回 最大78回 ログインボーナスをプレゼント！*
`白銀の果実 X 1
`_2024-10-21 19:33:09_
--------
*85858777c7c06124b856aad27f70eca9*
`登陆天数: 50天 / 1710天
等级: 129
石头: 262
呼符: 0
体力: 42304.36 / 138
友情点: 0 / 1373715`
*連続ログイン1日目
※ログインが途切れるか、7日到達すると
1日目から再開されます*
`フレンドポイント X 2000
10月交換券(2024) X 1
`*妖精双六虫籠遊戯 まだ見ぬ完璧なあなたへ 開幕記念 ログインボーナス*
*開催期間中、1日1回 最大78回 ログインボーナスをプレゼント！*
`白銀の果実 X 1
`_2024-10-21 19:33:18_
--------
*1da1212b135b434f5e326def19d5e428*
`登陆天数: 50天 / 1707天
等级: 129
石头: 503
呼符: 0
体力: 42321.556666666664 / 138
友情点: 0 / 1386420`
*連続ログイン1日目
※ログインが途切れるか、7日到達すると
1日目から再開されます*
`フレンドポイント X 2000
10月交換券(2024) X 1
`*妖精双六虫籠遊戯 まだ見ぬ完璧なあなたへ 開幕記念 ログインボーナス*
*開催期間中、1日1回 最大78回 ログインボーナスをプレゼント！*
`白銀の果実 X 1
`_2024-10-21 19:33:29_
--------
*1a902bbc5519643f0e050c677ea7fe62*
`登陆天数: 50天 / 1735天
等级: 129
石头: 21
呼符: 0
体力: 40971.71333333333 / 138
友情点: 0 / 1396190`
*連続ログイン1日目
※ログインが途切れるか、7日到達すると
1日目から再開されます*
`フレンドポイント X 2000
10月交換券(2024) X 1
`*妖精双六虫籠遊戯 まだ見ぬ完璧なあなたへ 開幕記念 ログインボーナス*
*開催期間中、1日1回 最大78回 ログインボーナスをプレゼント！*
`白銀の果実 X 1
`_2024-10-21 19:33:38_
--------
*5de9e66b5ba9da9f403829f3cc4619cf*
`登陆天数: 50天 / 1703天
等级: 129
石头: 2012
呼符: 0
体力: 40639.20333333333 / 138
友情点: 0 / 1381310`
*連続ログイン1日目
※ログインが途切れるか、7日到達すると
1日目から再開されます*
`フレンドポイント X 2000
10月交換券(2024) X 1
`*妖精双六虫籠遊戯 まだ見ぬ完璧なあなたへ 開幕記念 ログインボーナス*
*開催期間中、1日1回 最大78回 ログインボーナスをプレゼント！*
`白銀の果実 X 1
`_2024-10-21 19:33:51_
--------
