【登录信息】
*dd8a2566a5b65de4395b4ad601c24b63*
`登陆天数: 53天 / 1738天
等级: 129
石头: 182
呼符: 0
体力: 16291.35 / 138
友情点: 0 / 1381465`
*連続ログイン4日目
※ログインが途切れるか、7日到達すると
1日目から再開されます*
`聖晶石 X 1
10月交換券(2024) X 1
`*妖精双六虫籠遊戯 まだ見ぬ完璧なあなたへ 開幕記念 ログインボーナス*
*開催期間中、1日1回 最大78回 ログインボーナスをプレゼント！*
`黄金の果実 X 1
`_2024-10-24 19:32:21_
--------
*6d5ca542919ff7bd8aa39f1c722c144e*
`登陆天数: 53天 / 1690天
等级: 129
石头: 2540
呼符: 0
体力: 38802.76 / 138
友情点: 0 / 1275595`
*連続ログイン4日目
※ログインが途切れるか、7日到達すると
1日目から再開されます*
`聖晶石 X 1
10月交換券(2024) X 1
`*妖精双六虫籠遊戯 まだ見ぬ完璧なあなたへ 開幕記念 ログインボーナス*
*開催期間中、1日1回 最大78回 ログインボーナスをプレゼント！*
`白銀の果実 X 1
`_2024-10-24 19:32:33_
--------
*1abe952f3d6bd604edb9f7f4a463035b*
`登陆天数: 53天 / 1737天
等级: 129
石头: 62
呼符: 0
体力: 43234.823333333334 / 138
友情点: 0 / 1393645`
*連続ログイン4日目
※ログインが途切れるか、7日到達すると
1日目から再開されます*
`聖晶石 X 1
10月交換券(2024) X 1
`*妖精双六虫籠遊戯 まだ見ぬ完璧なあなたへ 開幕記念 ログインボーナス*
*開催期間中、1日1回 最大78回 ログインボーナスをプレゼント！*
`黄金の果実 X 1
`_2024-10-24 19:32:41_
--------
*1a902f4ba35e832fe58830625e6b0b6b*
`登陆天数: 53天 / 1716天
等级: 129
石头: 0
呼符: 0
体力: 41519.22 / 138
友情点: 0 / 1388235`
*連続ログイン4日目
※ログインが途切れるか、7日到達すると
1日目から再開されます*
`聖晶石 X 1
10月交換券(2024) X 1
`*妖精双六虫籠遊戯 まだ見ぬ完璧なあなたへ 開幕記念 ログインボーナス*
*開催期間中、1日1回 最大78回 ログインボーナスをプレゼント！*
`黄金の果実 X 1
`_2024-10-24 19:32:50_
--------
*db5310d98f17767619701f01b70a1e40*
`登陆天数: 53天 / 1667天
等级: 129
石头: 12
呼符: 0
体力: 41781.06333333333 / 138
友情点: 0 / 1262995`
*連続ログイン4日目
※ログインが途切れるか、7日到達すると
1日目から再開されます*
`聖晶石 X 1
10月交換券(2024) X 1
`*妖精双六虫籠遊戯 まだ見ぬ完璧なあなたへ 開幕記念 ログインボーナス*
*開催期間中、1日1回 最大78回 ログインボーナスをプレゼント！*
`黄金の果実 X 1
`_2024-10-24 19:32:58_
--------
*85858777c7c06124b856aad27f70eca9*
`登陆天数: 53天 / 1713天
等级: 129
石头: 262
呼符: 0
体力: 43168.32 / 138
友情点: 0 / 1373715`
*連続ログイン4日目
※ログインが途切れるか、7日到達すると
1日目から再開されます*
`聖晶石 X 1
10月交換券(2024) X 1
`*妖精双六虫籠遊戯 まだ見ぬ完璧なあなたへ 開幕記念 ログインボーナス*
*開催期間中、1日1回 最大78回 ログインボーナスをプレゼント！*
`黄金の果実 X 1
`_2024-10-24 19:33:07_
--------
*1da1212b135b434f5e326def19d5e428*
`登陆天数: 53天 / 1710天
等级: 129
石头: 503
呼符: 0
体力: 43185.513333333336 / 138
友情点: 0 / 1386420`
*連続ログイン4日目
※ログインが途切れるか、7日到達すると
1日目から再開されます*
`聖晶石 X 1
10月交換券(2024) X 1
`*妖精双六虫籠遊戯 まだ見ぬ完璧なあなたへ 開幕記念 ログインボーナス*
*開催期間中、1日1回 最大78回 ログインボーナスをプレゼント！*
`黄金の果実 X 1
`_2024-10-24 19:33:16_
--------
*1a902bbc5519643f0e050c677ea7fe62*
`登陆天数: 53天 / 1738天
等级: 129
石头: 21
呼符: 0
体力: 41835.67 / 138
友情点: 0 / 1396190`
*連続ログイン4日目
※ログインが途切れるか、7日到達すると
1日目から再開されます*
`聖晶石 X 1
10月交換券(2024) X 1
`*妖精双六虫籠遊戯 まだ見ぬ完璧なあなたへ 開幕記念 ログインボーナス*
*開催期間中、1日1回 最大78回 ログインボーナスをプレゼント！*
`黄金の果実 X 1
`_2024-10-24 19:33:26_
--------
*5de9e66b5ba9da9f403829f3cc4619cf*
`登陆天数: 53天 / 1706天
等级: 129
石头: 2012
呼符: 0
体力: 41503.15666666667 / 138
友情点: 0 / 1381310`
*連続ログイン4日目
※ログインが途切れるか、7日到達すると
1日目から再開されます*
`聖晶石 X 1
10月交換券(2024) X 1
`*妖精双六虫籠遊戯 まだ見ぬ完璧なあなたへ 開幕記念 ログインボーナス*
*開催期間中、1日1回 最大78回 ログインボーナスをプレゼント！*
`黄金の果実 X 1
`_2024-10-24 19:33:37_
--------
