【登录信息】
*dd8a2566a5b65de4395b4ad601c24b63*
`登陆天数: 54天 / 1739天
等级: 129
石头: 182
呼符: 0
体力: 16579.343333333334 / 138
友情点: 0 / 1381465`
*連続ログイン5日目
※ログインが途切れるか、7日到達すると
1日目から再開されます*
`叡智の業火 X 2
10月交換券(2024) X 1
`*妖精双六虫籠遊戯 まだ見ぬ完璧なあなたへ 開幕記念 ログインボーナス*
*開催期間中、1日1回 最大78回 ログインボーナスをプレゼント！*
`白銀の果実 X 1
`_2024-10-25 19:32:19_
--------
*6d5ca542919ff7bd8aa39f1c722c144e*
`登陆天数: 54天 / 1691天
等级: 129
石头: 2540
呼符: 0
体力: 39090.753333333334 / 138
友情点: 0 / 1275595`
*連続ログイン5日目
※ログインが途切れるか、7日到達すると
1日目から再開されます*
`叡智の業火 X 2
10月交換券(2024) X 1
`*妖精双六虫籠遊戯 まだ見ぬ完璧なあなたへ 開幕記念 ログインボーナス*
*開催期間中、1日1回 最大78回 ログインボーナスをプレゼント！*
`白銀の果実 X 1
`_2024-10-25 19:32:31_
--------
*1abe952f3d6bd604edb9f7f4a463035b*
`登陆天数: 54天 / 1738天
等级: 129
石头: 62
呼符: 0
体力: 43522.82 / 138
友情点: 0 / 1393645`
*連続ログイン5日目
※ログインが途切れるか、7日到達すると
1日目から再開されます*
`叡智の業火 X 2
10月交換券(2024) X 1
`*妖精双六虫籠遊戯 まだ見ぬ完璧なあなたへ 開幕記念 ログインボーナス*
*開催期間中、1日1回 最大78回 ログインボーナスをプレゼント！*
`白銀の果実 X 1
`_2024-10-25 19:32:39_
--------
*1a902f4ba35e832fe58830625e6b0b6b*
`登陆天数: 54天 / 1717天
等级: 129
石头: 0
呼符: 0
体力: 41807.21333333333 / 138
友情点: 0 / 1388235`
*連続ログイン5日目
※ログインが途切れるか、7日到達すると
1日目から再開されます*
`叡智の業火 X 2
10月交換券(2024) X 1
`*妖精双六虫籠遊戯 まだ見ぬ完璧なあなたへ 開幕記念 ログインボーナス*
*開催期間中、1日1回 最大78回 ログインボーナスをプレゼント！*
`白銀の果実 X 1
`_2024-10-25 19:32:48_
--------
*db5310d98f17767619701f01b70a1e40*
`登陆天数: 54天 / 1668天
等级: 129
石头: 12
呼符: 0
体力: 42069.056666666664 / 138
友情点: 0 / 1262995`
*連続ログイン5日目
※ログインが途切れるか、7日到達すると
1日目から再開されます*
`叡智の業火 X 2
10月交換券(2024) X 1
`*妖精双六虫籠遊戯 まだ見ぬ完璧なあなたへ 開幕記念 ログインボーナス*
*開催期間中、1日1回 最大78回 ログインボーナスをプレゼント！*
`白銀の果実 X 1
`_2024-10-25 19:32:56_
--------
*85858777c7c06124b856aad27f70eca9*
`登陆天数: 54天 / 1714天
等级: 129
石头: 262
呼符: 0
体力: 43456.31333333333 / 138
友情点: 0 / 1373715`
*連続ログイン5日目
※ログインが途切れるか、7日到達すると
1日目から再開されます*
`叡智の業火 X 2
10月交換券(2024) X 1
`*妖精双六虫籠遊戯 まだ見ぬ完璧なあなたへ 開幕記念 ログインボーナス*
*開催期間中、1日1回 最大78回 ログインボーナスをプレゼント！*
`白銀の果実 X 1
`_2024-10-25 19:33:05_
--------
*1da1212b135b434f5e326def19d5e428*
`登陆天数: 54天 / 1711天
等级: 129
石头: 503
呼符: 0
体力: 43473.50666666667 / 138
友情点: 0 / 1386420`
*連続ログイン5日目
※ログインが途切れるか、7日到達すると
1日目から再開されます*
`叡智の業火 X 2
10月交換券(2024) X 1
`*妖精双六虫籠遊戯 まだ見ぬ完璧なあなたへ 開幕記念 ログインボーナス*
*開催期間中、1日1回 最大78回 ログインボーナスをプレゼント！*
`白銀の果実 X 1
`_2024-10-25 19:33:15_
--------
*1a902bbc5519643f0e050c677ea7fe62*
`登陆天数: 54天 / 1739天
等级: 129
石头: 21
呼符: 0
体力: 42123.66333333333 / 138
友情点: 0 / 1396190`
*連続ログイン5日目
※ログインが途切れるか、7日到達すると
1日目から再開されます*
`叡智の業火 X 2
10月交換券(2024) X 1
`*妖精双六虫籠遊戯 まだ見ぬ完璧なあなたへ 開幕記念 ログインボーナス*
*開催期間中、1日1回 最大78回 ログインボーナスをプレゼント！*
`白銀の果実 X 1
`_2024-10-25 19:33:24_
--------
*5de9e66b5ba9da9f403829f3cc4619cf*
`登陆天数: 54天 / 1707天
等级: 129
石头: 2012
呼符: 0
体力: 41791.15 / 138
友情点: 0 / 1381310`
*連続ログイン5日目
※ログインが途切れるか、7日到達すると
1日目から再開されます*
`叡智の業火 X 2
10月交換券(2024) X 1
`*妖精双六虫籠遊戯 まだ見ぬ完璧なあなたへ 開幕記念 ログインボーナス*
*開催期間中、1日1回 最大78回 ログインボーナスをプレゼント！*
`白銀の果実 X 1
`_2024-10-25 19:33:36_
--------
