【登录信息】
*dd8a2566a5b65de4395b4ad601c24b63*
`登陆天数: 55天 / 1740天
等级: 129
石头: 182
呼符: 0
体力: 16867.373333333333 / 138
友情点: 0 / 1381465`
*連続ログイン6日目
※ログインが途切れるか、7日到達すると
1日目から再開されます*
`聖晶石 X 2
10月交換券(2024) X 1
`*妖精双六虫籠遊戯 まだ見ぬ完璧なあなたへ 開幕記念 ログインボーナス*
*開催期間中、1日1回 最大78回 ログインボーナスをプレゼント！*
`白銀の果実 X 1
`_2024-10-26 19:32:27_
--------
*6d5ca542919ff7bd8aa39f1c722c144e*
`登陆天数: 55天 / 1692天
等级: 129
石头: 2540
呼符: 0
体力: 39378.78333333333 / 138
友情点: 0 / 1275595`
*連続ログイン6日目
※ログインが途切れるか、7日到達すると
1日目から再開されます*
`聖晶石 X 2
10月交換券(2024) X 1
`*妖精双六虫籠遊戯 まだ見ぬ完璧なあなたへ 開幕記念 ログインボーナス*
*開催期間中、1日1回 最大78回 ログインボーナスをプレゼント！*
`黄金の果実 X 1
`_2024-10-26 19:32:40_
--------
*1abe952f3d6bd604edb9f7f4a463035b*
`登陆天数: 55天 / 1739天
等级: 129
石头: 62
呼符: 0
体力: 43810.85 / 138
友情点: 0 / 1393645`
*連続ログイン6日目
※ログインが途切れるか、7日到達すると
1日目から再開されます*
`聖晶石 X 2
10月交換券(2024) X 1
`*妖精双六虫籠遊戯 まだ見ぬ完璧なあなたへ 開幕記念 ログインボーナス*
*開催期間中、1日1回 最大78回 ログインボーナスをプレゼント！*
`白銀の果実 X 1
`_2024-10-26 19:32:48_
--------
*1a902f4ba35e832fe58830625e6b0b6b*
`登陆天数: 55天 / 1718天
等级: 129
石头: 0
呼符: 0
体力: 42095.25 / 138
友情点: 0 / 1388235`
*連続ログイン6日目
※ログインが途切れるか、7日到達すると
1日目から再開されます*
`聖晶石 X 2
10月交換券(2024) X 1
`*妖精双六虫籠遊戯 まだ見ぬ完璧なあなたへ 開幕記念 ログインボーナス*
*開催期間中、1日1回 最大78回 ログインボーナスをプレゼント！*
`白銀の果実 X 1
`_2024-10-26 19:32:58_
--------
*db5310d98f17767619701f01b70a1e40*
`登陆天数: 55天 / 1669天
等级: 129
石头: 12
呼符: 0
体力: 42357.096666666665 / 138
友情点: 0 / 1262995`
*連続ログイン6日目
※ログインが途切れるか、7日到達すると
1日目から再開されます*
`聖晶石 X 2
10月交換券(2024) X 1
`*妖精双六虫籠遊戯 まだ見ぬ完璧なあなたへ 開幕記念 ログインボーナス*
*開催期間中、1日1回 最大78回 ログインボーナスをプレゼント！*
`白銀の果実 X 1
`_2024-10-26 19:33:07_
--------
*85858777c7c06124b856aad27f70eca9*
`登陆天数: 55天 / 1715天
等级: 129
石头: 262
呼符: 0
体力: 43744.35333333333 / 138
友情点: 0 / 1373715`
*連続ログイン6日目
※ログインが途切れるか、7日到達すると
1日目から再開されます*
`聖晶石 X 2
10月交換券(2024) X 1
`*妖精双六虫籠遊戯 まだ見ぬ完璧なあなたへ 開幕記念 ログインボーナス*
*開催期間中、1日1回 最大78回 ログインボーナスをプレゼント！*
`白銀の果実 X 1
`_2024-10-26 19:33:17_
--------
*1da1212b135b434f5e326def19d5e428*
`登陆天数: 55天 / 1712天
等级: 129
石头: 503
呼符: 0
体力: 43761.55 / 138
友情点: 0 / 1386420`
*連続ログイン6日目
※ログインが途切れるか、7日到達すると
1日目から再開されます*
`聖晶石 X 2
10月交換券(2024) X 1
`*妖精双六虫籠遊戯 まだ見ぬ完璧なあなたへ 開幕記念 ログインボーナス*
*開催期間中、1日1回 最大78回 ログインボーナスをプレゼント！*
`白銀の果実 X 1
`_2024-10-26 19:33:27_
--------
*1a902bbc5519643f0e050c677ea7fe62*
`登陆天数: 55天 / 1740天
等级: 129
石头: 21
呼符: 0
体力: 42411.71 / 138
友情点: 0 / 1396190`
*連続ログイン6日目
※ログインが途切れるか、7日到達すると
1日目から再開されます*
`聖晶石 X 2
10月交換券(2024) X 1
`*妖精双六虫籠遊戯 まだ見ぬ完璧なあなたへ 開幕記念 ログインボーナス*
*開催期間中、1日1回 最大78回 ログインボーナスをプレゼント！*
`白銀の果実 X 1
`_2024-10-26 19:33:37_
--------
*5de9e66b5ba9da9f403829f3cc4619cf*
`登陆天数: 55天 / 1708天
等级: 129
石头: 2012
呼符: 0
体力: 42079.19666666666 / 138
友情点: 0 / 1381310`
*連続ログイン6日目
※ログインが途切れるか、7日到達すると
1日目から再開されます*
`聖晶石 X 2
10月交換券(2024) X 1
`*妖精双六虫籠遊戯 まだ見ぬ完璧なあなたへ 開幕記念 ログインボーナス*
*開催期間中、1日1回 最大78回 ログインボーナスをプレゼント！*
`白銀の果実 X 1
`_2024-10-26 19:33:49_
--------
