【登录信息】
*dd8a2566a5b65de4395b4ad601c24b63*
`登陆天数: 56天 / 1741天
等级: 129
石头: 241
呼符: 2
体力: 17155.353333333333 / 138
友情点: 0 / 1385465`
*連続ログイン7日間到達おめでとうございます！
明日は1日目からリスタートされます。*
`獣の足跡 X 1
呼符 X 1
10月交換券(2024) X 1
`*妖精双六虫籠遊戯 まだ見ぬ完璧なあなたへ 開幕記念 ログインボーナス*
*開催期間中、1日1回 最大78回 ログインボーナスをプレゼント！*
`白銀の果実 X 1
`_2024-10-27 19:32:21_
--------
*6d5ca542919ff7bd8aa39f1c722c144e*
`登陆天数: 56天 / 1693天
等级: 129
石头: 2540
呼符: 0
体力: 39666.76 / 138
友情点: 0 / 1275595`
*連続ログイン7日間到達おめでとうございます！
明日は1日目からリスタートされます。*
`獣の足跡 X 1
呼符 X 1
10月交換券(2024) X 1
`*妖精双六虫籠遊戯 まだ見ぬ完璧なあなたへ 開幕記念 ログインボーナス*
*開催期間中、1日1回 最大78回 ログインボーナスをプレゼント！*
`白銀の果実 X 1
`_2024-10-27 19:32:33_
--------
*1abe952f3d6bd604edb9f7f4a463035b*
`登陆天数: 56天 / 1740天
等级: 129
石头: 62
呼符: 0
体力: 44098.82666666667 / 138
友情点: 0 / 1393645`
*連続ログイン7日間到達おめでとうございます！
明日は1日目からリスタートされます。*
`獣の足跡 X 1
呼符 X 1
10月交換券(2024) X 1
`*妖精双六虫籠遊戯 まだ見ぬ完璧なあなたへ 開幕記念 ログインボーナス*
*開催期間中、1日1回 最大78回 ログインボーナスをプレゼント！*
`白銀の果実 X 1
`_2024-10-27 19:32:42_
--------
*1a902f4ba35e832fe58830625e6b0b6b*
`登陆天数: 56天 / 1719天
等级: 129
石头: 0
呼符: 0
体力: 42383.223333333335 / 138
友情点: 0 / 1388235`
*連続ログイン7日間到達おめでとうございます！
明日は1日目からリスタートされます。*
`獣の足跡 X 1
呼符 X 1
10月交換券(2024) X 1
`*妖精双六虫籠遊戯 まだ見ぬ完璧なあなたへ 開幕記念 ログインボーナス*
*開催期間中、1日1回 最大78回 ログインボーナスをプレゼント！*
`白銀の果実 X 1
`_2024-10-27 19:32:50_
--------
*db5310d98f17767619701f01b70a1e40*
`登陆天数: 56天 / 1670天
等级: 129
石头: 12
呼符: 0
体力: 42645.066666666666 / 138
友情点: 0 / 1262995`
*連続ログイン7日間到達おめでとうございます！
明日は1日目からリスタートされます。*
`獣の足跡 X 1
呼符 X 1
10月交換券(2024) X 1
`*妖精双六虫籠遊戯 まだ見ぬ完璧なあなたへ 開幕記念 ログインボーナス*
*開催期間中、1日1回 最大78回 ログインボーナスをプレゼント！*
`白銀の果実 X 1
`_2024-10-27 19:32:59_
--------
*85858777c7c06124b856aad27f70eca9*
`登陆天数: 56天 / 1716天
等级: 129
石头: 262
呼符: 0
体力: 44032.323333333334 / 138
友情点: 0 / 1373715`
*連続ログイン7日間到達おめでとうございます！
明日は1日目からリスタートされます。*
`獣の足跡 X 1
呼符 X 1
10月交換券(2024) X 1
`*妖精双六虫籠遊戯 まだ見ぬ完璧なあなたへ 開幕記念 ログインボーナス*
*開催期間中、1日1回 最大78回 ログインボーナスをプレゼント！*
`白銀の果実 X 1
`_2024-10-27 19:33:08_
--------
*1da1212b135b434f5e326def19d5e428*
`登陆天数: 56天 / 1713天
等级: 129
石头: 503
呼符: 0
体力: 44049.51666666667 / 138
友情点: 0 / 1386420`
*連続ログイン7日間到達おめでとうございます！
明日は1日目からリスタートされます。*
`獣の足跡 X 1
呼符 X 1
10月交換券(2024) X 1
`*妖精双六虫籠遊戯 まだ見ぬ完璧なあなたへ 開幕記念 ログインボーナス*
*開催期間中、1日1回 最大78回 ログインボーナスをプレゼント！*
`白銀の果実 X 1
`_2024-10-27 19:33:17_
--------
*1a902bbc5519643f0e050c677ea7fe62*
`登陆天数: 56天 / 1741天
等级: 129
石头: 21
呼符: 0
体力: 42699.67 / 138
友情点: 0 / 1396190`
*連続ログイン7日間到達おめでとうございます！
明日は1日目からリスタートされます。*
`獣の足跡 X 1
呼符 X 1
10月交換券(2024) X 1
`*妖精双六虫籠遊戯 まだ見ぬ完璧なあなたへ 開幕記念 ログインボーナス*
*開催期間中、1日1回 最大78回 ログインボーナスをプレゼント！*
`白銀の果実 X 1
`_2024-10-27 19:33:26_
--------
*5de9e66b5ba9da9f403829f3cc4619cf*
`登陆天数: 56天 / 1709天
等级: 129
石头: 2012
呼符: 0
体力: 42367.15666666667 / 138
友情点: 0 / 1381310`
*連続ログイン7日間到達おめでとうございます！
明日は1日目からリスタートされます。*
`獣の足跡 X 1
呼符 X 1
10月交換券(2024) X 1
`*妖精双六虫籠遊戯 まだ見ぬ完璧なあなたへ 開幕記念 ログインボーナス*
*開催期間中、1日1回 最大78回 ログインボーナスをプレゼント！*
`白銀の果実 X 1
`_2024-10-27 19:33:38_
--------
