【登录信息】
*dd8a2566a5b65de4395b4ad601c24b63*
`登陆天数: 58天 / 1743天
等级: 129
石头: 241
呼符: 2
体力: 17731.396666666667 / 138
友情点: 0 / 1385465`
*連続ログイン2日目
※ログインが途切れるか、7日到達すると
1日目から再開されます*
`聖晶石 X 1
10月交換券(2024) X 1
`*妖精双六虫籠遊戯 まだ見ぬ完璧なあなたへ 開幕記念 ログインボーナス*
*開催期間中、1日1回 最大78回 ログインボーナスをプレゼント！*
`白銀の果実 X 1
`_2024-10-29 19:32:35_
--------
*6d5ca542919ff7bd8aa39f1c722c144e*
`登陆天数: 58天 / 1695天
等级: 129
石头: 2540
呼符: 0
体力: 40242.806666666664 / 138
友情点: 0 / 1275595`
*連続ログイン2日目
※ログインが途切れるか、7日到達すると
1日目から再開されます*
`聖晶石 X 1
10月交換券(2024) X 1
`*妖精双六虫籠遊戯 まだ見ぬ完璧なあなたへ 開幕記念 ログインボーナス*
*開催期間中、1日1回 最大78回 ログインボーナスをプレゼント！*
`白銀の果実 X 1
`_2024-10-29 19:32:47_
--------
*1abe952f3d6bd604edb9f7f4a463035b*
`登陆天数: 58天 / 1742天
等级: 129
石头: 62
呼符: 0
体力: 44674.87333333334 / 138
友情点: 0 / 1393645`
*連続ログイン2日目
※ログインが途切れるか、7日到達すると
1日目から再開されます*
`聖晶石 X 1
10月交換券(2024) X 1
`*妖精双六虫籠遊戯 まだ見ぬ完璧なあなたへ 開幕記念 ログインボーナス*
*開催期間中、1日1回 最大78回 ログインボーナスをプレゼント！*
`白銀の果実 X 1
`_2024-10-29 19:32:55_
--------
*1a902f4ba35e832fe58830625e6b0b6b*
`登陆天数: 58天 / 1721天
等级: 129
石头: 0
呼符: 0
体力: 42959.26666666667 / 138
友情点: 0 / 1388235`
*連続ログイン2日目
※ログインが途切れるか、7日到達すると
1日目から再開されます*
`聖晶石 X 1
10月交換券(2024) X 1
`*妖精双六虫籠遊戯 まだ見ぬ完璧なあなたへ 開幕記念 ログインボーナス*
*開催期間中、1日1回 最大78回 ログインボーナスをプレゼント！*
`白銀の果実 X 1
`_2024-10-29 19:33:04_
--------
*db5310d98f17767619701f01b70a1e40*
`登陆天数: 58天 / 1672天
等级: 129
石头: 12
呼符: 0
体力: 43221.11 / 138
友情点: 0 / 1262995`
*連続ログイン2日目
※ログインが途切れるか、7日到達すると
1日目から再開されます*
`聖晶石 X 1
10月交換券(2024) X 1
`*妖精双六虫籠遊戯 まだ見ぬ完璧なあなたへ 開幕記念 ログインボーナス*
*開催期間中、1日1回 最大78回 ログインボーナスをプレゼント！*
`白銀の果実 X 1
`_2024-10-29 19:33:13_
--------
*85858777c7c06124b856aad27f70eca9*
`登陆天数: 58天 / 1718天
等级: 129
石头: 262
呼符: 0
体力: 44608.36666666667 / 138
友情点: 0 / 1373715`
*連続ログイン2日目
※ログインが途切れるか、7日到達すると
1日目から再開されます*
`聖晶石 X 1
10月交換券(2024) X 1
`*妖精双六虫籠遊戯 まだ見ぬ完璧なあなたへ 開幕記念 ログインボーナス*
*開催期間中、1日1回 最大78回 ログインボーナスをプレゼント！*
`白銀の果実 X 1
`_2024-10-29 19:33:21_
--------
*1da1212b135b434f5e326def19d5e428*
`登陆天数: 58天 / 1715天
等级: 129
石头: 503
呼符: 0
体力: 44625.56 / 138
友情点: 0 / 1386420`
*連続ログイン2日目
※ログインが途切れるか、7日到達すると
1日目から再開されます*
`聖晶石 X 1
10月交換券(2024) X 1
`*妖精双六虫籠遊戯 まだ見ぬ完璧なあなたへ 開幕記念 ログインボーナス*
*開催期間中、1日1回 最大78回 ログインボーナスをプレゼント！*
`白銀の果実 X 1
`_2024-10-29 19:33:31_
--------
*1a902bbc5519643f0e050c677ea7fe62*
`登陆天数: 58天 / 1743天
等级: 129
石头: 21
呼符: 0
体力: 43275.71666666667 / 138
友情点: 0 / 1396190`
*連続ログイン2日目
※ログインが途切れるか、7日到達すると
1日目から再開されます*
`聖晶石 X 1
10月交換券(2024) X 1
`*妖精双六虫籠遊戯 まだ見ぬ完璧なあなたへ 開幕記念 ログインボーナス*
*開催期間中、1日1回 最大78回 ログインボーナスをプレゼント！*
`白銀の果実 X 1
`_2024-10-29 19:33:40_
--------
*5de9e66b5ba9da9f403829f3cc4619cf*
`登陆天数: 58天 / 1711天
等级: 129
石头: 2012
呼符: 0
体力: 42943.20333333333 / 138
友情点: 0 / 1381310`
*連続ログイン2日目
※ログインが途切れるか、7日到達すると
1日目から再開されます*
`聖晶石 X 1
10月交換券(2024) X 1
`*妖精双六虫籠遊戯 まだ見ぬ完璧なあなたへ 開幕記念 ログインボーナス*
*開催期間中、1日1回 最大78回 ログインボーナスをプレゼント！*
`白銀の果実 X 1
`_2024-10-29 19:33:52_
--------
