【登录信息】
*dd8a2566a5b65de4395b4ad601c24b63*
`登陆天数: 59天 / 1744天
等级: 129
石头: 241
呼符: 2
体力: 18019.363333333335 / 138
友情点: 0 / 1385465`
*連続ログイン3日目
※ログインが途切れるか、7日到達すると
1日目から再開されます*
`叡智の業火 X 1
10月交換券(2024) X 1
`*秋の戦力増強キャンペーン特別ログインボーナス！*
*開催期間中、1日1回 最大7回 ログインボーナスをプレゼント！*
`叡智の業火 X 3
`_2024-10-30 19:32:25_
--------
*6d5ca542919ff7bd8aa39f1c722c144e*
`登陆天数: 59天 / 1696天
等级: 129
石头: 2540
呼符: 0
体力: 40530.77333333333 / 138
友情点: 0 / 1275595`
*連続ログイン3日目
※ログインが途切れるか、7日到達すると
1日目から再開されます*
`叡智の業火 X 1
10月交換券(2024) X 1
`*秋の戦力増強キャンペーン特別ログインボーナス！*
*開催期間中、1日1回 最大7回 ログインボーナスをプレゼント！*
`叡智の業火 X 3
`_2024-10-30 19:32:36_
--------
*1abe952f3d6bd604edb9f7f4a463035b*
`登陆天数: 59天 / 1743天
等级: 129
石头: 62
呼符: 0
体力: 44962.84 / 138
友情点: 0 / 1393645`
*連続ログイン3日目
※ログインが途切れるか、7日到達すると
1日目から再開されます*
`叡智の業火 X 1
10月交換券(2024) X 1
`*秋の戦力増強キャンペーン特別ログインボーナス！*
*開催期間中、1日1回 最大7回 ログインボーナスをプレゼント！*
`叡智の業火 X 3
`_2024-10-30 19:32:45_
--------
*1a902f4ba35e832fe58830625e6b0b6b*
`登陆天数: 59天 / 1722天
等级: 129
石头: 0
呼符: 0
体力: 43247.236666666664 / 138
友情点: 0 / 1388235`
*連続ログイン3日目
※ログインが途切れるか、7日到達すると
1日目から再開されます*
`叡智の業火 X 1
10月交換券(2024) X 1
`*秋の戦力増強キャンペーン特別ログインボーナス！*
*開催期間中、1日1回 最大7回 ログインボーナスをプレゼント！*
`叡智の業火 X 3
`_2024-10-30 19:32:54_
--------
*db5310d98f17767619701f01b70a1e40*
`登陆天数: 59天 / 1673天
等级: 129
石头: 12
呼符: 0
体力: 43509.08 / 138
友情点: 0 / 1262995`
*連続ログイン3日目
※ログインが途切れるか、7日到達すると
1日目から再開されます*
`叡智の業火 X 1
10月交換券(2024) X 1
`*秋の戦力増強キャンペーン特別ログインボーナス！*
*開催期間中、1日1回 最大7回 ログインボーナスをプレゼント！*
`叡智の業火 X 3
`_2024-10-30 19:33:03_
--------
*85858777c7c06124b856aad27f70eca9*
`登陆天数: 59天 / 1719天
等级: 129
石头: 262
呼符: 0
体力: 44896.33666666667 / 138
友情点: 0 / 1373715`
*連続ログイン3日目
※ログインが途切れるか、7日到達すると
1日目から再開されます*
`叡智の業火 X 1
10月交換券(2024) X 1
`*秋の戦力増強キャンペーン特別ログインボーナス！*
*開催期間中、1日1回 最大7回 ログインボーナスをプレゼント！*
`叡智の業火 X 3
`_2024-10-30 19:33:12_
--------
*1da1212b135b434f5e326def19d5e428*
`登陆天数: 59天 / 1716天
等级: 129
石头: 503
呼符: 0
体力: 44913.53 / 138
友情点: 0 / 1386420`
*連続ログイン3日目
※ログインが途切れるか、7日到達すると
1日目から再開されます*
`叡智の業火 X 1
10月交換券(2024) X 1
`*秋の戦力増強キャンペーン特別ログインボーナス！*
*開催期間中、1日1回 最大7回 ログインボーナスをプレゼント！*
`叡智の業火 X 3
`_2024-10-30 19:33:21_
--------
*1a902bbc5519643f0e050c677ea7fe62*
`登陆天数: 59天 / 1744天
等级: 129
石头: 21
呼符: 0
体力: 43563.68666666667 / 138
友情点: 0 / 1396190`
*連続ログイン3日目
※ログインが途切れるか、7日到達すると
1日目から再開されます*
`叡智の業火 X 1
10月交換券(2024) X 1
`*秋の戦力増強キャンペーン特別ログインボーナス！*
*開催期間中、1日1回 最大7回 ログインボーナスをプレゼント！*
`叡智の業火 X 3
`_2024-10-30 19:33:30_
--------
*5de9e66b5ba9da9f403829f3cc4619cf*
`登陆天数: 59天 / 1712天
等级: 129
石头: 2012
呼符: 0
体力: 43231.17333333333 / 138
友情点: 0 / 1381310`
*連続ログイン3日目
※ログインが途切れるか、7日到達すると
1日目から再開されます*
`叡智の業火 X 1
10月交換券(2024) X 1
`*秋の戦力増強キャンペーン特別ログインボーナス！*
*開催期間中、1日1回 最大7回 ログインボーナスをプレゼント！*
`叡智の業火 X 3
`_2024-10-30 19:33:42_
--------
